---------------------------------------------------------------
[ 2018-11-17T08:19:44+08:00 ] 127.0.0.1 GET localhost/gmis/public/admin/index/index
[è¿è¡Œæ—¶é—´ï¼š6.340882s] [ååç‡ï¼š0.16req/s] [å†…å­˜æ¶ˆè€—ï¼š6,713.77kb] [æ–‡ä»¶åŠ è½½ï¼š75]
[ info ] [ BEHAVIOR ] Run Closure @app_init [ RunTime:0.000847s ]
[ info ] [ CACHE ] INIT File
[ info ] [ BEHAVIOR ] Run Closure @app_init [ RunTime:0.250163s ]
[ info ] [ LANG ] C:\wamp64\www\gmis\thinkphp\lang\zh-cn.php
[ info ] [ ROUTE ] array (
  'type' => 'module',
  'module' => 
  array (
    0 => 'admin',
    1 => 'index',
    2 => 'index',
  ),
)
[ info ] [ HEADER ] array (
  'host' => 'localhost',
  'connection' => 'keep-alive',
  'cache-control' => 'max-age=0',
  'upgrade-insecure-requests' => '1',
  'user-agent' => 'Mozilla/5.0 (Windows NT 10.0; WOW64) AppleWebKit/537.36 (KHTML, like Gecko) Chrome/66.0.3359.139 Safari/537.36',
  'accept' => 'text/html,application/xhtml+xml,application/xml;q=0.9,image/webp,image/apng,*/*;q=0.8',
  'accept-encoding' => 'gzip, deflate, br',
  'accept-language' => 'zh-CN,zh;q=0.9',
  'cookie' => 'Hm_lvt_f8d0a8c400404989e195270b0bbf060a=1541938859,1541998545; PHPSESSID=so8nfefrq6b0pbf7k4vpk11p80',
)
[ info ] [ PARAM ] array (
)
[ info ] [ LANG ] C:\wamp64\www\gmis\public/../application/admin\lang\zh-cn.php
[ info ] [ BEHAVIOR ] Run app\common\behavior\Common @module_init [ RunTime:0.117725s ]
[ info ] [ SESSION ] INIT array (
  'id' => '',
  'var_session_id' => '',
  'prefix' => 'think',
  'type' => '',
  'auto_start' => true,
)
[ info ] [ LANG ] C:\wamp64\www\gmis\public/../application/admin/lang/zh-cn/index.php
[ info ] [ RUN ] app\admin\controller\Index->index[ C:\wamp64\www\gmis\application\admin\controller\Index.php ]
[ info ] [ DB ] INIT mysql
[ info ] [ LOG ] INIT File
[ error ] [2002]SQLSTATE[HY000] [2002] ÓÉÓÚÄ¿±ê¼ÆËã»ú»ı¼«¾Ü¾ø£¬ÎŞ·¨Á¬½Ó¡£
[C:\wamp64\www\gmis\thinkphp\library\think\db\Connection.php:295]
---------------------------------------------------------------
[ 2018-11-17T08:20:16+08:00 ] 0.0.0.0 GET localhost/gmis/public/admin/index/index
[è¿è¡Œæ—¶é—´ï¼š4.166395s] [ååç‡ï¼š0.24req/s] [å†…å­˜æ¶ˆè€—ï¼š7,444.32kb] [æ–‡ä»¶åŠ è½½ï¼š88]
[ info ] [ BEHAVIOR ] Run Closure @app_init [ RunTime:0.000204s ]
[ info ] [ CACHE ] INIT File
[ info ] [ BEHAVIOR ] Run Closure @app_init [ RunTime:0.015855s ]
[ info ] [ LANG ] C:\wamp64\www\gmis\thinkphp\lang\zh-cn.php
[ info ] [ ROUTE ] array (
  'type' => 'module',
  'module' => 
  array (
    0 => 'admin',
    1 => 'index',
    2 => 'index',
  ),
)
[ info ] [ HEADER ] array (
  'host' => 'localhost',
  'connection' => 'keep-alive',
  'cache-control' => 'max-age=0',
  'upgrade-insecure-requests' => '1',
  'user-agent' => 'Mozilla/5.0 (Windows NT 10.0; WOW64) AppleWebKit/537.36 (KHTML, like Gecko) Chrome/66.0.3359.139 Safari/537.36',
  'accept' => 'text/html,application/xhtml+xml,application/xml;q=0.9,image/webp,image/apng,*/*;q=0.8',
  'accept-encoding' => 'gzip, deflate, br',
  'accept-language' => 'zh-CN,zh;q=0.9',
  'cookie' => 'Hm_lvt_f8d0a8c400404989e195270b0bbf060a=1541938859,1541998545; PHPSESSID=so8nfefrq6b0pbf7k4vpk11p80',
)
[ info ] [ PARAM ] array (
)
[ info ] [ LANG ] C:\wamp64\www\gmis\public/../application/admin\lang\zh-cn.php
[ info ] [ BEHAVIOR ] Run app\common\behavior\Common @module_init [ RunTime:0.013151s ]
[ info ] [ SESSION ] INIT array (
  'id' => '',
  'var_session_id' => '',
  'prefix' => 'think',
  'type' => '',
  'auto_start' => true,
)
[ info ] [ LANG ] C:\wamp64\www\gmis\public/../application/admin/lang/zh-cn/index.php
[ info ] [ RUN ] app\admin\controller\Index->index[ C:\wamp64\www\gmis\application\admin\controller\Index.php ]
[ info ] [ DB ] INIT mysql
[ info ] [ VIEW ] C:\wamp64\www\gmis\public/../application/admin\view\index\index.html [ array (
  0 => 'breadcrumb',
  1 => 'site',
  2 => 'config',
  3 => 'auth',
  4 => 'admin',
  5 => 'menulist',
  6 => 'navlist',
  7 => 'fixedmenu',
  8 => 'referermenu',
  9 => 'title',
) ]
[ info ] [ BEHAVIOR ] Run app\admin\behavior\AdminLog @app_end [ RunTime:0.030667s ]
[ info ] [ LOG ] INIT File
[ sql ] [ DB ] CONNECT:[ UseTime:0.035458s ] mysql:host=127.0.0.1;dbname=gmisManage;charset=utf8
[ sql ] [ SQL ] SHOW COLUMNS FROM `gmis_auth_group_access` [ RunTime:0.040108s ]
[ sql ] [ SQL ] SELECT `aga`.`uid`,`aga`.`group_id`,`ag`.`id`,`ag`.`pid`,`ag`.`name`,`ag`.`rules` FROM `gmis_auth_group_access` `aga` LEFT JOIN `gmis_auth_group` `ag` ON `aga`.`group_id`=`ag`.`id` WHERE  (  aga.uid='1' and ag.status='normal' ) [ RunTime:0.019772s ]
[ sql ] [ SQL ] SHOW COLUMNS FROM `gmis_auth_rule` [ RunTime:0.021085s ]
[ sql ] [ SQL ] SELECT `id`,`pid`,`condition`,`icon`,`name`,`title`,`ismenu` FROM `gmis_auth_rule` WHERE  `status` = 'normal' [ RunTime:0.003448s ]
---------------------------------------------------------------
[ 2018-11-17T08:20:18+08:00 ] 0.0.0.0 GET localhost/gmis/public/admin/dashboard?addtabs=1
[è¿è¡Œæ—¶é—´ï¼š1.087894s] [ååç‡ï¼š0.92req/s] [å†…å­˜æ¶ˆè€—ï¼š7,096.73kb] [æ–‡ä»¶åŠ è½½ï¼š78]
[ info ] [ BEHAVIOR ] Run Closure @app_init [ RunTime:0.000199s ]
[ info ] [ CACHE ] INIT File
[ info ] [ BEHAVIOR ] Run Closure @app_init [ RunTime:0.015358s ]
[ info ] [ LANG ] C:\wamp64\www\gmis\thinkphp\lang\zh-cn.php
[ info ] [ ROUTE ] array (
  'type' => 'module',
  'module' => 
  array (
    0 => 'admin',
    1 => 'dashboard',
    2 => NULL,
  ),
)
[ info ] [ HEADER ] array (
  'host' => 'localhost',
  'connection' => 'keep-alive',
  'upgrade-insecure-requests' => '1',
  'user-agent' => 'Mozilla/5.0 (Windows NT 10.0; WOW64) AppleWebKit/537.36 (KHTML, like Gecko) Chrome/66.0.3359.139 Safari/537.36',
  'accept' => 'text/html,application/xhtml+xml,application/xml;q=0.9,image/webp,image/apng,*/*;q=0.8',
  'referer' => 'http://localhost/gmis/public/admin/index/index',
  'accept-encoding' => 'gzip, deflate, br',
  'accept-language' => 'zh-CN,zh;q=0.9',
  'cookie' => 'Hm_lvt_f8d0a8c400404989e195270b0bbf060a=1541938859,1541998545; PHPSESSID=so8nfefrq6b0pbf7k4vpk11p80',
)
[ info ] [ PARAM ] array (
  'addtabs' => '1',
)
[ info ] [ LANG ] C:\wamp64\www\gmis\public/../application/admin\lang\zh-cn.php
[ info ] [ BEHAVIOR ] Run app\common\behavior\Common @module_init [ RunTime:0.014668s ]
[ info ] [ SESSION ] INIT array (
  'id' => '',
  'var_session_id' => '',
  'prefix' => 'think',
  'type' => '',
  'auto_start' => true,
)
[ info ] [ DB ] INIT mysql
[ info ] [ LANG ] C:\wamp64\www\gmis\public/../application/admin/lang/zh-cn/dashboard.php
[ info ] [ RUN ] app\admin\controller\Dashboard->index[ C:\wamp64\www\gmis\application\admin\controller\Dashboard.php ]
[ info ] [ VIEW ] C:\wamp64\www\gmis\public/../application/admin\view\dashboard\index.html [ array (
  0 => 'breadcrumb',
  1 => 'site',
  2 => 'config',
  3 => 'auth',
  4 => 'admin',
  5 => 'totaluser',
  6 => 'totalviews',
  7 => 'totalorder',
  8 => 'totalorderamount',
  9 => 'todayuserlogin',
  10 => 'todayusersignup',
  11 => 'todayorder',
  12 => 'unsettleorder',
  13 => 'sevendnu',
  14 => 'sevendau',
  15 => 'paylist',
  16 => 'createlist',
  17 => 'addonversion',
  18 => 'uploadmode',
) ]
[ info ] [ BEHAVIOR ] Run app\admin\behavior\AdminLog @app_end [ RunTime:0.008746s ]
[ info ] [ LOG ] INIT File
[ sql ] [ DB ] CONNECT:[ UseTime:0.012648s ] mysql:host=127.0.0.1;dbname=gmisManage;charset=utf8
[ sql ] [ SQL ] SHOW COLUMNS FROM `gmis_auth_group_access` [ RunTime:0.019715s ]
[ sql ] [ SQL ] SELECT `aga`.`uid`,`aga`.`group_id`,`ag`.`id`,`ag`.`pid`,`ag`.`name`,`ag`.`rules` FROM `gmis_auth_group_access` `aga` LEFT JOIN `gmis_auth_group` `ag` ON `aga`.`group_id`=`ag`.`id` WHERE  (  aga.uid='1' and ag.status='normal' ) [ RunTime:0.020005s ]
[ sql ] [ SQL ] SHOW COLUMNS FROM `gmis_auth_rule` [ RunTime:0.020601s ]
[ sql ] [ SQL ] SELECT `id`,`pid`,`condition`,`icon`,`name`,`title`,`ismenu` FROM `gmis_auth_rule` WHERE  `status` = 'normal' [ RunTime:0.003417s ]
[ sql ] [ SQL ] SELECT `title`,`remark` FROM `gmis_auth_rule` WHERE  `name` = 'dashboard' LIMIT 1 [ RunTime:0.002043s ]
---------------------------------------------------------------
[ 2018-11-17T08:20:19+08:00 ] 0.0.0.0 GET localhost/gmis/public/admin/ajax/lang?callback=define&controllername=index&v=1542414012
[è¿è¡Œæ—¶é—´ï¼š0.625871s] [ååç‡ï¼š1.60req/s] [å†…å­˜æ¶ˆè€—ï¼š5,340.69kb] [æ–‡ä»¶åŠ è½½ï¼š69]
[ info ] [ BEHAVIOR ] Run Closure @app_init [ RunTime:0.000515s ]
[ info ] [ CACHE ] INIT File
[ info ] [ BEHAVIOR ] Run Closure @app_init [ RunTime:0.022529s ]
[ info ] [ LANG ] C:\wamp64\www\gmis\thinkphp\lang\zh-cn.php
[ info ] [ ROUTE ] array (
  'type' => 'module',
  'module' => 
  array (
    0 => 'admin',
    1 => 'ajax',
    2 => 'lang',
  ),
)
[ info ] [ HEADER ] array (
  'host' => 'localhost',
  'connection' => 'keep-alive',
  'user-agent' => 'Mozilla/5.0 (Windows NT 10.0; WOW64) AppleWebKit/537.36 (KHTML, like Gecko) Chrome/66.0.3359.139 Safari/537.36',
  'accept' => '*/*',
  'referer' => 'http://localhost/gmis/public/admin/index/index',
  'accept-encoding' => 'gzip, deflate, br',
  'accept-language' => 'zh-CN,zh;q=0.9',
  'cookie' => 'Hm_lvt_f8d0a8c400404989e195270b0bbf060a=1541938859,1541998545; PHPSESSID=so8nfefrq6b0pbf7k4vpk11p80',
)
[ info ] [ PARAM ] array (
  'callback' => 'define',
  'controllername' => 'index',
  'v' => '1542414012',
)
[ info ] [ LANG ] C:\wamp64\www\gmis\public/../application/admin\lang\zh-cn.php
[ info ] [ BEHAVIOR ] Run app\common\behavior\Common @module_init [ RunTime:0.019883s ]
[ info ] [ SESSION ] INIT array (
  'id' => '',
  'var_session_id' => '',
  'prefix' => 'think',
  'type' => '',
  'auto_start' => true,
)
[ info ] [ LANG ] C:\wamp64\www\gmis\public/../application/admin/lang/zh-cn/ajax.php
[ info ] [ RUN ] app\admin\controller\Ajax->lang[ C:\wamp64\www\gmis\application\admin\controller\Ajax.php ]
[ info ] [ LANG ] C:\wamp64\www\gmis\public/../application/admin/lang/zh-cn/index.php
[ info ] [ BEHAVIOR ] Run app\admin\behavior\AdminLog @app_end [ RunTime:0.009555s ]
[ info ] [ LOG ] INIT File
---------------------------------------------------------------
[ 2018-11-17T08:20:19+08:00 ] 0.0.0.0 GET localhost/gmis/public/admin/ajax/lang?callback=define&controllername=dashboard&v=1542414017
[è¿è¡Œæ—¶é—´ï¼š0.557429s] [ååç‡ï¼š1.79req/s] [å†…å­˜æ¶ˆè€—ï¼š5,338.17kb] [æ–‡ä»¶åŠ è½½ï¼š69]
[ info ] [ BEHAVIOR ] Run Closure @app_init [ RunTime:0.000426s ]
[ info ] [ CACHE ] INIT File
[ info ] [ BEHAVIOR ] Run Closure @app_init [ RunTime:0.021468s ]
[ info ] [ LANG ] C:\wamp64\www\gmis\thinkphp\lang\zh-cn.php
[ info ] [ ROUTE ] array (
  'type' => 'module',
  'module' => 
  array (
    0 => 'admin',
    1 => 'ajax',
    2 => 'lang',
  ),
)
[ info ] [ HEADER ] array (
  'host' => 'localhost',
  'connection' => 'keep-alive',
  'user-agent' => 'Mozilla/5.0 (Windows NT 10.0; WOW64) AppleWebKit/537.36 (KHTML, like Gecko) Chrome/66.0.3359.139 Safari/537.36',
  'accept' => '*/*',
  'referer' => 'http://localhost/gmis/public/admin/dashboard?addtabs=1',
  'accept-encoding' => 'gzip, deflate, br',
  'accept-language' => 'zh-CN,zh;q=0.9',
  'cookie' => 'Hm_lvt_f8d0a8c400404989e195270b0bbf060a=1541938859,1541998545; PHPSESSID=so8nfefrq6b0pbf7k4vpk11p80',
)
[ info ] [ PARAM ] array (
  'callback' => 'define',
  'controllername' => 'dashboard',
  'v' => '1542414017',
)
[ info ] [ LANG ] C:\wamp64\www\gmis\public/../application/admin\lang\zh-cn.php
[ info ] [ BEHAVIOR ] Run app\common\behavior\Common @module_init [ RunTime:0.019111s ]
[ info ] [ SESSION ] INIT array (
  'id' => '',
  'var_session_id' => '',
  'prefix' => 'think',
  'type' => '',
  'auto_start' => true,
)
[ info ] [ LANG ] C:\wamp64\www\gmis\public/../application/admin/lang/zh-cn/ajax.php
[ info ] [ RUN ] app\admin\controller\Ajax->lang[ C:\wamp64\www\gmis\application\admin\controller\Ajax.php ]
[ info ] [ LANG ] C:\wamp64\www\gmis\public/../application/admin/lang/zh-cn/dashboard.php
[ info ] [ BEHAVIOR ] Run app\admin\behavior\AdminLog @app_end [ RunTime:0.014984s ]
[ info ] [ LOG ] INIT File
---------------------------------------------------------------
[ 2018-11-17T09:58:53+08:00 ] 0.0.0.0 GET localhost/gmis/public/
[è¿è¡Œæ—¶é—´ï¼š0.645603s] [ååç‡ï¼š1.55req/s] [å†…å­˜æ¶ˆè€—ï¼š4,014.32kb] [æ–‡ä»¶åŠ è½½ï¼š60]
[ info ] [ BEHAVIOR ] Run Closure @app_init [ RunTime:0.000350s ]
[ info ] [ CACHE ] INIT File
[ info ] [ BEHAVIOR ] Run Closure @app_init [ RunTime:0.023894s ]
[ info ] [ LANG ] C:\wamp64\www\gmis\thinkphp\lang\zh-cn.php
[ info ] [ ROUTE ] array (
  'type' => 'module',
  'module' => 
  array (
    0 => '',
    1 => NULL,
    2 => NULL,
  ),
)
[ info ] [ HEADER ] array (
  'host' => 'localhost',
  'connection' => 'keep-alive',
  'upgrade-insecure-requests' => '1',
  'user-agent' => 'Mozilla/5.0 (Windows NT 10.0; WOW64) AppleWebKit/537.36 (KHTML, like Gecko) Chrome/66.0.3359.139 Safari/537.36',
  'accept' => 'text/html,application/xhtml+xml,application/xml;q=0.9,image/webp,image/apng,*/*;q=0.8',
  'referer' => 'http://localhost/gmis/',
  'accept-encoding' => 'gzip, deflate, br',
  'accept-language' => 'zh-CN,zh;q=0.9',
)
[ info ] [ PARAM ] array (
)
[ info ] [ LANG ] C:\wamp64\www\gmis\public/../application/index\lang\zh-cn.php
[ info ] [ BEHAVIOR ] Run app\common\behavior\Common @module_init [ RunTime:0.017259s ]
[ info ] [ SESSION ] INIT array (
  'id' => '',
  'var_session_id' => '',
  'prefix' => 'think',
  'type' => '',
  'auto_start' => true,
)
[ info ] [ VIEW ] C:\wamp64\www\gmis\public/../application/common\view\tpl\dispatch_jump.tpl [ array (
  0 => 'code',
  1 => 'msg',
  2 => 'data',
  3 => 'url',
  4 => 'wait',
) ]
[ info ] [ LOG ] INIT File
---------------------------------------------------------------
[ 2018-11-17T09:58:55+08:00 ] 0.0.0.0 GET localhost/gmis/public/index/login/index.html
[è¿è¡Œæ—¶é—´ï¼š0.377640s] [ååç‡ï¼š2.65req/s] [å†…å­˜æ¶ˆè€—ï¼š3,890.76kb] [æ–‡ä»¶åŠ è½½ï¼š56]
[ info ] [ BEHAVIOR ] Run Closure @app_init [ RunTime:0.000284s ]
[ info ] [ CACHE ] INIT File
[ info ] [ BEHAVIOR ] Run Closure @app_init [ RunTime:0.021029s ]
[ info ] [ LANG ] C:\wamp64\www\gmis\thinkphp\lang\zh-cn.php
[ info ] [ ROUTE ] array (
  'type' => 'module',
  'module' => 
  array (
    0 => 'index',
    1 => 'login',
    2 => 'index',
  ),
)
[ info ] [ HEADER ] array (
  'host' => 'localhost',
  'connection' => 'keep-alive',
  'upgrade-insecure-requests' => '1',
  'user-agent' => 'Mozilla/5.0 (Windows NT 10.0; WOW64) AppleWebKit/537.36 (KHTML, like Gecko) Chrome/66.0.3359.139 Safari/537.36',
  'accept' => 'text/html,application/xhtml+xml,application/xml;q=0.9,image/webp,image/apng,*/*;q=0.8',
  'referer' => 'http://localhost/gmis/public/',
  'accept-encoding' => 'gzip, deflate, br',
  'accept-language' => 'zh-CN,zh;q=0.9',
  'cookie' => 'PHPSESSID=u61546tg4mk7d2rjd8o5snavc6',
)
[ info ] [ PARAM ] array (
)
[ info ] [ LANG ] C:\wamp64\www\gmis\public/../application/index\lang\zh-cn.php
[ info ] [ BEHAVIOR ] Run app\common\behavior\Common @module_init [ RunTime:0.017131s ]
[ info ] [ RUN ] app\index\controller\Login->index[ C:\wamp64\www\gmis\application\index\controller\Login.php ]
[ info ] [ LOG ] INIT File
---------------------------------------------------------------
[ 2018-11-17T09:59:08+08:00 ] 0.0.0.0 GET localhost/gmis/public/index/login/login
[è¿è¡Œæ—¶é—´ï¼š0.458651s] [ååç‡ï¼š2.18req/s] [å†…å­˜æ¶ˆè€—ï¼š6,048.62kb] [æ–‡ä»¶åŠ è½½ï¼š67]
[ info ] [ BEHAVIOR ] Run Closure @app_init [ RunTime:0.000222s ]
[ info ] [ CACHE ] INIT File
[ info ] [ BEHAVIOR ] Run Closure @app_init [ RunTime:0.017466s ]
[ info ] [ LANG ] C:\wamp64\www\gmis\thinkphp\lang\zh-cn.php
[ info ] [ ROUTE ] array (
  'type' => 'module',
  'module' => 
  array (
    0 => 'index',
    1 => 'login',
    2 => 'login',
  ),
)
[ info ] [ HEADER ] array (
  'host' => 'localhost',
  'connection' => 'keep-alive',
  'upgrade-insecure-requests' => '1',
  'user-agent' => 'Mozilla/5.0 (Windows NT 10.0; WOW64) AppleWebKit/537.36 (KHTML, like Gecko) Chrome/66.0.3359.139 Safari/537.36',
  'accept' => 'text/html,application/xhtml+xml,application/xml;q=0.9,image/webp,image/apng,*/*;q=0.8',
  'accept-encoding' => 'gzip, deflate, br',
  'accept-language' => 'zh-CN,zh;q=0.9',
  'cookie' => 'PHPSESSID=u61546tg4mk7d2rjd8o5snavc6',
)
[ info ] [ PARAM ] array (
)
[ info ] [ LANG ] C:\wamp64\www\gmis\public/../application/index\lang\zh-cn.php
[ info ] [ BEHAVIOR ] Run app\common\behavior\Common @module_init [ RunTime:0.011510s ]
[ info ] [ RUN ] app\index\controller\Login->login[ C:\wamp64\www\gmis\application\index\controller\Login.php ]
[ info ] [ DB ] INIT mysql
[ info ] [ VIEW ] C:\wamp64\www\gmis\public/../application/common\view\tpl\dispatch_jump.tpl [ array (
  0 => 'code',
  1 => 'msg',
  2 => 'data',
  3 => 'url',
  4 => 'wait',
) ]
[ info ] [ LOG ] INIT File
[ sql ] [ DB ] CONNECT:[ UseTime:0.004519s ] mysql:host=127.0.0.1;dbname=gmisManage;charset=utf8
[ sql ] [ SQL ] SHOW COLUMNS FROM `gmis_student` [ RunTime:0.028700s ]
[ sql ] [ SQL ] SELECT * FROM `gmis_student` WHERE  `stuidcard` = '201509010110' LIMIT 1 [ RunTime:0.002217s ]
---------------------------------------------------------------
[ 2018-11-17T09:59:12+08:00 ] 0.0.0.0 GET localhost/gmis/public/index/index/index.html
[è¿è¡Œæ—¶é—´ï¼š0.304654s] [ååç‡ï¼š3.28req/s] [å†…å­˜æ¶ˆè€—ï¼š4,019.13kb] [æ–‡ä»¶åŠ è½½ï¼š60]
[ info ] [ BEHAVIOR ] Run Closure @app_init [ RunTime:0.000252s ]
[ info ] [ CACHE ] INIT File
[ info ] [ BEHAVIOR ] Run Closure @app_init [ RunTime:0.018041s ]
[ info ] [ LANG ] C:\wamp64\www\gmis\thinkphp\lang\zh-cn.php
[ info ] [ ROUTE ] array (
  'type' => 'module',
  'module' => 
  array (
    0 => 'index',
    1 => 'index',
    2 => 'index',
  ),
)
[ info ] [ HEADER ] array (
  'host' => 'localhost',
  'connection' => 'keep-alive',
  'upgrade-insecure-requests' => '1',
  'user-agent' => 'Mozilla/5.0 (Windows NT 10.0; WOW64) AppleWebKit/537.36 (KHTML, like Gecko) Chrome/66.0.3359.139 Safari/537.36',
  'accept' => 'text/html,application/xhtml+xml,application/xml;q=0.9,image/webp,image/apng,*/*;q=0.8',
  'referer' => 'http://localhost/gmis/public/index/login/login',
  'accept-encoding' => 'gzip, deflate, br',
  'accept-language' => 'zh-CN,zh;q=0.9',
  'cookie' => 'PHPSESSID=u61546tg4mk7d2rjd8o5snavc6',
)
[ info ] [ PARAM ] array (
)
[ info ] [ LANG ] C:\wamp64\www\gmis\public/../application/index\lang\zh-cn.php
[ info ] [ BEHAVIOR ] Run app\common\behavior\Common @module_init [ RunTime:0.013720s ]
[ info ] [ SESSION ] INIT array (
  'id' => '',
  'var_session_id' => '',
  'prefix' => 'think',
  'type' => '',
  'auto_start' => true,
)
[ info ] [ VIEW ] C:\wamp64\www\gmis\public/../application/common\view\tpl\dispatch_jump.tpl [ array (
  0 => 'code',
  1 => 'msg',
  2 => 'data',
  3 => 'url',
  4 => 'wait',
) ]
[ info ] [ LOG ] INIT File
---------------------------------------------------------------
[ 2018-11-17T09:59:16+08:00 ] 0.0.0.0 GET localhost/gmis/public/index/login/index.html
[è¿è¡Œæ—¶é—´ï¼š0.817197s] [ååç‡ï¼š1.22req/s] [å†…å­˜æ¶ˆè€—ï¼š3,890.80kb] [æ–‡ä»¶åŠ è½½ï¼š56]
[ info ] [ BEHAVIOR ] Run Closure @app_init [ RunTime:0.000419s ]
[ info ] [ CACHE ] INIT File
[ info ] [ BEHAVIOR ] Run Closure @app_init [ RunTime:0.040601s ]
[ info ] [ LANG ] C:\wamp64\www\gmis\thinkphp\lang\zh-cn.php
[ info ] [ ROUTE ] array (
  'type' => 'module',
  'module' => 
  array (
    0 => 'index',
    1 => 'login',
    2 => 'index',
  ),
)
[ info ] [ HEADER ] array (
  'host' => 'localhost',
  'connection' => 'keep-alive',
  'upgrade-insecure-requests' => '1',
  'user-agent' => 'Mozilla/5.0 (Windows NT 10.0; WOW64) AppleWebKit/537.36 (KHTML, like Gecko) Chrome/66.0.3359.139 Safari/537.36',
  'accept' => 'text/html,application/xhtml+xml,application/xml;q=0.9,image/webp,image/apng,*/*;q=0.8',
  'referer' => 'http://localhost/gmis/public/index/index/index.html',
  'accept-encoding' => 'gzip, deflate, br',
  'accept-language' => 'zh-CN,zh;q=0.9',
  'cookie' => 'PHPSESSID=u61546tg4mk7d2rjd8o5snavc6',
)
[ info ] [ PARAM ] array (
)
[ info ] [ LANG ] C:\wamp64\www\gmis\public/../application/index\lang\zh-cn.php
[ info ] [ BEHAVIOR ] Run app\common\behavior\Common @module_init [ RunTime:0.034264s ]
[ info ] [ RUN ] app\index\controller\Login->index[ C:\wamp64\www\gmis\application\index\controller\Login.php ]
[ info ] [ LOG ] INIT File
---------------------------------------------------------------
[ 2018-11-17T09:59:21+08:00 ] 0.0.0.0 GET localhost/gmis/public/index/login/login
[è¿è¡Œæ—¶é—´ï¼š0.544079s] [ååç‡ï¼š1.84req/s] [å†…å­˜æ¶ˆè€—ï¼š6,051.60kb] [æ–‡ä»¶åŠ è½½ï¼š67]
[ info ] [ BEHAVIOR ] Run Closure @app_init [ RunTime:0.000631s ]
[ info ] [ CACHE ] INIT File
[ info ] [ BEHAVIOR ] Run Closure @app_init [ RunTime:0.025992s ]
[ info ] [ LANG ] C:\wamp64\www\gmis\thinkphp\lang\zh-cn.php
[ info ] [ ROUTE ] array (
  'type' => 'module',
  'module' => 
  array (
    0 => 'index',
    1 => 'login',
    2 => 'login',
  ),
)
[ info ] [ HEADER ] array (
  'host' => 'localhost',
  'connection' => 'keep-alive',
  'upgrade-insecure-requests' => '1',
  'user-agent' => 'Mozilla/5.0 (Windows NT 10.0; WOW64) AppleWebKit/537.36 (KHTML, like Gecko) Chrome/66.0.3359.139 Safari/537.36',
  'accept' => 'text/html,application/xhtml+xml,application/xml;q=0.9,image/webp,image/apng,*/*;q=0.8',
  'accept-encoding' => 'gzip, deflate, br',
  'accept-language' => 'zh-CN,zh;q=0.9',
  'cookie' => 'PHPSESSID=u61546tg4mk7d2rjd8o5snavc6',
)
[ info ] [ PARAM ] array (
)
[ info ] [ LANG ] C:\wamp64\www\gmis\public/../application/index\lang\zh-cn.php
[ info ] [ BEHAVIOR ] Run app\common\behavior\Common @module_init [ RunTime:0.013717s ]
[ info ] [ RUN ] app\index\controller\Login->login[ C:\wamp64\www\gmis\application\index\controller\Login.php ]
[ info ] [ DB ] INIT mysql
[ info ] [ SESSION ] INIT array (
  'id' => '',
  'var_session_id' => '',
  'prefix' => 'think',
  'type' => '',
  'auto_start' => true,
)
[ info ] [ VIEW ] C:\wamp64\www\gmis\public/../application/common\view\tpl\dispatch_jump.tpl [ array (
  0 => 'code',
  1 => 'msg',
  2 => 'data',
  3 => 'url',
  4 => 'wait',
) ]
[ info ] [ LOG ] INIT File
[ sql ] [ DB ] CONNECT:[ UseTime:0.005272s ] mysql:host=127.0.0.1;dbname=gmisManage;charset=utf8
[ sql ] [ SQL ] SHOW COLUMNS FROM `gmis_student` [ RunTime:0.023311s ]
[ sql ] [ SQL ] SELECT * FROM `gmis_student` WHERE  `stuidcard` = '201509010110' LIMIT 1 [ RunTime:0.002440s ]
---------------------------------------------------------------
[ 2018-11-17T09:59:23+08:00 ] 0.0.0.0 GET localhost/gmis/public/index/index/index.html
[è¿è¡Œæ—¶é—´ï¼š0.385970s] [ååç‡ï¼š2.59req/s] [å†…å­˜æ¶ˆè€—ï¼š3,894.78kb] [æ–‡ä»¶åŠ è½½ï¼š58]
[ info ] [ BEHAVIOR ] Run Closure @app_init [ RunTime:0.000272s ]
[ info ] [ CACHE ] INIT File
[ info ] [ BEHAVIOR ] Run Closure @app_init [ RunTime:0.024813s ]
[ info ] [ LANG ] C:\wamp64\www\gmis\thinkphp\lang\zh-cn.php
[ info ] [ ROUTE ] array (
  'type' => 'module',
  'module' => 
  array (
    0 => 'index',
    1 => 'index',
    2 => 'index',
  ),
)
[ info ] [ HEADER ] array (
  'host' => 'localhost',
  'connection' => 'keep-alive',
  'upgrade-insecure-requests' => '1',
  'user-agent' => 'Mozilla/5.0 (Windows NT 10.0; WOW64) AppleWebKit/537.36 (KHTML, like Gecko) Chrome/66.0.3359.139 Safari/537.36',
  'accept' => 'text/html,application/xhtml+xml,application/xml;q=0.9,image/webp,image/apng,*/*;q=0.8',
  'referer' => 'http://localhost/gmis/public/index/login/login',
  'accept-encoding' => 'gzip, deflate, br',
  'accept-language' => 'zh-CN,zh;q=0.9',
  'cookie' => 'PHPSESSID=u61546tg4mk7d2rjd8o5snavc6',
)
[ info ] [ PARAM ] array (
)
[ info ] [ LANG ] C:\wamp64\www\gmis\public/../application/index\lang\zh-cn.php
[ info ] [ BEHAVIOR ] Run app\common\behavior\Common @module_init [ RunTime:0.014824s ]
[ info ] [ SESSION ] INIT array (
  'id' => '',
  'var_session_id' => '',
  'prefix' => 'think',
  'type' => '',
  'auto_start' => true,
)
[ info ] [ RUN ] app\index\controller\Index->index[ C:\wamp64\www\gmis\application\index\controller\Index.php ]
[ info ] [ VIEW ] C:\wamp64\www\gmis\public/../application/index\view\user\login.html [ array (
) ]
[ info ] [ LOG ] INIT File
---------------------------------------------------------------
[ 2018-11-17T09:59:27+08:00 ] 0.0.0.0 GET localhost/gmis/public/admin/dashboard?ref=addtabs
[è¿è¡Œæ—¶é—´ï¼š0.489477s] [ååç‡ï¼š2.04req/s] [å†…å­˜æ¶ˆè€—ï¼š4,608.50kb] [æ–‡ä»¶åŠ è½½ï¼š66]
[ info ] [ BEHAVIOR ] Run Closure @app_init [ RunTime:0.000386s ]
[ info ] [ CACHE ] INIT File
[ info ] [ BEHAVIOR ] Run Closure @app_init [ RunTime:0.026978s ]
[ info ] [ LANG ] C:\wamp64\www\gmis\thinkphp\lang\zh-cn.php
[ info ] [ ROUTE ] array (
  'type' => 'module',
  'module' => 
  array (
    0 => 'admin',
    1 => 'dashboard',
    2 => NULL,
  ),
)
[ info ] [ HEADER ] array (
  'host' => 'localhost',
  'connection' => 'keep-alive',
  'cache-control' => 'max-age=0',
  'upgrade-insecure-requests' => '1',
  'user-agent' => 'Mozilla/5.0 (Windows NT 10.0; WOW64) AppleWebKit/537.36 (KHTML, like Gecko) Chrome/66.0.3359.139 Safari/537.36',
  'accept' => 'text/html,application/xhtml+xml,application/xml;q=0.9,image/webp,image/apng,*/*;q=0.8',
  'accept-encoding' => 'gzip, deflate, br',
  'accept-language' => 'zh-CN,zh;q=0.9',
  'cookie' => 'PHPSESSID=u61546tg4mk7d2rjd8o5snavc6',
)
[ info ] [ PARAM ] array (
  'ref' => 'addtabs',
)
[ info ] [ LANG ] C:\wamp64\www\gmis\public/../application/admin\lang\zh-cn.php
[ info ] [ BEHAVIOR ] Run app\common\behavior\Common @module_init [ RunTime:0.015345s ]
[ info ] [ SESSION ] INIT array (
  'id' => '',
  'var_session_id' => '',
  'prefix' => 'think',
  'type' => '',
  'auto_start' => true,
)
[ info ] [ VIEW ] C:\wamp64\www\gmis\public/../application/common\view\tpl\dispatch_jump.tpl [ array (
  0 => 'code',
  1 => 'msg',
  2 => 'data',
  3 => 'url',
  4 => 'wait',
) ]
[ info ] [ BEHAVIOR ] Run app\admin\behavior\AdminLog @app_end [ RunTime:0.009899s ]
[ info ] [ LOG ] INIT File
---------------------------------------------------------------
[ 2018-11-17T09:59:29+08:00 ] 0.0.0.0 GET localhost/gmis/public/admin/index/login?url=%2Fgmis%2Fpublic%2Fadmin%2Fdashboard%3Fref%3Daddtabs
[è¿è¡Œæ—¶é—´ï¼š0.740722s] [ååç‡ï¼š1.35req/s] [å†…å­˜æ¶ˆè€—ï¼š5,327.00kb] [æ–‡ä»¶åŠ è½½ï¼š69]
[ info ] [ BEHAVIOR ] Run Closure @app_init [ RunTime:0.000279s ]
[ info ] [ CACHE ] INIT File
[ info ] [ BEHAVIOR ] Run Closure @app_init [ RunTime:0.023092s ]
[ info ] [ LANG ] C:\wamp64\www\gmis\thinkphp\lang\zh-cn.php
[ info ] [ ROUTE ] array (
  'type' => 'module',
  'module' => 
  array (
    0 => 'admin',
    1 => 'index',
    2 => 'login',
  ),
)
[ info ] [ HEADER ] array (
  'host' => 'localhost',
  'connection' => 'keep-alive',
  'upgrade-insecure-requests' => '1',
  'user-agent' => 'Mozilla/5.0 (Windows NT 10.0; WOW64) AppleWebKit/537.36 (KHTML, like Gecko) Chrome/66.0.3359.139 Safari/537.36',
  'accept' => 'text/html,application/xhtml+xml,application/xml;q=0.9,image/webp,image/apng,*/*;q=0.8',
  'referer' => 'http://localhost/gmis/public/admin/dashboard?ref=addtabs',
  'accept-encoding' => 'gzip, deflate, br',
  'accept-language' => 'zh-CN,zh;q=0.9',
  'cookie' => 'PHPSESSID=u61546tg4mk7d2rjd8o5snavc6',
)
[ info ] [ PARAM ] array (
  'url' => '/gmis/public/admin/dashboard?ref=addtabs',
)
[ info ] [ LANG ] C:\wamp64\www\gmis\public/../application/admin\lang\zh-cn.php
[ info ] [ BEHAVIOR ] Run app\common\behavior\Common @module_init [ RunTime:0.014846s ]
[ info ] [ SESSION ] INIT array (
  'id' => '',
  'var_session_id' => '',
  'prefix' => 'think',
  'type' => '',
  'auto_start' => true,
)
[ info ] [ LANG ] C:\wamp64\www\gmis\public/../application/admin/lang/zh-cn/index.php
[ info ] [ RUN ] app\admin\controller\Index->login[ C:\wamp64\www\gmis\application\admin\controller\Index.php ]
[ info ] [ VIEW ] C:\wamp64\www\gmis\public/../application/admin\view\index\login.html [ array (
  0 => 'breadcrumb',
  1 => 'site',
  2 => 'config',
  3 => 'auth',
  4 => 'admin',
  5 => 'background',
  6 => 'title',
) ]
[ info ] [ BEHAVIOR ] Run app\admin\behavior\AdminLog @app_end [ RunTime:0.015309s ]
[ info ] [ LOG ] INIT File
---------------------------------------------------------------
[ 2018-11-17T09:59:31+08:00 ] 0.0.0.0 GET localhost/gmis/public/admin/ajax/lang?callback=define&controllername=index&v=1542419968
[è¿è¡Œæ—¶é—´ï¼š0.604894s] [ååç‡ï¼š1.65req/s] [å†…å­˜æ¶ˆè€—ï¼š5,338.40kb] [æ–‡ä»¶åŠ è½½ï¼š69]
[ info ] [ BEHAVIOR ] Run Closure @app_init [ RunTime:0.000413s ]
[ info ] [ CACHE ] INIT File
[ info ] [ BEHAVIOR ] Run Closure @app_init [ RunTime:0.026991s ]
[ info ] [ LANG ] C:\wamp64\www\gmis\thinkphp\lang\zh-cn.php
[ info ] [ ROUTE ] array (
  'type' => 'module',
  'module' => 
  array (
    0 => 'admin',
    1 => 'ajax',
    2 => 'lang',
  ),
)
[ info ] [ HEADER ] array (
  'host' => 'localhost',
  'connection' => 'keep-alive',
  'user-agent' => 'Mozilla/5.0 (Windows NT 10.0; WOW64) AppleWebKit/537.36 (KHTML, like Gecko) Chrome/66.0.3359.139 Safari/537.36',
  'accept' => '*/*',
  'referer' => 'http://localhost/gmis/public/admin/index/login?url=%2Fgmis%2Fpublic%2Fadmin%2Fdashboard%3Fref%3Daddtabs',
  'accept-encoding' => 'gzip, deflate, br',
  'accept-language' => 'zh-CN,zh;q=0.9',
  'cookie' => 'PHPSESSID=u61546tg4mk7d2rjd8o5snavc6',
)
[ info ] [ PARAM ] array (
  'callback' => 'define',
  'controllername' => 'index',
  'v' => '1542419968',
)
[ info ] [ LANG ] C:\wamp64\www\gmis\public/../application/admin\lang\zh-cn.php
[ info ] [ BEHAVIOR ] Run app\common\behavior\Common @module_init [ RunTime:0.023121s ]
[ info ] [ SESSION ] INIT array (
  'id' => '',
  'var_session_id' => '',
  'prefix' => 'think',
  'type' => '',
  'auto_start' => true,
)
[ info ] [ LANG ] C:\wamp64\www\gmis\public/../application/admin/lang/zh-cn/ajax.php
[ info ] [ RUN ] app\admin\controller\Ajax->lang[ C:\wamp64\www\gmis\application\admin\controller\Ajax.php ]
[ info ] [ LANG ] C:\wamp64\www\gmis\public/../application/admin/lang/zh-cn/index.php
[ info ] [ BEHAVIOR ] Run app\admin\behavior\AdminLog @app_end [ RunTime:0.014111s ]
[ info ] [ LOG ] INIT File
---------------------------------------------------------------
[ 2018-11-17T09:59:37+08:00 ] 0.0.0.0 POST localhost/gmis/public/admin/index/login?url=%2Fgmis%2Fpublic%2Fadmin%2Fdashboard%3Fref%3Daddtabs
[è¿è¡Œæ—¶é—´ï¼š0.898696s] [ååç‡ï¼š1.11req/s] [å†…å­˜æ¶ˆè€—ï¼š6,883.20kb] [æ–‡ä»¶åŠ è½½ï¼š78]
[ info ] [ BEHAVIOR ] Run Closure @app_init [ RunTime:0.000398s ]
[ info ] [ CACHE ] INIT File
[ info ] [ BEHAVIOR ] Run Closure @app_init [ RunTime:0.025140s ]
[ info ] [ LANG ] C:\wamp64\www\gmis\thinkphp\lang\zh-cn.php
[ info ] [ ROUTE ] array (
  'type' => 'module',
  'module' => 
  array (
    0 => 'admin',
    1 => 'index',
    2 => 'login',
  ),
)
[ info ] [ HEADER ] array (
  'host' => 'localhost',
  'connection' => 'keep-alive',
  'content-length' => '77',
  'accept' => 'application/json, text/javascript, */*; q=0.01',
  'origin' => 'http://localhost',
  'x-requested-with' => 'XMLHttpRequest',
  'user-agent' => 'Mozilla/5.0 (Windows NT 10.0; WOW64) AppleWebKit/537.36 (KHTML, like Gecko) Chrome/66.0.3359.139 Safari/537.36',
  'content-type' => 'application/x-www-form-urlencoded; charset=UTF-8',
  'referer' => 'http://localhost/gmis/public/admin/index/login?url=%2Fgmis%2Fpublic%2Fadmin%2Fdashboard%3Fref%3Daddtabs',
  'accept-encoding' => 'gzip, deflate, br',
  'accept-language' => 'zh-CN,zh;q=0.9',
  'cookie' => 'PHPSESSID=u61546tg4mk7d2rjd8o5snavc6',
)
[ info ] [ PARAM ] array (
  'url' => '/gmis/public/admin/dashboard?ref=addtabs',
  '__token__' => 'a76630e79481c0d1db3a48bdde5658d0',
  'username' => 'dreamtech',
  'password' => '123456',
)
[ info ] [ LANG ] C:\wamp64\www\gmis\public/../application/admin\lang\zh-cn.php
[ info ] [ BEHAVIOR ] Run app\common\behavior\Common @module_init [ RunTime:0.022235s ]
[ info ] [ SESSION ] INIT array (
  'id' => '',
  'var_session_id' => '',
  'prefix' => 'think',
  'type' => '',
  'auto_start' => true,
)
[ info ] [ LANG ] C:\wamp64\www\gmis\public/../application/admin/lang/zh-cn/index.php
[ info ] [ RUN ] app\admin\controller\Index->login[ C:\wamp64\www\gmis\application\admin\controller\Index.php ]
[ info ] [ DB ] INIT mysql
[ info ] [ BEHAVIOR ] Run app\admin\behavior\AdminLog @app_end [ RunTime:0.044727s ]
[ info ] [ LOG ] INIT File
[ sql ] [ DB ] CONNECT:[ UseTime:0.003868s ] mysql:host=127.0.0.1;dbname=gmisManage;charset=utf8
[ sql ] [ SQL ] SHOW COLUMNS FROM `gmis_admin` [ RunTime:0.026522s ]
[ sql ] [ SQL ] SELECT * FROM `gmis_admin` WHERE  `username` = 'dreamtech' LIMIT 1 [ RunTime:0.002308s ]
[ sql ] [ SQL ] UPDATE `gmis_admin`  SET `logintime`=1542419977,`token`='dba3b5cf-e1a9-43dd-b939-5054d110c359',`updatetime`=1542419977  WHERE  `id` = 1 [ RunTime:0.006708s ]
[ sql ] [ SQL ] SHOW COLUMNS FROM `gmis_admin_log` [ RunTime:0.024081s ]
[ sql ] [ SQL ] INSERT INTO `gmis_admin_log` (`title` , `content` , `url` , `admin_id` , `username` , `useragent` , `ip` , `createtime`) VALUES ('ç™»å½•' , '{\"url\":\"\\/gmis\\/public\\/admin\\/dashboard?ref=addtabs\",\"__token__\":\"a76630e79481c0d1db3a48bdde5658d0\",\"username\":\"dreamtech\"}' , '/gmis/public/admin/index/login?url=%2Fgmis%2Fpublic%2Fadmin%2Fdashboard%3Fref%3Daddtabs' , 1 , 'dreamtech' , 'Mozilla/5.0 (Windows NT 10.0; WOW64) AppleWebKit/537.36 (KHTML, like Gecko) Chrome/66.0.3359.139 Safari/537.36' , '0.0.0.0' , 1542419977) [ RunTime:0.005009s ]
---------------------------------------------------------------
[ 2018-11-17T09:59:38+08:00 ] 0.0.0.0 GET localhost/gmis/public/admin/dashboard?ref=addtabs
[è¿è¡Œæ—¶é—´ï¼š0.623455s] [ååç‡ï¼š1.60req/s] [å†…å­˜æ¶ˆè€—ï¼š6,323.48kb] [æ–‡ä»¶åŠ è½½ï¼š73]
[ info ] [ BEHAVIOR ] Run Closure @app_init [ RunTime:0.000207s ]
[ info ] [ CACHE ] INIT File
[ info ] [ BEHAVIOR ] Run Closure @app_init [ RunTime:0.024452s ]
[ info ] [ LANG ] C:\wamp64\www\gmis\thinkphp\lang\zh-cn.php
[ info ] [ ROUTE ] array (
  'type' => 'module',
  'module' => 
  array (
    0 => 'admin',
    1 => 'dashboard',
    2 => NULL,
  ),
)
[ info ] [ HEADER ] array (
  'host' => 'localhost',
  'connection' => 'keep-alive',
  'upgrade-insecure-requests' => '1',
  'user-agent' => 'Mozilla/5.0 (Windows NT 10.0; WOW64) AppleWebKit/537.36 (KHTML, like Gecko) Chrome/66.0.3359.139 Safari/537.36',
  'accept' => 'text/html,application/xhtml+xml,application/xml;q=0.9,image/webp,image/apng,*/*;q=0.8',
  'referer' => 'http://localhost/gmis/public/admin/index/login?url=%2Fgmis%2Fpublic%2Fadmin%2Fdashboard%3Fref%3Daddtabs',
  'accept-encoding' => 'gzip, deflate, br',
  'accept-language' => 'zh-CN,zh;q=0.9',
  'cookie' => 'PHPSESSID=u61546tg4mk7d2rjd8o5snavc6',
)
[ info ] [ PARAM ] array (
  'ref' => 'addtabs',
)
[ info ] [ LANG ] C:\wamp64\www\gmis\public/../application/admin\lang\zh-cn.php
[ info ] [ BEHAVIOR ] Run app\common\behavior\Common @module_init [ RunTime:0.017957s ]
[ info ] [ SESSION ] INIT array (
  'id' => '',
  'var_session_id' => '',
  'prefix' => 'think',
  'type' => '',
  'auto_start' => true,
)
[ info ] [ DB ] INIT mysql
[ info ] [ BEHAVIOR ] Run app\admin\behavior\AdminLog @app_end [ RunTime:0.010525s ]
[ info ] [ LOG ] INIT File
[ sql ] [ DB ] CONNECT:[ UseTime:0.004877s ] mysql:host=127.0.0.1;dbname=gmisManage;charset=utf8
[ sql ] [ SQL ] SHOW COLUMNS FROM `gmis_auth_group_access` [ RunTime:0.020572s ]
[ sql ] [ SQL ] SELECT `aga`.`uid`,`aga`.`group_id`,`ag`.`id`,`ag`.`pid`,`ag`.`name`,`ag`.`rules` FROM `gmis_auth_group_access` `aga` LEFT JOIN `gmis_auth_group` `ag` ON `aga`.`group_id`=`ag`.`id` WHERE  (  aga.uid='1' and ag.status='normal' ) [ RunTime:0.019104s ]
[ sql ] [ SQL ] SHOW COLUMNS FROM `gmis_auth_rule` [ RunTime:0.019549s ]
[ sql ] [ SQL ] SELECT `id`,`pid`,`condition`,`icon`,`name`,`title`,`ismenu` FROM `gmis_auth_rule` WHERE  `status` = 'normal' [ RunTime:0.003247s ]
---------------------------------------------------------------
[ 2018-11-17T09:59:41+08:00 ] 0.0.0.0 GET localhost/gmis/public/admin/index/index
[è¿è¡Œæ—¶é—´ï¼š3.401271s] [ååç‡ï¼š0.29req/s] [å†…å­˜æ¶ˆè€—ï¼š7,444.56kb] [æ–‡ä»¶åŠ è½½ï¼š88]
[ info ] [ BEHAVIOR ] Run Closure @app_init [ RunTime:0.000207s ]
[ info ] [ CACHE ] INIT File
[ info ] [ BEHAVIOR ] Run Closure @app_init [ RunTime:0.019060s ]
[ info ] [ LANG ] C:\wamp64\www\gmis\thinkphp\lang\zh-cn.php
[ info ] [ ROUTE ] array (
  'type' => 'module',
  'module' => 
  array (
    0 => 'admin',
    1 => 'index',
    2 => 'index',
  ),
)
[ info ] [ HEADER ] array (
  'host' => 'localhost',
  'connection' => 'keep-alive',
  'upgrade-insecure-requests' => '1',
  'user-agent' => 'Mozilla/5.0 (Windows NT 10.0; WOW64) AppleWebKit/537.36 (KHTML, like Gecko) Chrome/66.0.3359.139 Safari/537.36',
  'accept' => 'text/html,application/xhtml+xml,application/xml;q=0.9,image/webp,image/apng,*/*;q=0.8',
  'referer' => 'http://localhost/gmis/public/admin/index/login?url=%2Fgmis%2Fpublic%2Fadmin%2Fdashboard%3Fref%3Daddtabs',
  'accept-encoding' => 'gzip, deflate, br',
  'accept-language' => 'zh-CN,zh;q=0.9',
  'cookie' => 'PHPSESSID=u61546tg4mk7d2rjd8o5snavc6',
)
[ info ] [ PARAM ] array (
)
[ info ] [ LANG ] C:\wamp64\www\gmis\public/../application/admin\lang\zh-cn.php
[ info ] [ BEHAVIOR ] Run app\common\behavior\Common @module_init [ RunTime:0.014995s ]
[ info ] [ SESSION ] INIT array (
  'id' => '',
  'var_session_id' => '',
  'prefix' => 'think',
  'type' => '',
  'auto_start' => true,
)
[ info ] [ LANG ] C:\wamp64\www\gmis\public/../application/admin/lang/zh-cn/index.php
[ info ] [ RUN ] app\admin\controller\Index->index[ C:\wamp64\www\gmis\application\admin\controller\Index.php ]
[ info ] [ DB ] INIT mysql
[ info ] [ VIEW ] C:\wamp64\www\gmis\public/../application/admin\view\index\index.html [ array (
  0 => 'breadcrumb',
  1 => 'site',
  2 => 'config',
  3 => 'auth',
  4 => 'admin',
  5 => 'menulist',
  6 => 'navlist',
  7 => 'fixedmenu',
  8 => 'referermenu',
  9 => 'title',
) ]
[ info ] [ BEHAVIOR ] Run app\admin\behavior\AdminLog @app_end [ RunTime:0.009707s ]
[ info ] [ LOG ] INIT File
[ sql ] [ DB ] CONNECT:[ UseTime:0.004599s ] mysql:host=127.0.0.1;dbname=gmisManage;charset=utf8
[ sql ] [ SQL ] SHOW COLUMNS FROM `gmis_auth_group_access` [ RunTime:0.023611s ]
[ sql ] [ SQL ] SELECT `aga`.`uid`,`aga`.`group_id`,`ag`.`id`,`ag`.`pid`,`ag`.`name`,`ag`.`rules` FROM `gmis_auth_group_access` `aga` LEFT JOIN `gmis_auth_group` `ag` ON `aga`.`group_id`=`ag`.`id` WHERE  (  aga.uid='1' and ag.status='normal' ) [ RunTime:0.019999s ]
[ sql ] [ SQL ] SHOW COLUMNS FROM `gmis_auth_rule` [ RunTime:0.020783s ]
[ sql ] [ SQL ] SELECT `id`,`pid`,`condition`,`icon`,`name`,`title`,`ismenu` FROM `gmis_auth_rule` WHERE  `status` = 'normal' [ RunTime:0.003494s ]
---------------------------------------------------------------
[ 2018-11-17T09:59:42+08:00 ] 0.0.0.0 GET localhost/gmis/public/admin/dashboard?addtabs=1
[è¿è¡Œæ—¶é—´ï¼š0.864629s] [ååç‡ï¼š1.16req/s] [å†…å­˜æ¶ˆè€—ï¼š7,096.92kb] [æ–‡ä»¶åŠ è½½ï¼š78]
[ info ] [ BEHAVIOR ] Run Closure @app_init [ RunTime:0.000393s ]
[ info ] [ CACHE ] INIT File
[ info ] [ BEHAVIOR ] Run Closure @app_init [ RunTime:0.028856s ]
[ info ] [ LANG ] C:\wamp64\www\gmis\thinkphp\lang\zh-cn.php
[ info ] [ ROUTE ] array (
  'type' => 'module',
  'module' => 
  array (
    0 => 'admin',
    1 => 'dashboard',
    2 => NULL,
  ),
)
[ info ] [ HEADER ] array (
  'host' => 'localhost',
  'connection' => 'keep-alive',
  'upgrade-insecure-requests' => '1',
  'user-agent' => 'Mozilla/5.0 (Windows NT 10.0; WOW64) AppleWebKit/537.36 (KHTML, like Gecko) Chrome/66.0.3359.139 Safari/537.36',
  'accept' => 'text/html,application/xhtml+xml,application/xml;q=0.9,image/webp,image/apng,*/*;q=0.8',
  'referer' => 'http://localhost/gmis/public/admin/index/index',
  'accept-encoding' => 'gzip, deflate, br',
  'accept-language' => 'zh-CN,zh;q=0.9',
  'cookie' => 'PHPSESSID=u61546tg4mk7d2rjd8o5snavc6',
)
[ info ] [ PARAM ] array (
  'addtabs' => '1',
)
[ info ] [ LANG ] C:\wamp64\www\gmis\public/../application/admin\lang\zh-cn.php
[ info ] [ BEHAVIOR ] Run app\common\behavior\Common @module_init [ RunTime:0.029604s ]
[ info ] [ SESSION ] INIT array (
  'id' => '',
  'var_session_id' => '',
  'prefix' => 'think',
  'type' => '',
  'auto_start' => true,
)
[ info ] [ DB ] INIT mysql
[ info ] [ LANG ] C:\wamp64\www\gmis\public/../application/admin/lang/zh-cn/dashboard.php
[ info ] [ RUN ] app\admin\controller\Dashboard->index[ C:\wamp64\www\gmis\application\admin\controller\Dashboard.php ]
[ info ] [ VIEW ] C:\wamp64\www\gmis\public/../application/admin\view\dashboard\index.html [ array (
  0 => 'breadcrumb',
  1 => 'site',
  2 => 'config',
  3 => 'auth',
  4 => 'admin',
  5 => 'totaluser',
  6 => 'totalviews',
  7 => 'totalorder',
  8 => 'totalorderamount',
  9 => 'todayuserlogin',
  10 => 'todayusersignup',
  11 => 'todayorder',
  12 => 'unsettleorder',
  13 => 'sevendnu',
  14 => 'sevendau',
  15 => 'paylist',
  16 => 'createlist',
  17 => 'addonversion',
  18 => 'uploadmode',
) ]
[ info ] [ BEHAVIOR ] Run app\admin\behavior\AdminLog @app_end [ RunTime:0.011948s ]
[ info ] [ LOG ] INIT File
[ sql ] [ DB ] CONNECT:[ UseTime:0.005728s ] mysql:host=127.0.0.1;dbname=gmisManage;charset=utf8
[ sql ] [ SQL ] SHOW COLUMNS FROM `gmis_auth_group_access` [ RunTime:0.023084s ]
[ sql ] [ SQL ] SELECT `aga`.`uid`,`aga`.`group_id`,`ag`.`id`,`ag`.`pid`,`ag`.`name`,`ag`.`rules` FROM `gmis_auth_group_access` `aga` LEFT JOIN `gmis_auth_group` `ag` ON `aga`.`group_id`=`ag`.`id` WHERE  (  aga.uid='1' and ag.status='normal' ) [ RunTime:0.028821s ]
[ sql ] [ SQL ] SHOW COLUMNS FROM `gmis_auth_rule` [ RunTime:0.033564s ]
[ sql ] [ SQL ] SELECT `id`,`pid`,`condition`,`icon`,`name`,`title`,`ismenu` FROM `gmis_auth_rule` WHERE  `status` = 'normal' [ RunTime:0.005741s ]
[ sql ] [ SQL ] SELECT `title`,`remark` FROM `gmis_auth_rule` WHERE  `name` = 'dashboard' LIMIT 1 [ RunTime:0.002202s ]
---------------------------------------------------------------
[ 2018-11-17T09:59:43+08:00 ] 0.0.0.0 GET localhost/gmis/public/admin/ajax/lang?callback=define&controllername=index&v=1542419978
[è¿è¡Œæ—¶é—´ï¼š0.499704s] [ååç‡ï¼š2.00req/s] [å†…å­˜æ¶ˆè€—ï¼š5,340.75kb] [æ–‡ä»¶åŠ è½½ï¼š69]
[ info ] [ BEHAVIOR ] Run Closure @app_init [ RunTime:0.000245s ]
[ info ] [ CACHE ] INIT File
[ info ] [ BEHAVIOR ] Run Closure @app_init [ RunTime:0.023461s ]
[ info ] [ LANG ] C:\wamp64\www\gmis\thinkphp\lang\zh-cn.php
[ info ] [ ROUTE ] array (
  'type' => 'module',
  'module' => 
  array (
    0 => 'admin',
    1 => 'ajax',
    2 => 'lang',
  ),
)
[ info ] [ HEADER ] array (
  'host' => 'localhost',
  'connection' => 'keep-alive',
  'user-agent' => 'Mozilla/5.0 (Windows NT 10.0; WOW64) AppleWebKit/537.36 (KHTML, like Gecko) Chrome/66.0.3359.139 Safari/537.36',
  'accept' => '*/*',
  'referer' => 'http://localhost/gmis/public/admin/index/index',
  'accept-encoding' => 'gzip, deflate, br',
  'accept-language' => 'zh-CN,zh;q=0.9',
  'cookie' => 'PHPSESSID=u61546tg4mk7d2rjd8o5snavc6',
)
[ info ] [ PARAM ] array (
  'callback' => 'define',
  'controllername' => 'index',
  'v' => '1542419978',
)
[ info ] [ LANG ] C:\wamp64\www\gmis\public/../application/admin\lang\zh-cn.php
[ info ] [ BEHAVIOR ] Run app\common\behavior\Common @module_init [ RunTime:0.018944s ]
[ info ] [ SESSION ] INIT array (
  'id' => '',
  'var_session_id' => '',
  'prefix' => 'think',
  'type' => '',
  'auto_start' => true,
)
[ info ] [ LANG ] C:\wamp64\www\gmis\public/../application/admin/lang/zh-cn/ajax.php
[ info ] [ RUN ] app\admin\controller\Ajax->lang[ C:\wamp64\www\gmis\application\admin\controller\Ajax.php ]
[ info ] [ LANG ] C:\wamp64\www\gmis\public/../application/admin/lang/zh-cn/index.php
[ info ] [ BEHAVIOR ] Run app\admin\behavior\AdminLog @app_end [ RunTime:0.015316s ]
[ info ] [ LOG ] INIT File
---------------------------------------------------------------
[ 2018-11-17T09:59:44+08:00 ] 0.0.0.0 GET localhost/gmis/public/admin/ajax/lang?callback=define&controllername=dashboard&v=1542419982
[è¿è¡Œæ—¶é—´ï¼š0.689922s] [ååç‡ï¼š1.45req/s] [å†…å­˜æ¶ˆè€—ï¼š5,337.86kb] [æ–‡ä»¶åŠ è½½ï¼š69]
[ info ] [ BEHAVIOR ] Run Closure @app_init [ RunTime:0.000419s ]
[ info ] [ CACHE ] INIT File
[ info ] [ BEHAVIOR ] Run Closure @app_init [ RunTime:0.034142s ]
[ info ] [ LANG ] C:\wamp64\www\gmis\thinkphp\lang\zh-cn.php
[ info ] [ ROUTE ] array (
  'type' => 'module',
  'module' => 
  array (
    0 => 'admin',
    1 => 'ajax',
    2 => 'lang',
  ),
)
[ info ] [ HEADER ] array (
  'host' => 'localhost',
  'connection' => 'keep-alive',
  'user-agent' => 'Mozilla/5.0 (Windows NT 10.0; WOW64) AppleWebKit/537.36 (KHTML, like Gecko) Chrome/66.0.3359.139 Safari/537.36',
  'accept' => '*/*',
  'referer' => 'http://localhost/gmis/public/admin/dashboard?addtabs=1',
  'accept-encoding' => 'gzip, deflate, br',
  'accept-language' => 'zh-CN,zh;q=0.9',
  'cookie' => 'PHPSESSID=u61546tg4mk7d2rjd8o5snavc6',
)
[ info ] [ PARAM ] array (
  'callback' => 'define',
  'controllername' => 'dashboard',
  'v' => '1542419982',
)
[ info ] [ LANG ] C:\wamp64\www\gmis\public/../application/admin\lang\zh-cn.php
[ info ] [ BEHAVIOR ] Run app\common\behavior\Common @module_init [ RunTime:0.025695s ]
[ info ] [ SESSION ] INIT array (
  'id' => '',
  'var_session_id' => '',
  'prefix' => 'think',
  'type' => '',
  'auto_start' => true,
)
[ info ] [ LANG ] C:\wamp64\www\gmis\public/../application/admin/lang/zh-cn/ajax.php
[ info ] [ RUN ] app\admin\controller\Ajax->lang[ C:\wamp64\www\gmis\application\admin\controller\Ajax.php ]
[ info ] [ LANG ] C:\wamp64\www\gmis\public/../application/admin/lang/zh-cn/dashboard.php
[ info ] [ BEHAVIOR ] Run app\admin\behavior\AdminLog @app_end [ RunTime:0.010038s ]
[ info ] [ LOG ] INIT File
---------------------------------------------------------------
[ 2018-11-17T10:00:02+08:00 ] 0.0.0.0 GET localhost/gmis/public/index/Stuselect/index
[è¿è¡Œæ—¶é—´ï¼š0.589283s] [ååç‡ï¼š1.70req/s] [å†…å­˜æ¶ˆè€—ï¼š6,111.45kb] [æ–‡ä»¶åŠ è½½ï¼š70]
[ info ] [ BEHAVIOR ] Run Closure @app_init [ RunTime:0.000228s ]
[ info ] [ CACHE ] INIT File
[ info ] [ BEHAVIOR ] Run Closure @app_init [ RunTime:0.018237s ]
[ info ] [ LANG ] C:\wamp64\www\gmis\thinkphp\lang\zh-cn.php
[ info ] [ ROUTE ] array (
  'type' => 'module',
  'module' => 
  array (
    0 => 'index',
    1 => 'Stuselect',
    2 => 'index',
  ),
)
[ info ] [ HEADER ] array (
  'host' => 'localhost',
  'connection' => 'keep-alive',
  'upgrade-insecure-requests' => '1',
  'user-agent' => 'Mozilla/5.0 (Windows NT 10.0; WOW64) AppleWebKit/537.36 (KHTML, like Gecko) Chrome/66.0.3359.139 Safari/537.36',
  'accept' => 'text/html,application/xhtml+xml,application/xml;q=0.9,image/webp,image/apng,*/*;q=0.8',
  'accept-encoding' => 'gzip, deflate, br',
  'accept-language' => 'zh-CN,zh;q=0.9',
  'cookie' => 'PHPSESSID=u61546tg4mk7d2rjd8o5snavc6',
)
[ info ] [ PARAM ] array (
)
[ info ] [ LANG ] C:\wamp64\www\gmis\public/../application/index\lang\zh-cn.php
[ info ] [ BEHAVIOR ] Run app\common\behavior\Common @module_init [ RunTime:0.011596s ]
[ info ] [ SESSION ] INIT array (
  'id' => '',
  'var_session_id' => '',
  'prefix' => 'think',
  'type' => '',
  'auto_start' => true,
)
[ info ] [ RUN ] app\index\controller\Stuselect->index[ C:\wamp64\www\gmis\application\index\controller\Stuselect.php ]
[ info ] [ DB ] INIT mysql
[ info ] [ VIEW ] C:\wamp64\www\gmis\public/../application/index\view\sselect\index.html [ array (
  0 => 'list',
) ]
[ info ] [ LOG ] INIT File
[ sql ] [ DB ] CONNECT:[ UseTime:0.004797s ] mysql:host=127.0.0.1;dbname=gmisManage;charset=utf8
[ sql ] [ SQL ] SHOW COLUMNS FROM `gmis_sselect` [ RunTime:0.020974s ]
[ sql ] [ SQL ] SELECT COUNT(*) AS tp_count FROM `gmis_sselect` WHERE  `teaid` = 5 LIMIT 1 [ RunTime:0.002544s ]
[ sql ] [ SQL ] SELECT * FROM `gmis_sselect` WHERE  `teaid` = 5 ORDER BY `id` DESC LIMIT 0,10 [ RunTime:0.001745s ]
---------------------------------------------------------------
[ 2018-11-17T10:03:35+08:00 ] 0.0.0.0 GET localhost/gmis/public/index/Stuselect/index
[è¿è¡Œæ—¶é—´ï¼š0.602915s] [ååç‡ï¼š1.66req/s] [å†…å­˜æ¶ˆè€—ï¼š6,105.91kb] [æ–‡ä»¶åŠ è½½ï¼š70]
[ info ] [ BEHAVIOR ] Run Closure @app_init [ RunTime:0.000365s ]
[ info ] [ CACHE ] INIT File
[ info ] [ BEHAVIOR ] Run Closure @app_init [ RunTime:0.023761s ]
[ info ] [ LANG ] C:\wamp64\www\gmis\thinkphp\lang\zh-cn.php
[ info ] [ ROUTE ] array (
  'type' => 'module',
  'module' => 
  array (
    0 => 'index',
    1 => 'Stuselect',
    2 => 'index',
  ),
)
[ info ] [ HEADER ] array (
  'host' => 'localhost',
  'connection' => 'keep-alive',
  'cache-control' => 'max-age=0',
  'upgrade-insecure-requests' => '1',
  'user-agent' => 'Mozilla/5.0 (Windows NT 10.0; WOW64) AppleWebKit/537.36 (KHTML, like Gecko) Chrome/66.0.3359.139 Safari/537.36',
  'accept' => 'text/html,application/xhtml+xml,application/xml;q=0.9,image/webp,image/apng,*/*;q=0.8',
  'accept-encoding' => 'gzip, deflate, br',
  'accept-language' => 'zh-CN,zh;q=0.9',
  'cookie' => 'PHPSESSID=u61546tg4mk7d2rjd8o5snavc6',
)
[ info ] [ PARAM ] array (
)
[ info ] [ LANG ] C:\wamp64\www\gmis\public/../application/index\lang\zh-cn.php
[ info ] [ BEHAVIOR ] Run app\common\behavior\Common @module_init [ RunTime:0.024339s ]
[ info ] [ SESSION ] INIT array (
  'id' => '',
  'var_session_id' => '',
  'prefix' => 'think',
  'type' => '',
  'auto_start' => true,
)
[ info ] [ RUN ] app\index\controller\Stuselect->index[ C:\wamp64\www\gmis\application\index\controller\Stuselect.php ]
[ info ] [ DB ] INIT mysql
[ info ] [ VIEW ] C:\wamp64\www\gmis\public/../application/index\view\sselect\index.html [ array (
  0 => 'list',
) ]
[ info ] [ LOG ] INIT File
[ sql ] [ DB ] CONNECT:[ UseTime:0.005084s ] mysql:host=127.0.0.1;dbname=gmisManage;charset=utf8
[ sql ] [ SQL ] SHOW COLUMNS FROM `gmis_sselect` [ RunTime:0.020842s ]
[ sql ] [ SQL ] SELECT COUNT(*) AS tp_count FROM `gmis_sselect` WHERE  `teaid` = 4 LIMIT 1 [ RunTime:0.002400s ]
[ sql ] [ SQL ] SELECT * FROM `gmis_sselect` WHERE  `teaid` = 4 ORDER BY `id` DESC LIMIT 0,10 [ RunTime:0.002120s ]
---------------------------------------------------------------
[ 2018-11-17T10:35:37+08:00 ] 0.0.0.0 GET localhost/gmis/public/index/Stuselect/showApplyTitle
[è¿è¡Œæ—¶é—´ï¼š0.595594s] [ååç‡ï¼š1.68req/s] [å†…å­˜æ¶ˆè€—ï¼š5,954.88kb] [æ–‡ä»¶åŠ è½½ï¼š69]
[ info ] [ BEHAVIOR ] Run Closure @app_init [ RunTime:0.000299s ]
[ info ] [ CACHE ] INIT File
[ info ] [ BEHAVIOR ] Run Closure @app_init [ RunTime:0.042775s ]
[ info ] [ LANG ] C:\wamp64\www\gmis\thinkphp\lang\zh-cn.php
[ info ] [ ROUTE ] array (
  'type' => 'module',
  'module' => 
  array (
    0 => 'index',
    1 => 'Stuselect',
    2 => 'showApplyTitle',
  ),
)
[ info ] [ HEADER ] array (
  'host' => 'localhost',
  'connection' => 'keep-alive',
  'upgrade-insecure-requests' => '1',
  'user-agent' => 'Mozilla/5.0 (Windows NT 10.0; WOW64) AppleWebKit/537.36 (KHTML, like Gecko) Chrome/66.0.3359.139 Safari/537.36',
  'accept' => 'text/html,application/xhtml+xml,application/xml;q=0.9,image/webp,image/apng,*/*;q=0.8',
  'accept-encoding' => 'gzip, deflate, br',
  'accept-language' => 'zh-CN,zh;q=0.9',
  'cookie' => 'PHPSESSID=u61546tg4mk7d2rjd8o5snavc6',
)
[ info ] [ PARAM ] array (
)
[ info ] [ LANG ] C:\wamp64\www\gmis\public/../application/index\lang\zh-cn.php
[ info ] [ BEHAVIOR ] Run app\common\behavior\Common @module_init [ RunTime:0.019766s ]
[ info ] [ SESSION ] INIT array (
  'id' => '',
  'var_session_id' => '',
  'prefix' => 'think',
  'type' => '',
  'auto_start' => true,
)
[ info ] [ RUN ] app\index\controller\Stuselect->showApplyTitle[ C:\wamp64\www\gmis\application\index\controller\Stuselect.php ]
[ info ] [ DB ] INIT mysql
[ info ] [ LOG ] INIT File
[ error ] [8]æœªå®šä¹‰å˜é‡: profess[C:\wamp64\www\gmis\application\index\model\Sselect.php:55]
---------------------------------------------------------------
[ 2018-11-17T10:35:57+08:00 ] 0.0.0.0 GET localhost/gmis/public/index/Stuselect/showApplyTitle
[è¿è¡Œæ—¶é—´ï¼š1.044427s] [ååç‡ï¼š0.96req/s] [å†…å­˜æ¶ˆè€—ï¼š6,240.27kb] [æ–‡ä»¶åŠ è½½ï¼š69]
[ info ] [ BEHAVIOR ] Run Closure @app_init [ RunTime:0.000315s ]
[ info ] [ CACHE ] INIT File
[ info ] [ BEHAVIOR ] Run Closure @app_init [ RunTime:0.028778s ]
[ info ] [ LANG ] C:\wamp64\www\gmis\thinkphp\lang\zh-cn.php
[ info ] [ ROUTE ] array (
  'type' => 'module',
  'module' => 
  array (
    0 => 'index',
    1 => 'Stuselect',
    2 => 'showApplyTitle',
  ),
)
[ info ] [ HEADER ] array (
  'host' => 'localhost',
  'connection' => 'keep-alive',
  'cache-control' => 'max-age=0',
  'upgrade-insecure-requests' => '1',
  'user-agent' => 'Mozilla/5.0 (Windows NT 10.0; WOW64) AppleWebKit/537.36 (KHTML, like Gecko) Chrome/66.0.3359.139 Safari/537.36',
  'accept' => 'text/html,application/xhtml+xml,application/xml;q=0.9,image/webp,image/apng,*/*;q=0.8',
  'accept-encoding' => 'gzip, deflate, br',
  'accept-language' => 'zh-CN,zh;q=0.9',
  'cookie' => 'PHPSESSID=u61546tg4mk7d2rjd8o5snavc6',
)
[ info ] [ PARAM ] array (
)
[ info ] [ LANG ] C:\wamp64\www\gmis\public/../application/index\lang\zh-cn.php
[ info ] [ BEHAVIOR ] Run app\common\behavior\Common @module_init [ RunTime:0.024680s ]
[ info ] [ SESSION ] INIT array (
  'id' => '',
  'var_session_id' => '',
  'prefix' => 'think',
  'type' => '',
  'auto_start' => true,
)
[ info ] [ RUN ] app\index\controller\Stuselect->showApplyTitle[ C:\wamp64\www\gmis\application\index\controller\Stuselect.php ]
[ info ] [ DB ] INIT mysql
[ info ] [ VIEW ] C:\wamp64\www\gmis\public/../application/index\view\sselect\showTitle.html [ array (
  0 => 'list',
) ]
[ info ] [ LOG ] INIT File
[ sql ] [ DB ] CONNECT:[ UseTime:0.013164s ] mysql:host=127.0.0.1;dbname=gmisManage;charset=utf8
[ sql ] [ SQL ] SHOW COLUMNS FROM `gmis_tapply` [ RunTime:0.021929s ]
[ sql ] [ SQL ] SELECT * FROM `gmis_tapply` WHERE  `belongsenior` = '2018-2019'  AND `proid` = 1 ORDER BY `id` DESC [ RunTime:0.002501s ]
---------------------------------------------------------------
[ 2018-11-17T10:36:29+08:00 ] 0.0.0.0 GET localhost/gmis/public/index/Stuselect/showApplyTitle
[è¿è¡Œæ—¶é—´ï¼š0.504221s] [ååç‡ï¼š1.98req/s] [å†…å­˜æ¶ˆè€—ï¼š5,994.32kb] [æ–‡ä»¶åŠ è½½ï¼š67]
[ info ] [ BEHAVIOR ] Run Closure @app_init [ RunTime:0.000225s ]
[ info ] [ CACHE ] INIT File
[ info ] [ BEHAVIOR ] Run Closure @app_init [ RunTime:0.022534s ]
[ info ] [ LANG ] C:\wamp64\www\gmis\thinkphp\lang\zh-cn.php
[ info ] [ ROUTE ] array (
  'type' => 'module',
  'module' => 
  array (
    0 => 'index',
    1 => 'Stuselect',
    2 => 'showApplyTitle',
  ),
)
[ info ] [ HEADER ] array (
  'host' => 'localhost',
  'connection' => 'keep-alive',
  'cache-control' => 'max-age=0',
  'upgrade-insecure-requests' => '1',
  'user-agent' => 'Mozilla/5.0 (Windows NT 10.0; WOW64) AppleWebKit/537.36 (KHTML, like Gecko) Chrome/66.0.3359.139 Safari/537.36',
  'accept' => 'text/html,application/xhtml+xml,application/xml;q=0.9,image/webp,image/apng,*/*;q=0.8',
  'accept-encoding' => 'gzip, deflate, br',
  'accept-language' => 'zh-CN,zh;q=0.9',
  'cookie' => 'PHPSESSID=u61546tg4mk7d2rjd8o5snavc6',
)
[ info ] [ PARAM ] array (
)
[ info ] [ LANG ] C:\wamp64\www\gmis\public/../application/index\lang\zh-cn.php
[ info ] [ BEHAVIOR ] Run app\common\behavior\Common @module_init [ RunTime:0.021706s ]
[ info ] [ SESSION ] INIT array (
  'id' => '',
  'var_session_id' => '',
  'prefix' => 'think',
  'type' => '',
  'auto_start' => true,
)
[ info ] [ RUN ] app\index\controller\Stuselect->showApplyTitle[ C:\wamp64\www\gmis\application\index\controller\Stuselect.php ]
[ info ] [ DB ] INIT mysql
[ info ] [ VIEW ] C:\wamp64\www\gmis\public/../application/index\view\sselect\showTitle.html [ array (
  0 => 'list',
) ]
[ info ] [ LOG ] INIT File
[ sql ] [ DB ] CONNECT:[ UseTime:0.012855s ] mysql:host=127.0.0.1;dbname=gmisManage;charset=utf8
[ sql ] [ SQL ] SHOW COLUMNS FROM `gmis_tapply` [ RunTime:0.025022s ]
[ sql ] [ SQL ] SELECT * FROM `gmis_tapply` WHERE  `belongsenior` = '2018-2019'  AND `proid` = 1 ORDER BY `id` DESC [ RunTime:0.002597s ]
---------------------------------------------------------------
[ 2018-11-17T10:36:42+08:00 ] 0.0.0.0 GET localhost/gmis/public/index/Stuselect/showApplyTitle
[è¿è¡Œæ—¶é—´ï¼š0.532779s] [ååç‡ï¼š1.88req/s] [å†…å­˜æ¶ˆè€—ï¼š5,994.44kb] [æ–‡ä»¶åŠ è½½ï¼š67]
[ info ] [ BEHAVIOR ] Run Closure @app_init [ RunTime:0.000323s ]
[ info ] [ CACHE ] INIT File
[ info ] [ BEHAVIOR ] Run Closure @app_init [ RunTime:0.021026s ]
[ info ] [ LANG ] C:\wamp64\www\gmis\thinkphp\lang\zh-cn.php
[ info ] [ ROUTE ] array (
  'type' => 'module',
  'module' => 
  array (
    0 => 'index',
    1 => 'Stuselect',
    2 => 'showApplyTitle',
  ),
)
[ info ] [ HEADER ] array (
  'host' => 'localhost',
  'connection' => 'keep-alive',
  'cache-control' => 'max-age=0',
  'upgrade-insecure-requests' => '1',
  'user-agent' => 'Mozilla/5.0 (Windows NT 10.0; WOW64) AppleWebKit/537.36 (KHTML, like Gecko) Chrome/66.0.3359.139 Safari/537.36',
  'accept' => 'text/html,application/xhtml+xml,application/xml;q=0.9,image/webp,image/apng,*/*;q=0.8',
  'accept-encoding' => 'gzip, deflate, br',
  'accept-language' => 'zh-CN,zh;q=0.9',
  'cookie' => 'PHPSESSID=u61546tg4mk7d2rjd8o5snavc6',
)
[ info ] [ PARAM ] array (
)
[ info ] [ LANG ] C:\wamp64\www\gmis\public/../application/index\lang\zh-cn.php
[ info ] [ BEHAVIOR ] Run app\common\behavior\Common @module_init [ RunTime:0.012905s ]
[ info ] [ SESSION ] INIT array (
  'id' => '',
  'var_session_id' => '',
  'prefix' => 'think',
  'type' => '',
  'auto_start' => true,
)
[ info ] [ RUN ] app\index\controller\Stuselect->showApplyTitle[ C:\wamp64\www\gmis\application\index\controller\Stuselect.php ]
[ info ] [ DB ] INIT mysql
[ info ] [ VIEW ] C:\wamp64\www\gmis\public/../application/index\view\sselect\showTitle.html [ array (
  0 => 'list',
) ]
[ info ] [ LOG ] INIT File
[ sql ] [ DB ] CONNECT:[ UseTime:0.012963s ] mysql:host=127.0.0.1;dbname=gmisManage;charset=utf8
[ sql ] [ SQL ] SHOW COLUMNS FROM `gmis_tapply` [ RunTime:0.032668s ]
[ sql ] [ SQL ] SELECT * FROM `gmis_tapply` WHERE  `belongsenior` = '2018-2019'  AND `proid` = 1 ORDER BY `id` DESC [ RunTime:0.002578s ]
---------------------------------------------------------------
[ 2018-11-17T10:36:53+08:00 ] 0.0.0.0 GET localhost/gmis/public/index/Stuselect/showApplyTitle
[è¿è¡Œæ—¶é—´ï¼š0.553041s] [ååç‡ï¼š1.81req/s] [å†…å­˜æ¶ˆè€—ï¼š5,994.44kb] [æ–‡ä»¶åŠ è½½ï¼š67]
[ info ] [ BEHAVIOR ] Run Closure @app_init [ RunTime:0.000309s ]
[ info ] [ CACHE ] INIT File
[ info ] [ BEHAVIOR ] Run Closure @app_init [ RunTime:0.023101s ]
[ info ] [ LANG ] C:\wamp64\www\gmis\thinkphp\lang\zh-cn.php
[ info ] [ ROUTE ] array (
  'type' => 'module',
  'module' => 
  array (
    0 => 'index',
    1 => 'Stuselect',
    2 => 'showApplyTitle',
  ),
)
[ info ] [ HEADER ] array (
  'host' => 'localhost',
  'connection' => 'keep-alive',
  'cache-control' => 'max-age=0',
  'upgrade-insecure-requests' => '1',
  'user-agent' => 'Mozilla/5.0 (Windows NT 10.0; WOW64) AppleWebKit/537.36 (KHTML, like Gecko) Chrome/66.0.3359.139 Safari/537.36',
  'accept' => 'text/html,application/xhtml+xml,application/xml;q=0.9,image/webp,image/apng,*/*;q=0.8',
  'accept-encoding' => 'gzip, deflate, br',
  'accept-language' => 'zh-CN,zh;q=0.9',
  'cookie' => 'PHPSESSID=u61546tg4mk7d2rjd8o5snavc6',
)
[ info ] [ PARAM ] array (
)
[ info ] [ LANG ] C:\wamp64\www\gmis\public/../application/index\lang\zh-cn.php
[ info ] [ BEHAVIOR ] Run app\common\behavior\Common @module_init [ RunTime:0.022926s ]
[ info ] [ SESSION ] INIT array (
  'id' => '',
  'var_session_id' => '',
  'prefix' => 'think',
  'type' => '',
  'auto_start' => true,
)
[ info ] [ RUN ] app\index\controller\Stuselect->showApplyTitle[ C:\wamp64\www\gmis\application\index\controller\Stuselect.php ]
[ info ] [ DB ] INIT mysql
[ info ] [ VIEW ] C:\wamp64\www\gmis\public/../application/index\view\sselect\showTitle.html [ array (
  0 => 'list',
) ]
[ info ] [ LOG ] INIT File
[ sql ] [ DB ] CONNECT:[ UseTime:0.004576s ] mysql:host=127.0.0.1;dbname=gmisManage;charset=utf8
[ sql ] [ SQL ] SHOW COLUMNS FROM `gmis_tapply` [ RunTime:0.003557s ]
[ sql ] [ SQL ] SELECT * FROM `gmis_tapply` WHERE  `belongsenior` = '2018-2019'  AND `proid` = 1 ORDER BY `id` DESC [ RunTime:0.002139s ]
---------------------------------------------------------------
[ 2018-11-17T10:37:42+08:00 ] 0.0.0.0 GET localhost/gmis/public/index/Stuselect/showApplyTitle
[è¿è¡Œæ—¶é—´ï¼š0.622937s] [ååç‡ï¼š1.61req/s] [å†…å­˜æ¶ˆè€—ï¼š6,023.23kb] [æ–‡ä»¶åŠ è½½ï¼š67]
[ info ] [ BEHAVIOR ] Run Closure @app_init [ RunTime:0.000217s ]
[ info ] [ CACHE ] INIT File
[ info ] [ BEHAVIOR ] Run Closure @app_init [ RunTime:0.024990s ]
[ info ] [ LANG ] C:\wamp64\www\gmis\thinkphp\lang\zh-cn.php
[ info ] [ ROUTE ] array (
  'type' => 'module',
  'module' => 
  array (
    0 => 'index',
    1 => 'Stuselect',
    2 => 'showApplyTitle',
  ),
)
[ info ] [ HEADER ] array (
  'host' => 'localhost',
  'connection' => 'keep-alive',
  'cache-control' => 'max-age=0',
  'upgrade-insecure-requests' => '1',
  'user-agent' => 'Mozilla/5.0 (Windows NT 10.0; WOW64) AppleWebKit/537.36 (KHTML, like Gecko) Chrome/66.0.3359.139 Safari/537.36',
  'accept' => 'text/html,application/xhtml+xml,application/xml;q=0.9,image/webp,image/apng,*/*;q=0.8',
  'accept-encoding' => 'gzip, deflate, br',
  'accept-language' => 'zh-CN,zh;q=0.9',
  'cookie' => 'PHPSESSID=u61546tg4mk7d2rjd8o5snavc6',
)
[ info ] [ PARAM ] array (
)
[ info ] [ LANG ] C:\wamp64\www\gmis\public/../application/index\lang\zh-cn.php
[ info ] [ BEHAVIOR ] Run app\common\behavior\Common @module_init [ RunTime:0.023778s ]
[ info ] [ SESSION ] INIT array (
  'id' => '',
  'var_session_id' => '',
  'prefix' => 'think',
  'type' => '',
  'auto_start' => true,
)
[ info ] [ RUN ] app\index\controller\Stuselect->showApplyTitle[ C:\wamp64\www\gmis\application\index\controller\Stuselect.php ]
[ info ] [ DB ] INIT mysql
[ info ] [ VIEW ] C:\wamp64\www\gmis\public/../application/index\view\sselect\showTitle.html [ array (
  0 => 'list',
) ]
[ info ] [ LOG ] INIT File
[ sql ] [ DB ] CONNECT:[ UseTime:0.004529s ] mysql:host=127.0.0.1;dbname=gmisManage;charset=utf8
[ sql ] [ SQL ] SHOW COLUMNS FROM `gmis_tapply` [ RunTime:0.026976s ]
[ sql ] [ SQL ] SELECT * FROM `gmis_tapply` WHERE  `belongsenior` = '2018-2019'  AND `proid` = 1 ORDER BY `id` DESC [ RunTime:0.002552s ]
---------------------------------------------------------------
[ 2018-11-17T10:38:12+08:00 ] 0.0.0.0 GET localhost/gmis/public/index/Stuselect/showApplyTitle
[è¿è¡Œæ—¶é—´ï¼š0.495560s] [ååç‡ï¼š2.02req/s] [å†…å­˜æ¶ˆè€—ï¼š6,023.75kb] [æ–‡ä»¶åŠ è½½ï¼š67]
[ info ] [ BEHAVIOR ] Run Closure @app_init [ RunTime:0.000237s ]
[ info ] [ CACHE ] INIT File
[ info ] [ BEHAVIOR ] Run Closure @app_init [ RunTime:0.024556s ]
[ info ] [ LANG ] C:\wamp64\www\gmis\thinkphp\lang\zh-cn.php
[ info ] [ ROUTE ] array (
  'type' => 'module',
  'module' => 
  array (
    0 => 'index',
    1 => 'Stuselect',
    2 => 'showApplyTitle',
  ),
)
[ info ] [ HEADER ] array (
  'host' => 'localhost',
  'connection' => 'keep-alive',
  'cache-control' => 'max-age=0',
  'upgrade-insecure-requests' => '1',
  'user-agent' => 'Mozilla/5.0 (Windows NT 10.0; WOW64) AppleWebKit/537.36 (KHTML, like Gecko) Chrome/66.0.3359.139 Safari/537.36',
  'accept' => 'text/html,application/xhtml+xml,application/xml;q=0.9,image/webp,image/apng,*/*;q=0.8',
  'accept-encoding' => 'gzip, deflate, br',
  'accept-language' => 'zh-CN,zh;q=0.9',
  'cookie' => 'PHPSESSID=u61546tg4mk7d2rjd8o5snavc6',
)
[ info ] [ PARAM ] array (
)
[ info ] [ LANG ] C:\wamp64\www\gmis\public/../application/index\lang\zh-cn.php
[ info ] [ BEHAVIOR ] Run app\common\behavior\Common @module_init [ RunTime:0.014002s ]
[ info ] [ SESSION ] INIT array (
  'id' => '',
  'var_session_id' => '',
  'prefix' => 'think',
  'type' => '',
  'auto_start' => true,
)
[ info ] [ RUN ] app\index\controller\Stuselect->showApplyTitle[ C:\wamp64\www\gmis\application\index\controller\Stuselect.php ]
[ info ] [ DB ] INIT mysql
[ info ] [ VIEW ] C:\wamp64\www\gmis\public/../application/index\view\sselect\showTitle.html [ array (
  0 => 'list',
) ]
[ info ] [ LOG ] INIT File
[ sql ] [ DB ] CONNECT:[ UseTime:0.005252s ] mysql:host=127.0.0.1;dbname=gmisManage;charset=utf8
[ sql ] [ SQL ] SHOW COLUMNS FROM `gmis_tapply` [ RunTime:0.021944s ]
[ sql ] [ SQL ] SELECT * FROM `gmis_tapply` WHERE  `belongsenior` = '2018-2019'  AND `proid` = 1 ORDER BY `id` DESC [ RunTime:0.002120s ]
---------------------------------------------------------------
[ 2018-11-17T10:38:30+08:00 ] 0.0.0.0 GET localhost/gmis/public/index/Stuselect/showApplyTitle
[è¿è¡Œæ—¶é—´ï¼š1.141024s] [ååç‡ï¼š0.88req/s] [å†…å­˜æ¶ˆè€—ï¼š6,270.09kb] [æ–‡ä»¶åŠ è½½ï¼š69]
[ info ] [ BEHAVIOR ] Run Closure @app_init [ RunTime:0.000533s ]
[ info ] [ CACHE ] INIT File
[ info ] [ BEHAVIOR ] Run Closure @app_init [ RunTime:0.087205s ]
[ info ] [ LANG ] C:\wamp64\www\gmis\thinkphp\lang\zh-cn.php
[ info ] [ ROUTE ] array (
  'type' => 'module',
  'module' => 
  array (
    0 => 'index',
    1 => 'Stuselect',
    2 => 'showApplyTitle',
  ),
)
[ info ] [ HEADER ] array (
  'host' => 'localhost',
  'connection' => 'keep-alive',
  'cache-control' => 'max-age=0',
  'upgrade-insecure-requests' => '1',
  'user-agent' => 'Mozilla/5.0 (Windows NT 10.0; WOW64) AppleWebKit/537.36 (KHTML, like Gecko) Chrome/66.0.3359.139 Safari/537.36',
  'accept' => 'text/html,application/xhtml+xml,application/xml;q=0.9,image/webp,image/apng,*/*;q=0.8',
  'accept-encoding' => 'gzip, deflate, br',
  'accept-language' => 'zh-CN,zh;q=0.9',
  'cookie' => 'PHPSESSID=u61546tg4mk7d2rjd8o5snavc6',
)
[ info ] [ PARAM ] array (
)
[ info ] [ LANG ] C:\wamp64\www\gmis\public/../application/index\lang\zh-cn.php
[ info ] [ BEHAVIOR ] Run app\common\behavior\Common @module_init [ RunTime:0.047068s ]
[ info ] [ SESSION ] INIT array (
  'id' => '',
  'var_session_id' => '',
  'prefix' => 'think',
  'type' => '',
  'auto_start' => true,
)
[ info ] [ RUN ] app\index\controller\Stuselect->showApplyTitle[ C:\wamp64\www\gmis\application\index\controller\Stuselect.php ]
[ info ] [ DB ] INIT mysql
[ info ] [ VIEW ] C:\wamp64\www\gmis\public/../application/index\view\sselect\showTitle.html [ array (
  0 => 'list',
) ]
[ info ] [ LOG ] INIT File
[ sql ] [ DB ] CONNECT:[ UseTime:0.006304s ] mysql:host=127.0.0.1;dbname=gmisManage;charset=utf8
[ sql ] [ SQL ] SHOW COLUMNS FROM `gmis_tapply` [ RunTime:0.026598s ]
[ sql ] [ SQL ] SELECT * FROM `gmis_tapply` WHERE  `belongsenior` = '2018-2019'  AND `proid` = 1 ORDER BY `id` DESC [ RunTime:0.002325s ]
---------------------------------------------------------------
[ 2018-11-17T10:38:39+08:00 ] 0.0.0.0 GET localhost/gmis/public/index/Stuselect/showApplyTitle
[è¿è¡Œæ—¶é—´ï¼š0.677256s] [ååç‡ï¼š1.48req/s] [å†…å­˜æ¶ˆè€—ï¼š6,023.76kb] [æ–‡ä»¶åŠ è½½ï¼š67]
[ info ] [ BEHAVIOR ] Run Closure @app_init [ RunTime:0.000402s ]
[ info ] [ CACHE ] INIT File
[ info ] [ BEHAVIOR ] Run Closure @app_init [ RunTime:0.029658s ]
[ info ] [ LANG ] C:\wamp64\www\gmis\thinkphp\lang\zh-cn.php
[ info ] [ ROUTE ] array (
  'type' => 'module',
  'module' => 
  array (
    0 => 'index',
    1 => 'Stuselect',
    2 => 'showApplyTitle',
  ),
)
[ info ] [ HEADER ] array (
  'host' => 'localhost',
  'connection' => 'keep-alive',
  'cache-control' => 'max-age=0',
  'upgrade-insecure-requests' => '1',
  'user-agent' => 'Mozilla/5.0 (Windows NT 10.0; WOW64) AppleWebKit/537.36 (KHTML, like Gecko) Chrome/66.0.3359.139 Safari/537.36',
  'accept' => 'text/html,application/xhtml+xml,application/xml;q=0.9,image/webp,image/apng,*/*;q=0.8',
  'accept-encoding' => 'gzip, deflate, br',
  'accept-language' => 'zh-CN,zh;q=0.9',
  'cookie' => 'PHPSESSID=u61546tg4mk7d2rjd8o5snavc6',
)
[ info ] [ PARAM ] array (
)
[ info ] [ LANG ] C:\wamp64\www\gmis\public/../application/index\lang\zh-cn.php
[ info ] [ BEHAVIOR ] Run app\common\behavior\Common @module_init [ RunTime:0.020280s ]
[ info ] [ SESSION ] INIT array (
  'id' => '',
  'var_session_id' => '',
  'prefix' => 'think',
  'type' => '',
  'auto_start' => true,
)
[ info ] [ RUN ] app\index\controller\Stuselect->showApplyTitle[ C:\wamp64\www\gmis\application\index\controller\Stuselect.php ]
[ info ] [ DB ] INIT mysql
[ info ] [ VIEW ] C:\wamp64\www\gmis\public/../application/index\view\sselect\showTitle.html [ array (
  0 => 'list',
) ]
[ info ] [ LOG ] INIT File
[ sql ] [ DB ] CONNECT:[ UseTime:0.004682s ] mysql:host=127.0.0.1;dbname=gmisManage;charset=utf8
[ sql ] [ SQL ] SHOW COLUMNS FROM `gmis_tapply` [ RunTime:0.026721s ]
[ sql ] [ SQL ] SELECT * FROM `gmis_tapply` WHERE  `belongsenior` = '2018-2019'  AND `proid` = 1 ORDER BY `id` DESC [ RunTime:0.002847s ]
---------------------------------------------------------------
[ 2018-11-17T10:39:17+08:00 ] 0.0.0.0 GET localhost/gmis/public/index/Stuselect/showApplyTitle
[è¿è¡Œæ—¶é—´ï¼š0.469538s] [ååç‡ï¼š2.13req/s] [å†…å­˜æ¶ˆè€—ï¼š5,998.25kb] [æ–‡ä»¶åŠ è½½ï¼š67]
[ info ] [ BEHAVIOR ] Run Closure @app_init [ RunTime:0.000196s ]
[ info ] [ CACHE ] INIT File
[ info ] [ BEHAVIOR ] Run Closure @app_init [ RunTime:0.018248s ]
[ info ] [ LANG ] C:\wamp64\www\gmis\thinkphp\lang\zh-cn.php
[ info ] [ ROUTE ] array (
  'type' => 'module',
  'module' => 
  array (
    0 => 'index',
    1 => 'Stuselect',
    2 => 'showApplyTitle',
  ),
)
[ info ] [ HEADER ] array (
  'host' => 'localhost',
  'connection' => 'keep-alive',
  'pragma' => 'no-cache',
  'cache-control' => 'no-cache',
  'upgrade-insecure-requests' => '1',
  'user-agent' => 'Mozilla/5.0 (Windows NT 10.0; WOW64) AppleWebKit/537.36 (KHTML, like Gecko) Chrome/66.0.3359.139 Safari/537.36',
  'accept' => 'text/html,application/xhtml+xml,application/xml;q=0.9,image/webp,image/apng,*/*;q=0.8',
  'accept-encoding' => 'gzip, deflate, br',
  'accept-language' => 'zh-CN,zh;q=0.9',
  'cookie' => 'PHPSESSID=u61546tg4mk7d2rjd8o5snavc6',
)
[ info ] [ PARAM ] array (
)
[ info ] [ LANG ] C:\wamp64\www\gmis\public/../application/index\lang\zh-cn.php
[ info ] [ BEHAVIOR ] Run app\common\behavior\Common @module_init [ RunTime:0.018378s ]
[ info ] [ SESSION ] INIT array (
  'id' => '',
  'var_session_id' => '',
  'prefix' => 'think',
  'type' => '',
  'auto_start' => true,
)
[ info ] [ RUN ] app\index\controller\Stuselect->showApplyTitle[ C:\wamp64\www\gmis\application\index\controller\Stuselect.php ]
[ info ] [ DB ] INIT mysql
[ info ] [ VIEW ] C:\wamp64\www\gmis\public/../application/index\view\sselect\showTitle.html [ array (
  0 => 'list',
) ]
[ info ] [ LOG ] INIT File
[ sql ] [ DB ] CONNECT:[ UseTime:0.003935s ] mysql:host=127.0.0.1;dbname=gmisManage;charset=utf8
[ sql ] [ SQL ] SHOW COLUMNS FROM `gmis_tapply` [ RunTime:0.020461s ]
[ sql ] [ SQL ] SELECT * FROM `gmis_tapply` WHERE  `belongsenior` = '2018-2019'  AND `status` = 'å·²é€šè¿‡'  AND `proid` = 1 ORDER BY `id` DESC [ RunTime:0.002628s ]
---------------------------------------------------------------
[ 2018-11-17T10:49:56+08:00 ] 0.0.0.0 GET localhost/gmis/public/index/Stuselect/showApplyTitle
[è¿è¡Œæ—¶é—´ï¼š0.735960s] [ååç‡ï¼š1.36req/s] [å†…å­˜æ¶ˆè€—ï¼š6,252.52kb] [æ–‡ä»¶åŠ è½½ï¼š69]
[ info ] [ BEHAVIOR ] Run Closure @app_init [ RunTime:0.000398s ]
[ info ] [ CACHE ] INIT File
[ info ] [ BEHAVIOR ] Run Closure @app_init [ RunTime:0.045422s ]
[ info ] [ LANG ] C:\wamp64\www\gmis\thinkphp\lang\zh-cn.php
[ info ] [ ROUTE ] array (
  'type' => 'module',
  'module' => 
  array (
    0 => 'index',
    1 => 'Stuselect',
    2 => 'showApplyTitle',
  ),
)
[ info ] [ HEADER ] array (
  'host' => 'localhost',
  'connection' => 'keep-alive',
  'cache-control' => 'max-age=0',
  'upgrade-insecure-requests' => '1',
  'user-agent' => 'Mozilla/5.0 (Windows NT 10.0; WOW64) AppleWebKit/537.36 (KHTML, like Gecko) Chrome/66.0.3359.139 Safari/537.36',
  'accept' => 'text/html,application/xhtml+xml,application/xml;q=0.9,image/webp,image/apng,*/*;q=0.8',
  'accept-encoding' => 'gzip, deflate, br',
  'accept-language' => 'zh-CN,zh;q=0.9',
  'cookie' => 'PHPSESSID=u61546tg4mk7d2rjd8o5snavc6',
)
[ info ] [ PARAM ] array (
)
[ info ] [ LANG ] C:\wamp64\www\gmis\public/../application/index\lang\zh-cn.php
[ info ] [ BEHAVIOR ] Run app\common\behavior\Common @module_init [ RunTime:0.020356s ]
[ info ] [ SESSION ] INIT array (
  'id' => '',
  'var_session_id' => '',
  'prefix' => 'think',
  'type' => '',
  'auto_start' => true,
)
[ info ] [ RUN ] app\index\controller\Stuselect->showApplyTitle[ C:\wamp64\www\gmis\application\index\controller\Stuselect.php ]
[ info ] [ DB ] INIT mysql
[ info ] [ VIEW ] C:\wamp64\www\gmis\public/../application/index\view\sselect\showTitle.html [ array (
  0 => 'list',
) ]
[ info ] [ LOG ] INIT File
[ sql ] [ DB ] CONNECT:[ UseTime:0.004844s ] mysql:host=127.0.0.1;dbname=gmisManage;charset=utf8
[ sql ] [ SQL ] SHOW COLUMNS FROM `gmis_tapply` [ RunTime:0.020356s ]
[ sql ] [ SQL ] SELECT * FROM `gmis_tapply` WHERE  `belongsenior` = '2018-2019'  AND `status` = 'å·²é€šè¿‡'  AND `proid` = 1 ORDER BY `id` DESC [ RunTime:0.002566s ]
[ sql ] [ SQL ] SHOW COLUMNS FROM `gmis_profess` [ RunTime:0.023047s ]
[ sql ] [ SQL ] SELECT * FROM `gmis_profess` WHERE  `id` = 1 LIMIT 1 [ RunTime:0.001937s ]
---------------------------------------------------------------
[ 2018-11-17T10:56:03+08:00 ] 0.0.0.0 GET localhost/gmis/public/index/Stuselect/showApplyTitle
[è¿è¡Œæ—¶é—´ï¼š0.680599s] [ååç‡ï¼š1.47req/s] [å†…å­˜æ¶ˆè€—ï¼š6,010.85kb] [æ–‡ä»¶åŠ è½½ï¼š67]
[ info ] [ BEHAVIOR ] Run Closure @app_init [ RunTime:0.000395s ]
[ info ] [ CACHE ] INIT File
[ info ] [ BEHAVIOR ] Run Closure @app_init [ RunTime:0.038610s ]
[ info ] [ LANG ] C:\wamp64\www\gmis\thinkphp\lang\zh-cn.php
[ info ] [ ROUTE ] array (
  'type' => 'module',
  'module' => 
  array (
    0 => 'index',
    1 => 'Stuselect',
    2 => 'showApplyTitle',
  ),
)
[ info ] [ HEADER ] array (
  'host' => 'localhost',
  'connection' => 'keep-alive',
  'pragma' => 'no-cache',
  'cache-control' => 'no-cache',
  'upgrade-insecure-requests' => '1',
  'user-agent' => 'Mozilla/5.0 (Windows NT 10.0; WOW64) AppleWebKit/537.36 (KHTML, like Gecko) Chrome/66.0.3359.139 Safari/537.36',
  'accept' => 'text/html,application/xhtml+xml,application/xml;q=0.9,image/webp,image/apng,*/*;q=0.8',
  'accept-encoding' => 'gzip, deflate, br',
  'accept-language' => 'zh-CN,zh;q=0.9',
  'cookie' => 'PHPSESSID=u61546tg4mk7d2rjd8o5snavc6',
)
[ info ] [ PARAM ] array (
)
[ info ] [ LANG ] C:\wamp64\www\gmis\public/../application/index\lang\zh-cn.php
[ info ] [ BEHAVIOR ] Run app\common\behavior\Common @module_init [ RunTime:0.020652s ]
[ info ] [ SESSION ] INIT array (
  'id' => '',
  'var_session_id' => '',
  'prefix' => 'think',
  'type' => '',
  'auto_start' => true,
)
[ info ] [ RUN ] app\index\controller\Stuselect->showApplyTitle[ C:\wamp64\www\gmis\application\index\controller\Stuselect.php ]
[ info ] [ DB ] INIT mysql
[ info ] [ VIEW ] C:\wamp64\www\gmis\public/../application/index\view\sselect\showTitle.html [ array (
  0 => 'list',
) ]
[ info ] [ LOG ] INIT File
[ sql ] [ DB ] CONNECT:[ UseTime:0.005600s ] mysql:host=127.0.0.1;dbname=gmisManage;charset=utf8
[ sql ] [ SQL ] SHOW COLUMNS FROM `gmis_tapply` [ RunTime:0.025981s ]
[ sql ] [ SQL ] SELECT * FROM `gmis_tapply` WHERE  `belongsenior` = '2018-2019'  AND `status` = 'å·²é€šè¿‡'  AND `proid` = 1 ORDER BY `id` DESC [ RunTime:0.002987s ]
[ sql ] [ SQL ] SHOW COLUMNS FROM `gmis_profess` [ RunTime:0.023714s ]
[ sql ] [ SQL ] SELECT * FROM `gmis_profess` WHERE  `id` = 1 LIMIT 1 [ RunTime:0.002003s ]
