---------------------------------------------------------------
[ 2018-11-18T13:45:00+08:00 ] 0.0.0.0 GET localhost/gmis/public/index/login/login
[运行时间：3.866028s] [吞吐率：0.26req/s] [内存消耗：6,051.74kb] [文件加载：67]
[ info ] [ BEHAVIOR ] Run Closure @app_init [ RunTime:0.000529s ]
[ info ] [ CACHE ] INIT File
[ info ] [ BEHAVIOR ] Run Closure @app_init [ RunTime:0.236751s ]
[ info ] [ LANG ] C:\wamp64\www\gmis\thinkphp\lang\zh-cn.php
[ info ] [ ROUTE ] array (
  'type' => 'module',
  'module' => 
  array (
    0 => 'index',
    1 => 'login',
    2 => 'login',
  ),
)
[ info ] [ HEADER ] array (
  'host' => 'localhost',
  'connection' => 'keep-alive',
  'upgrade-insecure-requests' => '1',
  'user-agent' => 'Mozilla/5.0 (Windows NT 10.0; WOW64) AppleWebKit/537.36 (KHTML, like Gecko) Chrome/66.0.3359.139 Safari/537.36',
  'accept' => 'text/html,application/xhtml+xml,application/xml;q=0.9,image/webp,image/apng,*/*;q=0.8',
  'accept-encoding' => 'gzip, deflate, br',
  'accept-language' => 'zh-CN,zh;q=0.9',
)
[ info ] [ PARAM ] array (
)
[ info ] [ LANG ] C:\wamp64\www\gmis\public/../application/index\lang\zh-cn.php
[ info ] [ BEHAVIOR ] Run app\common\behavior\Common @module_init [ RunTime:0.097473s ]
[ info ] [ RUN ] app\index\controller\Login->login[ C:\wamp64\www\gmis\application\index\controller\Login.php ]
[ info ] [ DB ] INIT mysql
[ info ] [ SESSION ] INIT array (
  'id' => '',
  'var_session_id' => '',
  'prefix' => 'think',
  'type' => '',
  'auto_start' => true,
)
[ info ] [ VIEW ] C:\wamp64\www\gmis\public/../application/common\view\tpl\dispatch_jump.tpl [ array (
  0 => 'code',
  1 => 'msg',
  2 => 'data',
  3 => 'url',
  4 => 'wait',
) ]
[ info ] [ LOG ] INIT File
[ sql ] [ DB ] CONNECT:[ UseTime:0.044881s ] mysql:host=127.0.0.1;dbname=gmisManage;charset=utf8
[ sql ] [ SQL ] SHOW COLUMNS FROM `gmis_student` [ RunTime:0.045965s ]
[ sql ] [ SQL ] SELECT * FROM `gmis_student` WHERE  `stuidcard` = '201509010108' LIMIT 1 [ RunTime:0.003367s ]
---------------------------------------------------------------
[ 2018-11-18T13:45:03+08:00 ] 0.0.0.0 GET localhost/gmis/public/index/index/index.html
[运行时间：0.685972s] [吞吐率：1.46req/s] [内存消耗：4,138.76kb] [文件加载：60]
[ info ] [ BEHAVIOR ] Run Closure @app_init [ RunTime:0.000252s ]
[ info ] [ CACHE ] INIT File
[ info ] [ BEHAVIOR ] Run Closure @app_init [ RunTime:0.019805s ]
[ info ] [ LANG ] C:\wamp64\www\gmis\thinkphp\lang\zh-cn.php
[ info ] [ ROUTE ] array (
  'type' => 'module',
  'module' => 
  array (
    0 => 'index',
    1 => 'index',
    2 => 'index',
  ),
)
[ info ] [ HEADER ] array (
  'host' => 'localhost',
  'connection' => 'keep-alive',
  'upgrade-insecure-requests' => '1',
  'user-agent' => 'Mozilla/5.0 (Windows NT 10.0; WOW64) AppleWebKit/537.36 (KHTML, like Gecko) Chrome/66.0.3359.139 Safari/537.36',
  'accept' => 'text/html,application/xhtml+xml,application/xml;q=0.9,image/webp,image/apng,*/*;q=0.8',
  'referer' => 'http://localhost/gmis/public/index/login/login',
  'accept-encoding' => 'gzip, deflate, br',
  'accept-language' => 'zh-CN,zh;q=0.9',
  'cookie' => 'PHPSESSID=7ei7gmb9s5ir776v6oh41l3ql1',
)
[ info ] [ PARAM ] array (
)
[ info ] [ LANG ] C:\wamp64\www\gmis\public/../application/index\lang\zh-cn.php
[ info ] [ BEHAVIOR ] Run app\common\behavior\Common @module_init [ RunTime:0.013011s ]
[ info ] [ SESSION ] INIT array (
  'id' => '',
  'var_session_id' => '',
  'prefix' => 'think',
  'type' => '',
  'auto_start' => true,
)
[ info ] [ RUN ] app\index\controller\Index->index[ C:\wamp64\www\gmis\application\index\controller\Index.php ]
[ info ] [ VIEW ] C:\wamp64\www\gmis\public/../application/index\view\user\login.html [ array (
) ]
[ info ] [ LOG ] INIT File
---------------------------------------------------------------
[ 2018-11-18T13:46:51+08:00 ] 0.0.0.0 GET localhost/gmis/public/admin
[运行时间：0.832259s] [吞吐率：1.20req/s] [内存消耗：4,638.79kb] [文件加载：66]
[ info ] [ BEHAVIOR ] Run Closure @app_init [ RunTime:0.000230s ]
[ info ] [ CACHE ] INIT File
[ info ] [ BEHAVIOR ] Run Closure @app_init [ RunTime:0.026718s ]
[ info ] [ LANG ] C:\wamp64\www\gmis\thinkphp\lang\zh-cn.php
[ info ] [ ROUTE ] array (
  'type' => 'module',
  'module' => 
  array (
    0 => 'admin',
    1 => NULL,
    2 => NULL,
  ),
)
[ info ] [ HEADER ] array (
  'host' => 'localhost',
  'connection' => 'keep-alive',
  'upgrade-insecure-requests' => '1',
  'user-agent' => 'Mozilla/5.0 (Windows NT 10.0; WOW64) AppleWebKit/537.36 (KHTML, like Gecko) Chrome/66.0.3359.139 Safari/537.36',
  'accept' => 'text/html,application/xhtml+xml,application/xml;q=0.9,image/webp,image/apng,*/*;q=0.8',
  'accept-encoding' => 'gzip, deflate, br',
  'accept-language' => 'zh-CN,zh;q=0.9',
  'cookie' => 'PHPSESSID=7ei7gmb9s5ir776v6oh41l3ql1',
)
[ info ] [ PARAM ] array (
)
[ info ] [ LANG ] C:\wamp64\www\gmis\public/../application/admin\lang\zh-cn.php
[ info ] [ BEHAVIOR ] Run app\common\behavior\Common @module_init [ RunTime:0.017320s ]
[ info ] [ SESSION ] INIT array (
  'id' => '',
  'var_session_id' => '',
  'prefix' => 'think',
  'type' => '',
  'auto_start' => true,
)
[ info ] [ VIEW ] C:\wamp64\www\gmis\public/../application/common\view\tpl\dispatch_jump.tpl [ array (
  0 => 'code',
  1 => 'msg',
  2 => 'data',
  3 => 'url',
  4 => 'wait',
) ]
[ info ] [ BEHAVIOR ] Run app\admin\behavior\AdminLog @app_end [ RunTime:0.033112s ]
[ info ] [ LOG ] INIT File
---------------------------------------------------------------
[ 2018-11-18T13:46:56+08:00 ] 0.0.0.0 GET localhost/gmis/public/admin/index/login?url=%2Fgmis%2Fpublic%2Fadmin
[运行时间：0.645194s] [吞吐率：1.55req/s] [内存消耗：5,327.66kb] [文件加载：69]
[ info ] [ BEHAVIOR ] Run Closure @app_init [ RunTime:0.000416s ]
[ info ] [ CACHE ] INIT File
[ info ] [ BEHAVIOR ] Run Closure @app_init [ RunTime:0.019471s ]
[ info ] [ LANG ] C:\wamp64\www\gmis\thinkphp\lang\zh-cn.php
[ info ] [ ROUTE ] array (
  'type' => 'module',
  'module' => 
  array (
    0 => 'admin',
    1 => 'index',
    2 => 'login',
  ),
)
[ info ] [ HEADER ] array (
  'host' => 'localhost',
  'connection' => 'keep-alive',
  'upgrade-insecure-requests' => '1',
  'user-agent' => 'Mozilla/5.0 (Windows NT 10.0; WOW64) AppleWebKit/537.36 (KHTML, like Gecko) Chrome/66.0.3359.139 Safari/537.36',
  'accept' => 'text/html,application/xhtml+xml,application/xml;q=0.9,image/webp,image/apng,*/*;q=0.8',
  'referer' => 'http://localhost/gmis/public/admin',
  'accept-encoding' => 'gzip, deflate, br',
  'accept-language' => 'zh-CN,zh;q=0.9',
  'cookie' => 'PHPSESSID=7ei7gmb9s5ir776v6oh41l3ql1',
)
[ info ] [ PARAM ] array (
  'url' => '/gmis/public/admin',
)
[ info ] [ LANG ] C:\wamp64\www\gmis\public/../application/admin\lang\zh-cn.php
[ info ] [ BEHAVIOR ] Run app\common\behavior\Common @module_init [ RunTime:0.011942s ]
[ info ] [ SESSION ] INIT array (
  'id' => '',
  'var_session_id' => '',
  'prefix' => 'think',
  'type' => '',
  'auto_start' => true,
)
[ info ] [ LANG ] C:\wamp64\www\gmis\public/../application/admin/lang/zh-cn/index.php
[ info ] [ RUN ] app\admin\controller\Index->login[ C:\wamp64\www\gmis\application\admin\controller\Index.php ]
[ info ] [ VIEW ] C:\wamp64\www\gmis\public/../application/admin\view\index\login.html [ array (
  0 => 'breadcrumb',
  1 => 'site',
  2 => 'config',
  3 => 'auth',
  4 => 'admin',
  5 => 'background',
  6 => 'title',
) ]
[ info ] [ BEHAVIOR ] Run app\admin\behavior\AdminLog @app_end [ RunTime:0.007221s ]
[ info ] [ LOG ] INIT File
---------------------------------------------------------------
[ 2018-11-18T13:46:57+08:00 ] 0.0.0.0 GET localhost/gmis/public/admin/ajax/lang?callback=define&controllername=index&v=1542520015
[运行时间：0.616659s] [吞吐率：1.62req/s] [内存消耗：5,337.96kb] [文件加载：69]
[ info ] [ BEHAVIOR ] Run Closure @app_init [ RunTime:0.000245s ]
[ info ] [ CACHE ] INIT File
[ info ] [ BEHAVIOR ] Run Closure @app_init [ RunTime:0.032358s ]
[ info ] [ LANG ] C:\wamp64\www\gmis\thinkphp\lang\zh-cn.php
[ info ] [ ROUTE ] array (
  'type' => 'module',
  'module' => 
  array (
    0 => 'admin',
    1 => 'ajax',
    2 => 'lang',
  ),
)
[ info ] [ HEADER ] array (
  'host' => 'localhost',
  'connection' => 'keep-alive',
  'user-agent' => 'Mozilla/5.0 (Windows NT 10.0; WOW64) AppleWebKit/537.36 (KHTML, like Gecko) Chrome/66.0.3359.139 Safari/537.36',
  'accept' => '*/*',
  'referer' => 'http://localhost/gmis/public/admin/index/login?url=%2Fgmis%2Fpublic%2Fadmin',
  'accept-encoding' => 'gzip, deflate, br',
  'accept-language' => 'zh-CN,zh;q=0.9',
  'cookie' => 'PHPSESSID=7ei7gmb9s5ir776v6oh41l3ql1',
)
[ info ] [ PARAM ] array (
  'callback' => 'define',
  'controllername' => 'index',
  'v' => '1542520015',
)
[ info ] [ LANG ] C:\wamp64\www\gmis\public/../application/admin\lang\zh-cn.php
[ info ] [ BEHAVIOR ] Run app\common\behavior\Common @module_init [ RunTime:0.023443s ]
[ info ] [ SESSION ] INIT array (
  'id' => '',
  'var_session_id' => '',
  'prefix' => 'think',
  'type' => '',
  'auto_start' => true,
)
[ info ] [ LANG ] C:\wamp64\www\gmis\public/../application/admin/lang/zh-cn/ajax.php
[ info ] [ RUN ] app\admin\controller\Ajax->lang[ C:\wamp64\www\gmis\application\admin\controller\Ajax.php ]
[ info ] [ LANG ] C:\wamp64\www\gmis\public/../application/admin/lang/zh-cn/index.php
[ info ] [ BEHAVIOR ] Run app\admin\behavior\AdminLog @app_end [ RunTime:0.009614s ]
[ info ] [ LOG ] INIT File
---------------------------------------------------------------
[ 2018-11-18T13:47:05+08:00 ] 0.0.0.0 POST localhost/gmis/public/admin/index/login?url=%2Fgmis%2Fpublic%2Fadmin
[运行时间：0.821799s] [吞吐率：1.22req/s] [内存消耗：6,883.02kb] [文件加载：78]
[ info ] [ BEHAVIOR ] Run Closure @app_init [ RunTime:0.000225s ]
[ info ] [ CACHE ] INIT File
[ info ] [ BEHAVIOR ] Run Closure @app_init [ RunTime:0.027910s ]
[ info ] [ LANG ] C:\wamp64\www\gmis\thinkphp\lang\zh-cn.php
[ info ] [ ROUTE ] array (
  'type' => 'module',
  'module' => 
  array (
    0 => 'admin',
    1 => 'index',
    2 => 'login',
  ),
)
[ info ] [ HEADER ] array (
  'host' => 'localhost',
  'connection' => 'keep-alive',
  'content-length' => '77',
  'accept' => 'application/json, text/javascript, */*; q=0.01',
  'origin' => 'http://localhost',
  'x-requested-with' => 'XMLHttpRequest',
  'user-agent' => 'Mozilla/5.0 (Windows NT 10.0; WOW64) AppleWebKit/537.36 (KHTML, like Gecko) Chrome/66.0.3359.139 Safari/537.36',
  'content-type' => 'application/x-www-form-urlencoded; charset=UTF-8',
  'referer' => 'http://localhost/gmis/public/admin/index/login?url=%2Fgmis%2Fpublic%2Fadmin',
  'accept-encoding' => 'gzip, deflate, br',
  'accept-language' => 'zh-CN,zh;q=0.9',
  'cookie' => 'PHPSESSID=7ei7gmb9s5ir776v6oh41l3ql1',
)
[ info ] [ PARAM ] array (
  'url' => '/gmis/public/admin',
  '__token__' => '50359969284567cab445eb6ddc3a7f9d',
  'username' => 'dreamtech',
  'password' => '123456',
)
[ info ] [ LANG ] C:\wamp64\www\gmis\public/../application/admin\lang\zh-cn.php
[ info ] [ BEHAVIOR ] Run app\common\behavior\Common @module_init [ RunTime:0.018284s ]
[ info ] [ SESSION ] INIT array (
  'id' => '',
  'var_session_id' => '',
  'prefix' => 'think',
  'type' => '',
  'auto_start' => true,
)
[ info ] [ LANG ] C:\wamp64\www\gmis\public/../application/admin/lang/zh-cn/index.php
[ info ] [ RUN ] app\admin\controller\Index->login[ C:\wamp64\www\gmis\application\admin\controller\Index.php ]
[ info ] [ DB ] INIT mysql
[ info ] [ BEHAVIOR ] Run app\admin\behavior\AdminLog @app_end [ RunTime:0.052151s ]
[ info ] [ LOG ] INIT File
[ sql ] [ DB ] CONNECT:[ UseTime:0.005159s ] mysql:host=127.0.0.1;dbname=gmisManage;charset=utf8
[ sql ] [ SQL ] SHOW COLUMNS FROM `gmis_admin` [ RunTime:0.023581s ]
[ sql ] [ SQL ] SELECT * FROM `gmis_admin` WHERE  `username` = 'dreamtech' LIMIT 1 [ RunTime:0.002053s ]
[ sql ] [ SQL ] UPDATE `gmis_admin`  SET `logintime`=1542520024,`token`='7c1e9518-ec8b-4ae6-9791-a6ec52a024d8',`updatetime`=1542520024  WHERE  `id` = 1 [ RunTime:0.007414s ]
[ sql ] [ SQL ] SHOW COLUMNS FROM `gmis_admin_log` [ RunTime:0.026127s ]
[ sql ] [ SQL ] INSERT INTO `gmis_admin_log` (`title` , `content` , `url` , `admin_id` , `username` , `useragent` , `ip` , `createtime`) VALUES ('登录' , '{\"url\":\"\\/gmis\\/public\\/admin\",\"__token__\":\"50359969284567cab445eb6ddc3a7f9d\",\"username\":\"dreamtech\"}' , '/gmis/public/admin/index/login?url=%2Fgmis%2Fpublic%2Fadmin' , 1 , 'dreamtech' , 'Mozilla/5.0 (Windows NT 10.0; WOW64) AppleWebKit/537.36 (KHTML, like Gecko) Chrome/66.0.3359.139 Safari/537.36' , '0.0.0.0' , 1542520025) [ RunTime:0.005755s ]
---------------------------------------------------------------
[ 2018-11-18T13:47:09+08:00 ] 0.0.0.0 GET localhost/gmis/public/admin
[运行时间：4.753944s] [吞吐率：0.21req/s] [内存消耗：7,443.79kb] [文件加载：88]
[ info ] [ BEHAVIOR ] Run Closure @app_init [ RunTime:0.000230s ]
[ info ] [ CACHE ] INIT File
[ info ] [ BEHAVIOR ] Run Closure @app_init [ RunTime:0.026202s ]
[ info ] [ LANG ] C:\wamp64\www\gmis\thinkphp\lang\zh-cn.php
[ info ] [ ROUTE ] array (
  'type' => 'module',
  'module' => 
  array (
    0 => 'admin',
    1 => NULL,
    2 => NULL,
  ),
)
[ info ] [ HEADER ] array (
  'host' => 'localhost',
  'connection' => 'keep-alive',
  'upgrade-insecure-requests' => '1',
  'user-agent' => 'Mozilla/5.0 (Windows NT 10.0; WOW64) AppleWebKit/537.36 (KHTML, like Gecko) Chrome/66.0.3359.139 Safari/537.36',
  'accept' => 'text/html,application/xhtml+xml,application/xml;q=0.9,image/webp,image/apng,*/*;q=0.8',
  'referer' => 'http://localhost/gmis/public/admin/index/login?url=%2Fgmis%2Fpublic%2Fadmin',
  'accept-encoding' => 'gzip, deflate, br',
  'accept-language' => 'zh-CN,zh;q=0.9',
  'cookie' => 'PHPSESSID=7ei7gmb9s5ir776v6oh41l3ql1',
)
[ info ] [ PARAM ] array (
)
[ info ] [ LANG ] C:\wamp64\www\gmis\public/../application/admin\lang\zh-cn.php
[ info ] [ BEHAVIOR ] Run app\common\behavior\Common @module_init [ RunTime:0.012564s ]
[ info ] [ SESSION ] INIT array (
  'id' => '',
  'var_session_id' => '',
  'prefix' => 'think',
  'type' => '',
  'auto_start' => true,
)
[ info ] [ LANG ] C:\wamp64\www\gmis\public/../application/admin/lang/zh-cn/index.php
[ info ] [ RUN ] app\admin\controller\Index->index[ C:\wamp64\www\gmis\application\admin\controller\Index.php ]
[ info ] [ DB ] INIT mysql
[ info ] [ VIEW ] C:\wamp64\www\gmis\public/../application/admin\view\index\index.html [ array (
  0 => 'breadcrumb',
  1 => 'site',
  2 => 'config',
  3 => 'auth',
  4 => 'admin',
  5 => 'menulist',
  6 => 'navlist',
  7 => 'fixedmenu',
  8 => 'referermenu',
  9 => 'title',
) ]
[ info ] [ BEHAVIOR ] Run app\admin\behavior\AdminLog @app_end [ RunTime:0.009208s ]
[ info ] [ LOG ] INIT File
[ sql ] [ DB ] CONNECT:[ UseTime:0.011577s ] mysql:host=127.0.0.1;dbname=gmisManage;charset=utf8
[ sql ] [ SQL ] SHOW COLUMNS FROM `gmis_auth_group_access` [ RunTime:0.019723s ]
[ sql ] [ SQL ] SELECT `aga`.`uid`,`aga`.`group_id`,`ag`.`id`,`ag`.`pid`,`ag`.`name`,`ag`.`rules` FROM `gmis_auth_group_access` `aga` LEFT JOIN `gmis_auth_group` `ag` ON `aga`.`group_id`=`ag`.`id` WHERE  (  aga.uid='1' and ag.status='normal' ) [ RunTime:0.025326s ]
[ sql ] [ SQL ] SHOW COLUMNS FROM `gmis_auth_rule` [ RunTime:0.027096s ]
[ sql ] [ SQL ] SELECT `id`,`pid`,`condition`,`icon`,`name`,`title`,`ismenu` FROM `gmis_auth_rule` WHERE  `status` = 'normal' [ RunTime:0.003340s ]
---------------------------------------------------------------
[ 2018-11-18T13:47:11+08:00 ] 0.0.0.0 GET localhost/gmis/public/admin/dashboard?addtabs=1
[运行时间：1.265845s] [吞吐率：0.79req/s] [内存消耗：7,096.43kb] [文件加载：78]
[ info ] [ BEHAVIOR ] Run Closure @app_init [ RunTime:0.000567s ]
[ info ] [ CACHE ] INIT File
[ info ] [ BEHAVIOR ] Run Closure @app_init [ RunTime:0.023399s ]
[ info ] [ LANG ] C:\wamp64\www\gmis\thinkphp\lang\zh-cn.php
[ info ] [ ROUTE ] array (
  'type' => 'module',
  'module' => 
  array (
    0 => 'admin',
    1 => 'dashboard',
    2 => NULL,
  ),
)
[ info ] [ HEADER ] array (
  'host' => 'localhost',
  'connection' => 'keep-alive',
  'upgrade-insecure-requests' => '1',
  'user-agent' => 'Mozilla/5.0 (Windows NT 10.0; WOW64) AppleWebKit/537.36 (KHTML, like Gecko) Chrome/66.0.3359.139 Safari/537.36',
  'accept' => 'text/html,application/xhtml+xml,application/xml;q=0.9,image/webp,image/apng,*/*;q=0.8',
  'referer' => 'http://localhost/gmis/public/admin',
  'accept-encoding' => 'gzip, deflate, br',
  'accept-language' => 'zh-CN,zh;q=0.9',
  'cookie' => 'PHPSESSID=7ei7gmb9s5ir776v6oh41l3ql1',
)
[ info ] [ PARAM ] array (
  'addtabs' => '1',
)
[ info ] [ LANG ] C:\wamp64\www\gmis\public/../application/admin\lang\zh-cn.php
[ info ] [ BEHAVIOR ] Run app\common\behavior\Common @module_init [ RunTime:0.014474s ]
[ info ] [ SESSION ] INIT array (
  'id' => '',
  'var_session_id' => '',
  'prefix' => 'think',
  'type' => '',
  'auto_start' => true,
)
[ info ] [ DB ] INIT mysql
[ info ] [ LANG ] C:\wamp64\www\gmis\public/../application/admin/lang/zh-cn/dashboard.php
[ info ] [ RUN ] app\admin\controller\Dashboard->index[ C:\wamp64\www\gmis\application\admin\controller\Dashboard.php ]
[ info ] [ VIEW ] C:\wamp64\www\gmis\public/../application/admin\view\dashboard\index.html [ array (
  0 => 'breadcrumb',
  1 => 'site',
  2 => 'config',
  3 => 'auth',
  4 => 'admin',
  5 => 'totaluser',
  6 => 'totalviews',
  7 => 'totalorder',
  8 => 'totalorderamount',
  9 => 'todayuserlogin',
  10 => 'todayusersignup',
  11 => 'todayorder',
  12 => 'unsettleorder',
  13 => 'sevendnu',
  14 => 'sevendau',
  15 => 'paylist',
  16 => 'createlist',
  17 => 'addonversion',
  18 => 'uploadmode',
) ]
[ info ] [ BEHAVIOR ] Run app\admin\behavior\AdminLog @app_end [ RunTime:0.012311s ]
[ info ] [ LOG ] INIT File
[ sql ] [ DB ] CONNECT:[ UseTime:0.004801s ] mysql:host=127.0.0.1;dbname=gmisManage;charset=utf8
[ sql ] [ SQL ] SHOW COLUMNS FROM `gmis_auth_group_access` [ RunTime:0.020350s ]
[ sql ] [ SQL ] SELECT `aga`.`uid`,`aga`.`group_id`,`ag`.`id`,`ag`.`pid`,`ag`.`name`,`ag`.`rules` FROM `gmis_auth_group_access` `aga` LEFT JOIN `gmis_auth_group` `ag` ON `aga`.`group_id`=`ag`.`id` WHERE  (  aga.uid='1' and ag.status='normal' ) [ RunTime:0.019244s ]
[ sql ] [ SQL ] SHOW COLUMNS FROM `gmis_auth_rule` [ RunTime:0.022595s ]
[ sql ] [ SQL ] SELECT `id`,`pid`,`condition`,`icon`,`name`,`title`,`ismenu` FROM `gmis_auth_rule` WHERE  `status` = 'normal' [ RunTime:0.003546s ]
[ sql ] [ SQL ] SELECT `title`,`remark` FROM `gmis_auth_rule` WHERE  `name` = 'dashboard' LIMIT 1 [ RunTime:0.003256s ]
---------------------------------------------------------------
[ 2018-11-18T13:47:14+08:00 ] 0.0.0.0 GET localhost/gmis/public/admin/ajax/lang?callback=define&controllername=index&v=1542520025
[运行时间：0.575413s] [吞吐率：1.74req/s] [内存消耗：5,340.37kb] [文件加载：69]
[ info ] [ BEHAVIOR ] Run Closure @app_init [ RunTime:0.000249s ]
[ info ] [ CACHE ] INIT File
[ info ] [ BEHAVIOR ] Run Closure @app_init [ RunTime:0.032100s ]
[ info ] [ LANG ] C:\wamp64\www\gmis\thinkphp\lang\zh-cn.php
[ info ] [ ROUTE ] array (
  'type' => 'module',
  'module' => 
  array (
    0 => 'admin',
    1 => 'ajax',
    2 => 'lang',
  ),
)
[ info ] [ HEADER ] array (
  'host' => 'localhost',
  'connection' => 'keep-alive',
  'user-agent' => 'Mozilla/5.0 (Windows NT 10.0; WOW64) AppleWebKit/537.36 (KHTML, like Gecko) Chrome/66.0.3359.139 Safari/537.36',
  'accept' => '*/*',
  'referer' => 'http://localhost/gmis/public/admin',
  'accept-encoding' => 'gzip, deflate, br',
  'accept-language' => 'zh-CN,zh;q=0.9',
  'cookie' => 'PHPSESSID=7ei7gmb9s5ir776v6oh41l3ql1',
)
[ info ] [ PARAM ] array (
  'callback' => 'define',
  'controllername' => 'index',
  'v' => '1542520025',
)
[ info ] [ LANG ] C:\wamp64\www\gmis\public/../application/admin\lang\zh-cn.php
[ info ] [ BEHAVIOR ] Run app\common\behavior\Common @module_init [ RunTime:0.021101s ]
[ info ] [ SESSION ] INIT array (
  'id' => '',
  'var_session_id' => '',
  'prefix' => 'think',
  'type' => '',
  'auto_start' => true,
)
[ info ] [ LANG ] C:\wamp64\www\gmis\public/../application/admin/lang/zh-cn/ajax.php
[ info ] [ RUN ] app\admin\controller\Ajax->lang[ C:\wamp64\www\gmis\application\admin\controller\Ajax.php ]
[ info ] [ LANG ] C:\wamp64\www\gmis\public/../application/admin/lang/zh-cn/index.php
[ info ] [ BEHAVIOR ] Run app\admin\behavior\AdminLog @app_end [ RunTime:0.007980s ]
[ info ] [ LOG ] INIT File
---------------------------------------------------------------
[ 2018-11-18T13:47:14+08:00 ] 0.0.0.0 GET localhost/gmis/public/admin/ajax/lang?callback=define&controllername=dashboard&v=1542520030
[运行时间：0.561217s] [吞吐率：1.78req/s] [内存消耗：5,337.62kb] [文件加载：69]
[ info ] [ BEHAVIOR ] Run Closure @app_init [ RunTime:0.000484s ]
[ info ] [ CACHE ] INIT File
[ info ] [ BEHAVIOR ] Run Closure @app_init [ RunTime:0.027302s ]
[ info ] [ LANG ] C:\wamp64\www\gmis\thinkphp\lang\zh-cn.php
[ info ] [ ROUTE ] array (
  'type' => 'module',
  'module' => 
  array (
    0 => 'admin',
    1 => 'ajax',
    2 => 'lang',
  ),
)
[ info ] [ HEADER ] array (
  'host' => 'localhost',
  'connection' => 'keep-alive',
  'user-agent' => 'Mozilla/5.0 (Windows NT 10.0; WOW64) AppleWebKit/537.36 (KHTML, like Gecko) Chrome/66.0.3359.139 Safari/537.36',
  'accept' => '*/*',
  'referer' => 'http://localhost/gmis/public/admin/dashboard?addtabs=1',
  'accept-encoding' => 'gzip, deflate, br',
  'accept-language' => 'zh-CN,zh;q=0.9',
  'cookie' => 'PHPSESSID=7ei7gmb9s5ir776v6oh41l3ql1',
)
[ info ] [ PARAM ] array (
  'callback' => 'define',
  'controllername' => 'dashboard',
  'v' => '1542520030',
)
[ info ] [ LANG ] C:\wamp64\www\gmis\public/../application/admin\lang\zh-cn.php
[ info ] [ BEHAVIOR ] Run app\common\behavior\Common @module_init [ RunTime:0.023738s ]
[ info ] [ SESSION ] INIT array (
  'id' => '',
  'var_session_id' => '',
  'prefix' => 'think',
  'type' => '',
  'auto_start' => true,
)
[ info ] [ LANG ] C:\wamp64\www\gmis\public/../application/admin/lang/zh-cn/ajax.php
[ info ] [ RUN ] app\admin\controller\Ajax->lang[ C:\wamp64\www\gmis\application\admin\controller\Ajax.php ]
[ info ] [ LANG ] C:\wamp64\www\gmis\public/../application/admin/lang/zh-cn/dashboard.php
[ info ] [ BEHAVIOR ] Run app\admin\behavior\AdminLog @app_end [ RunTime:0.012067s ]
[ info ] [ LOG ] INIT File
---------------------------------------------------------------
[ 2018-11-18T13:47:22+08:00 ] 0.0.0.0 GET localhost/gmis/public/admin/profess?addtabs=1
[运行时间：1.065686s] [吞吐率：0.94req/s] [内存消耗：7,292.48kb] [文件加载：79]
[ info ] [ BEHAVIOR ] Run Closure @app_init [ RunTime:0.000294s ]
[ info ] [ CACHE ] INIT File
[ info ] [ BEHAVIOR ] Run Closure @app_init [ RunTime:0.018423s ]
[ info ] [ LANG ] C:\wamp64\www\gmis\thinkphp\lang\zh-cn.php
[ info ] [ ROUTE ] array (
  'type' => 'module',
  'module' => 
  array (
    0 => 'admin',
    1 => 'profess',
    2 => NULL,
  ),
)
[ info ] [ HEADER ] array (
  'host' => 'localhost',
  'connection' => 'keep-alive',
  'upgrade-insecure-requests' => '1',
  'user-agent' => 'Mozilla/5.0 (Windows NT 10.0; WOW64) AppleWebKit/537.36 (KHTML, like Gecko) Chrome/66.0.3359.139 Safari/537.36',
  'accept' => 'text/html,application/xhtml+xml,application/xml;q=0.9,image/webp,image/apng,*/*;q=0.8',
  'referer' => 'http://localhost/gmis/public/admin/profess?ref=addtabs',
  'accept-encoding' => 'gzip, deflate, br',
  'accept-language' => 'zh-CN,zh;q=0.9',
  'cookie' => 'PHPSESSID=7ei7gmb9s5ir776v6oh41l3ql1',
)
[ info ] [ PARAM ] array (
  'addtabs' => '1',
)
[ info ] [ LANG ] C:\wamp64\www\gmis\public/../application/admin\lang\zh-cn.php
[ info ] [ BEHAVIOR ] Run app\common\behavior\Common @module_init [ RunTime:0.011954s ]
[ info ] [ SESSION ] INIT array (
  'id' => '',
  'var_session_id' => '',
  'prefix' => 'think',
  'type' => '',
  'auto_start' => true,
)
[ info ] [ DB ] INIT mysql
[ info ] [ LANG ] C:\wamp64\www\gmis\public/../application/admin/lang/zh-cn/profess.php
[ info ] [ RUN ] app\common\controller\Backend->index[ C:\wamp64\www\gmis\application\admin\library\traits\Backend.php ]
[ info ] [ VIEW ] C:\wamp64\www\gmis\public/../application/admin\view\profess\index.html [ array (
  0 => 'breadcrumb',
  1 => 'site',
  2 => 'config',
  3 => 'auth',
  4 => 'admin',
  5 => 'statusList',
) ]
[ info ] [ BEHAVIOR ] Run app\admin\behavior\AdminLog @app_end [ RunTime:0.013270s ]
[ info ] [ LOG ] INIT File
[ sql ] [ DB ] CONNECT:[ UseTime:0.012465s ] mysql:host=127.0.0.1;dbname=gmisManage;charset=utf8
[ sql ] [ SQL ] SHOW COLUMNS FROM `gmis_auth_group_access` [ RunTime:0.019788s ]
[ sql ] [ SQL ] SELECT `aga`.`uid`,`aga`.`group_id`,`ag`.`id`,`ag`.`pid`,`ag`.`name`,`ag`.`rules` FROM `gmis_auth_group_access` `aga` LEFT JOIN `gmis_auth_group` `ag` ON `aga`.`group_id`=`ag`.`id` WHERE  (  aga.uid='1' and ag.status='normal' ) [ RunTime:0.019803s ]
[ sql ] [ SQL ] SHOW COLUMNS FROM `gmis_auth_rule` [ RunTime:0.022197s ]
[ sql ] [ SQL ] SELECT `id`,`pid`,`condition`,`icon`,`name`,`title`,`ismenu` FROM `gmis_auth_rule` WHERE  `status` = 'normal' [ RunTime:0.004208s ]
[ sql ] [ SQL ] SELECT `title`,`remark` FROM `gmis_auth_rule` WHERE  `name` = 'profess' LIMIT 1 [ RunTime:0.002660s ]
---------------------------------------------------------------
[ 2018-11-18T13:47:23+08:00 ] 0.0.0.0 GET localhost/gmis/public/admin/ajax/lang?callback=define&controllername=profess&v=1542520041
[运行时间：0.623883s] [吞吐率：1.60req/s] [内存消耗：5,331.39kb] [文件加载：69]
[ info ] [ BEHAVIOR ] Run Closure @app_init [ RunTime:0.000230s ]
[ info ] [ CACHE ] INIT File
[ info ] [ BEHAVIOR ] Run Closure @app_init [ RunTime:0.028857s ]
[ info ] [ LANG ] C:\wamp64\www\gmis\thinkphp\lang\zh-cn.php
[ info ] [ ROUTE ] array (
  'type' => 'module',
  'module' => 
  array (
    0 => 'admin',
    1 => 'ajax',
    2 => 'lang',
  ),
)
[ info ] [ HEADER ] array (
  'host' => 'localhost',
  'connection' => 'keep-alive',
  'user-agent' => 'Mozilla/5.0 (Windows NT 10.0; WOW64) AppleWebKit/537.36 (KHTML, like Gecko) Chrome/66.0.3359.139 Safari/537.36',
  'accept' => '*/*',
  'referer' => 'http://localhost/gmis/public/admin/profess?addtabs=1',
  'accept-encoding' => 'gzip, deflate, br',
  'accept-language' => 'zh-CN,zh;q=0.9',
  'cookie' => 'PHPSESSID=7ei7gmb9s5ir776v6oh41l3ql1',
)
[ info ] [ PARAM ] array (
  'callback' => 'define',
  'controllername' => 'profess',
  'v' => '1542520041',
)
[ info ] [ LANG ] C:\wamp64\www\gmis\public/../application/admin\lang\zh-cn.php
[ info ] [ BEHAVIOR ] Run app\common\behavior\Common @module_init [ RunTime:0.029787s ]
[ info ] [ SESSION ] INIT array (
  'id' => '',
  'var_session_id' => '',
  'prefix' => 'think',
  'type' => '',
  'auto_start' => true,
)
[ info ] [ LANG ] C:\wamp64\www\gmis\public/../application/admin/lang/zh-cn/ajax.php
[ info ] [ RUN ] app\admin\controller\Ajax->lang[ C:\wamp64\www\gmis\application\admin\controller\Ajax.php ]
[ info ] [ LANG ] C:\wamp64\www\gmis\public/../application/admin/lang/zh-cn/profess.php
[ info ] [ BEHAVIOR ] Run app\admin\behavior\AdminLog @app_end [ RunTime:0.015985s ]
[ info ] [ LOG ] INIT File
---------------------------------------------------------------
[ 2018-11-18T13:47:26+08:00 ] 0.0.0.0 GET localhost/gmis/public/admin/profess/index?sort=id&order=desc&offset=0&limit=10&_=1542520042962
[运行时间：1.564690s] [吞吐率：0.64req/s] [内存消耗：7,158.45kb] [文件加载：79]
[ info ] [ BEHAVIOR ] Run Closure @app_init [ RunTime:0.000519s ]
[ info ] [ CACHE ] INIT File
[ info ] [ BEHAVIOR ] Run Closure @app_init [ RunTime:0.194912s ]
[ info ] [ LANG ] C:\wamp64\www\gmis\thinkphp\lang\zh-cn.php
[ info ] [ ROUTE ] array (
  'type' => 'module',
  'module' => 
  array (
    0 => 'admin',
    1 => 'profess',
    2 => 'index',
  ),
)
[ info ] [ HEADER ] array (
  'host' => 'localhost',
  'connection' => 'keep-alive',
  'accept' => 'application/json, text/javascript, */*; q=0.01',
  'x-requested-with' => 'XMLHttpRequest',
  'user-agent' => 'Mozilla/5.0 (Windows NT 10.0; WOW64) AppleWebKit/537.36 (KHTML, like Gecko) Chrome/66.0.3359.139 Safari/537.36',
  'content-type' => 'application/json',
  'referer' => 'http://localhost/gmis/public/admin/profess?addtabs=1',
  'accept-encoding' => 'gzip, deflate, br',
  'accept-language' => 'zh-CN,zh;q=0.9',
  'cookie' => 'PHPSESSID=7ei7gmb9s5ir776v6oh41l3ql1',
)
[ info ] [ PARAM ] array (
  'sort' => 'id',
  'order' => 'desc',
  'offset' => '0',
  'limit' => '10',
  '_' => '1542520042962',
)
[ info ] [ LANG ] C:\wamp64\www\gmis\public/../application/admin\lang\zh-cn.php
[ info ] [ BEHAVIOR ] Run app\common\behavior\Common @module_init [ RunTime:0.039388s ]
[ info ] [ SESSION ] INIT array (
  'id' => '',
  'var_session_id' => '',
  'prefix' => 'think',
  'type' => '',
  'auto_start' => true,
)
[ info ] [ DB ] INIT mysql
[ info ] [ LANG ] C:\wamp64\www\gmis\public/../application/admin/lang/zh-cn/profess.php
[ info ] [ RUN ] app\common\controller\Backend->index[ C:\wamp64\www\gmis\application\admin\library\traits\Backend.php ]
[ info ] [ BEHAVIOR ] Run app\admin\behavior\AdminLog @app_end [ RunTime:0.015548s ]
[ info ] [ LOG ] INIT File
[ sql ] [ DB ] CONNECT:[ UseTime:0.013688s ] mysql:host=127.0.0.1;dbname=gmisManage;charset=utf8
[ sql ] [ SQL ] SHOW COLUMNS FROM `gmis_auth_group_access` [ RunTime:0.024278s ]
[ sql ] [ SQL ] SELECT `aga`.`uid`,`aga`.`group_id`,`ag`.`id`,`ag`.`pid`,`ag`.`name`,`ag`.`rules` FROM `gmis_auth_group_access` `aga` LEFT JOIN `gmis_auth_group` `ag` ON `aga`.`group_id`=`ag`.`id` WHERE  (  aga.uid='1' and ag.status='normal' ) [ RunTime:0.023826s ]
[ sql ] [ SQL ] SHOW COLUMNS FROM `gmis_auth_rule` [ RunTime:0.024706s ]
[ sql ] [ SQL ] SELECT `id`,`pid`,`condition`,`icon`,`name`,`title`,`ismenu` FROM `gmis_auth_rule` WHERE  `status` = 'normal' [ RunTime:0.004082s ]
[ sql ] [ SQL ] SHOW COLUMNS FROM `gmis_profess` [ RunTime:0.042361s ]
[ sql ] [ SQL ] SELECT COUNT(*) AS tp_count FROM `gmis_profess` ORDER BY `id` DESC LIMIT 1 [ RunTime:0.002831s ]
[ sql ] [ SQL ] SELECT * FROM `gmis_profess` ORDER BY `id` DESC LIMIT 0,10 [ RunTime:0.002061s ]
---------------------------------------------------------------
[ 2018-11-18T13:47:41+08:00 ] 0.0.0.0 GET localhost/gmis/public/admin/teacher?addtabs=1
[运行时间：1.043994s] [吞吐率：0.96req/s] [内存消耗：7,306.80kb] [文件加载：79]
[ info ] [ BEHAVIOR ] Run Closure @app_init [ RunTime:0.000352s ]
[ info ] [ CACHE ] INIT File
[ info ] [ BEHAVIOR ] Run Closure @app_init [ RunTime:0.021775s ]
[ info ] [ LANG ] C:\wamp64\www\gmis\thinkphp\lang\zh-cn.php
[ info ] [ ROUTE ] array (
  'type' => 'module',
  'module' => 
  array (
    0 => 'admin',
    1 => 'teacher',
    2 => NULL,
  ),
)
[ info ] [ HEADER ] array (
  'host' => 'localhost',
  'connection' => 'keep-alive',
  'upgrade-insecure-requests' => '1',
  'user-agent' => 'Mozilla/5.0 (Windows NT 10.0; WOW64) AppleWebKit/537.36 (KHTML, like Gecko) Chrome/66.0.3359.139 Safari/537.36',
  'accept' => 'text/html,application/xhtml+xml,application/xml;q=0.9,image/webp,image/apng,*/*;q=0.8',
  'referer' => 'http://localhost/gmis/public/admin/teacher?ref=addtabs',
  'accept-encoding' => 'gzip, deflate, br',
  'accept-language' => 'zh-CN,zh;q=0.9',
  'cookie' => 'PHPSESSID=7ei7gmb9s5ir776v6oh41l3ql1',
)
[ info ] [ PARAM ] array (
  'addtabs' => '1',
)
[ info ] [ LANG ] C:\wamp64\www\gmis\public/../application/admin\lang\zh-cn.php
[ info ] [ BEHAVIOR ] Run app\common\behavior\Common @module_init [ RunTime:0.010861s ]
[ info ] [ SESSION ] INIT array (
  'id' => '',
  'var_session_id' => '',
  'prefix' => 'think',
  'type' => '',
  'auto_start' => true,
)
[ info ] [ DB ] INIT mysql
[ info ] [ LANG ] C:\wamp64\www\gmis\public/../application/admin/lang/zh-cn/teacher.php
[ info ] [ RUN ] app\common\controller\Backend->index[ C:\wamp64\www\gmis\application\admin\library\traits\Backend.php ]
[ info ] [ VIEW ] C:\wamp64\www\gmis\public/../application/admin\view\teacher\index.html [ array (
  0 => 'breadcrumb',
  1 => 'site',
  2 => 'config',
  3 => 'auth',
  4 => 'admin',
  5 => 'teahonorList',
  6 => 'statusList',
) ]
[ info ] [ BEHAVIOR ] Run app\admin\behavior\AdminLog @app_end [ RunTime:0.014820s ]
[ info ] [ LOG ] INIT File
[ sql ] [ DB ] CONNECT:[ UseTime:0.004480s ] mysql:host=127.0.0.1;dbname=gmisManage;charset=utf8
[ sql ] [ SQL ] SHOW COLUMNS FROM `gmis_auth_group_access` [ RunTime:0.019984s ]
[ sql ] [ SQL ] SELECT `aga`.`uid`,`aga`.`group_id`,`ag`.`id`,`ag`.`pid`,`ag`.`name`,`ag`.`rules` FROM `gmis_auth_group_access` `aga` LEFT JOIN `gmis_auth_group` `ag` ON `aga`.`group_id`=`ag`.`id` WHERE  (  aga.uid='1' and ag.status='normal' ) [ RunTime:0.017570s ]
[ sql ] [ SQL ] SHOW COLUMNS FROM `gmis_auth_rule` [ RunTime:0.020885s ]
[ sql ] [ SQL ] SELECT `id`,`pid`,`condition`,`icon`,`name`,`title`,`ismenu` FROM `gmis_auth_rule` WHERE  `status` = 'normal' [ RunTime:0.003675s ]
[ sql ] [ SQL ] SELECT `title`,`remark` FROM `gmis_auth_rule` WHERE  `name` = 'teacher' LIMIT 1 [ RunTime:0.002161s ]
---------------------------------------------------------------
[ 2018-11-18T13:47:42+08:00 ] 0.0.0.0 GET localhost/gmis/public/admin/ajax/lang?callback=define&controllername=teacher&v=1542520060
[运行时间：0.375062s] [吞吐率：2.67req/s] [内存消耗：5,332.95kb] [文件加载：69]
[ info ] [ BEHAVIOR ] Run Closure @app_init [ RunTime:0.000411s ]
[ info ] [ CACHE ] INIT File
[ info ] [ BEHAVIOR ] Run Closure @app_init [ RunTime:0.017862s ]
[ info ] [ LANG ] C:\wamp64\www\gmis\thinkphp\lang\zh-cn.php
[ info ] [ ROUTE ] array (
  'type' => 'module',
  'module' => 
  array (
    0 => 'admin',
    1 => 'ajax',
    2 => 'lang',
  ),
)
[ info ] [ HEADER ] array (
  'host' => 'localhost',
  'connection' => 'keep-alive',
  'user-agent' => 'Mozilla/5.0 (Windows NT 10.0; WOW64) AppleWebKit/537.36 (KHTML, like Gecko) Chrome/66.0.3359.139 Safari/537.36',
  'accept' => '*/*',
  'referer' => 'http://localhost/gmis/public/admin/teacher?addtabs=1',
  'accept-encoding' => 'gzip, deflate, br',
  'accept-language' => 'zh-CN,zh;q=0.9',
  'cookie' => 'PHPSESSID=7ei7gmb9s5ir776v6oh41l3ql1',
)
[ info ] [ PARAM ] array (
  'callback' => 'define',
  'controllername' => 'teacher',
  'v' => '1542520060',
)
[ info ] [ LANG ] C:\wamp64\www\gmis\public/../application/admin\lang\zh-cn.php
[ info ] [ BEHAVIOR ] Run app\common\behavior\Common @module_init [ RunTime:0.013185s ]
[ info ] [ SESSION ] INIT array (
  'id' => '',
  'var_session_id' => '',
  'prefix' => 'think',
  'type' => '',
  'auto_start' => true,
)
[ info ] [ LANG ] C:\wamp64\www\gmis\public/../application/admin/lang/zh-cn/ajax.php
[ info ] [ RUN ] app\admin\controller\Ajax->lang[ C:\wamp64\www\gmis\application\admin\controller\Ajax.php ]
[ info ] [ LANG ] C:\wamp64\www\gmis\public/../application/admin/lang/zh-cn/teacher.php
[ info ] [ BEHAVIOR ] Run app\admin\behavior\AdminLog @app_end [ RunTime:0.007776s ]
[ info ] [ LOG ] INIT File
---------------------------------------------------------------
[ 2018-11-18T13:47:43+08:00 ] 0.0.0.0 GET localhost/gmis/public/admin/teacher/index?sort=weigh&order=desc&offset=0&limit=10&_=1542520061592
[运行时间：0.667942s] [吞吐率：1.50req/s] [内存消耗：7,186.14kb] [文件加载：79]
[ info ] [ BEHAVIOR ] Run Closure @app_init [ RunTime:0.000372s ]
[ info ] [ CACHE ] INIT File
[ info ] [ BEHAVIOR ] Run Closure @app_init [ RunTime:0.019100s ]
[ info ] [ LANG ] C:\wamp64\www\gmis\thinkphp\lang\zh-cn.php
[ info ] [ ROUTE ] array (
  'type' => 'module',
  'module' => 
  array (
    0 => 'admin',
    1 => 'teacher',
    2 => 'index',
  ),
)
[ info ] [ HEADER ] array (
  'host' => 'localhost',
  'connection' => 'keep-alive',
  'accept' => 'application/json, text/javascript, */*; q=0.01',
  'x-requested-with' => 'XMLHttpRequest',
  'user-agent' => 'Mozilla/5.0 (Windows NT 10.0; WOW64) AppleWebKit/537.36 (KHTML, like Gecko) Chrome/66.0.3359.139 Safari/537.36',
  'content-type' => 'application/json',
  'referer' => 'http://localhost/gmis/public/admin/teacher?addtabs=1',
  'accept-encoding' => 'gzip, deflate, br',
  'accept-language' => 'zh-CN,zh;q=0.9',
  'cookie' => 'PHPSESSID=7ei7gmb9s5ir776v6oh41l3ql1',
)
[ info ] [ PARAM ] array (
  'sort' => 'weigh',
  'order' => 'desc',
  'offset' => '0',
  'limit' => '10',
  '_' => '1542520061592',
)
[ info ] [ LANG ] C:\wamp64\www\gmis\public/../application/admin\lang\zh-cn.php
[ info ] [ BEHAVIOR ] Run app\common\behavior\Common @module_init [ RunTime:0.013163s ]
[ info ] [ SESSION ] INIT array (
  'id' => '',
  'var_session_id' => '',
  'prefix' => 'think',
  'type' => '',
  'auto_start' => true,
)
[ info ] [ DB ] INIT mysql
[ info ] [ LANG ] C:\wamp64\www\gmis\public/../application/admin/lang/zh-cn/teacher.php
[ info ] [ RUN ] app\common\controller\Backend->index[ C:\wamp64\www\gmis\application\admin\library\traits\Backend.php ]
[ info ] [ BEHAVIOR ] Run app\admin\behavior\AdminLog @app_end [ RunTime:0.008460s ]
[ info ] [ LOG ] INIT File
[ sql ] [ DB ] CONNECT:[ UseTime:0.005792s ] mysql:host=127.0.0.1;dbname=gmisManage;charset=utf8
[ sql ] [ SQL ] SHOW COLUMNS FROM `gmis_auth_group_access` [ RunTime:0.027956s ]
[ sql ] [ SQL ] SELECT `aga`.`uid`,`aga`.`group_id`,`ag`.`id`,`ag`.`pid`,`ag`.`name`,`ag`.`rules` FROM `gmis_auth_group_access` `aga` LEFT JOIN `gmis_auth_group` `ag` ON `aga`.`group_id`=`ag`.`id` WHERE  (  aga.uid='1' and ag.status='normal' ) [ RunTime:0.018739s ]
[ sql ] [ SQL ] SHOW COLUMNS FROM `gmis_auth_rule` [ RunTime:0.017508s ]
[ sql ] [ SQL ] SELECT `id`,`pid`,`condition`,`icon`,`name`,`title`,`ismenu` FROM `gmis_auth_rule` WHERE  `status` = 'normal' [ RunTime:0.003810s ]
[ sql ] [ SQL ] SHOW COLUMNS FROM `gmis_teacher` [ RunTime:0.022595s ]
[ sql ] [ SQL ] SELECT COUNT(*) AS tp_count FROM `gmis_teacher` ORDER BY `weigh` DESC LIMIT 1 [ RunTime:0.002056s ]
[ sql ] [ SQL ] SELECT * FROM `gmis_teacher` ORDER BY `weigh` DESC LIMIT 0,10 [ RunTime:0.001888s ]
---------------------------------------------------------------
[ 2018-11-18T14:13:36+08:00 ] 0.0.0.0 GET localhost/gmis/public/index/user/logout
[运行时间：0.361306s] [吞吐率：2.77req/s] [内存消耗：4,033.16kb] [文件加载：60]
[ info ] [ BEHAVIOR ] Run Closure @app_init [ RunTime:0.000175s ]
[ info ] [ CACHE ] INIT File
[ info ] [ BEHAVIOR ] Run Closure @app_init [ RunTime:0.029391s ]
[ info ] [ LANG ] C:\wamp64\www\gmis\thinkphp\lang\zh-cn.php
[ info ] [ ROUTE ] array (
  'type' => 'module',
  'module' => 
  array (
    0 => 'index',
    1 => 'user',
    2 => 'logout',
  ),
)
[ info ] [ HEADER ] array (
  'host' => 'localhost',
  'connection' => 'keep-alive',
  'upgrade-insecure-requests' => '1',
  'user-agent' => 'Mozilla/5.0 (Windows NT 10.0; WOW64) AppleWebKit/537.36 (KHTML, like Gecko) Chrome/66.0.3359.139 Safari/537.36',
  'accept' => 'text/html,application/xhtml+xml,application/xml;q=0.9,image/webp,image/apng,*/*;q=0.8',
  'accept-encoding' => 'gzip, deflate, br',
  'accept-language' => 'zh-CN,zh;q=0.9',
  'cookie' => 'PHPSESSID=7ei7gmb9s5ir776v6oh41l3ql1',
)
[ info ] [ PARAM ] array (
)
[ info ] [ LANG ] C:\wamp64\www\gmis\public/../application/index\lang\zh-cn.php
[ info ] [ BEHAVIOR ] Run app\common\behavior\Common @module_init [ RunTime:0.015569s ]
[ info ] [ SESSION ] INIT array (
  'id' => '',
  'var_session_id' => '',
  'prefix' => 'think',
  'type' => '',
  'auto_start' => true,
)
[ info ] [ RUN ] app\index\controller\User->logout[ C:\wamp64\www\gmis\application\index\controller\User.php ]
[ info ] [ VIEW ] C:\wamp64\www\gmis\public/../application/common\view\tpl\dispatch_jump.tpl [ array (
  0 => 'code',
  1 => 'msg',
  2 => 'data',
  3 => 'url',
  4 => 'wait',
) ]
[ info ] [ LOG ] INIT File
---------------------------------------------------------------
[ 2018-11-18T14:13:38+08:00 ] 0.0.0.0 GET localhost/gmis/public/index/login/index.html
[运行时间：0.247108s] [吞吐率：4.05req/s] [内存消耗：3,891.10kb] [文件加载：56]
[ info ] [ BEHAVIOR ] Run Closure @app_init [ RunTime:0.000181s ]
[ info ] [ CACHE ] INIT File
[ info ] [ BEHAVIOR ] Run Closure @app_init [ RunTime:0.019382s ]
[ info ] [ LANG ] C:\wamp64\www\gmis\thinkphp\lang\zh-cn.php
[ info ] [ ROUTE ] array (
  'type' => 'module',
  'module' => 
  array (
    0 => 'index',
    1 => 'login',
    2 => 'index',
  ),
)
[ info ] [ HEADER ] array (
  'host' => 'localhost',
  'connection' => 'keep-alive',
  'upgrade-insecure-requests' => '1',
  'user-agent' => 'Mozilla/5.0 (Windows NT 10.0; WOW64) AppleWebKit/537.36 (KHTML, like Gecko) Chrome/66.0.3359.139 Safari/537.36',
  'accept' => 'text/html,application/xhtml+xml,application/xml;q=0.9,image/webp,image/apng,*/*;q=0.8',
  'referer' => 'http://localhost/gmis/public/index/user/logout',
  'accept-encoding' => 'gzip, deflate, br',
  'accept-language' => 'zh-CN,zh;q=0.9',
  'cookie' => 'PHPSESSID=7ei7gmb9s5ir776v6oh41l3ql1',
)
[ info ] [ PARAM ] array (
)
[ info ] [ LANG ] C:\wamp64\www\gmis\public/../application/index\lang\zh-cn.php
[ info ] [ BEHAVIOR ] Run app\common\behavior\Common @module_init [ RunTime:0.010561s ]
[ info ] [ RUN ] app\index\controller\Login->index[ C:\wamp64\www\gmis\application\index\controller\Login.php ]
[ info ] [ LOG ] INIT File
---------------------------------------------------------------
[ 2018-11-18T14:16:25+08:00 ] 0.0.0.0 GET localhost/gmis/public/index/login/login
[运行时间：0.378381s] [吞吐率：2.64req/s] [内存消耗：6,058.65kb] [文件加载：67]
[ info ] [ BEHAVIOR ] Run Closure @app_init [ RunTime:0.000193s ]
[ info ] [ CACHE ] INIT File
[ info ] [ BEHAVIOR ] Run Closure @app_init [ RunTime:0.016848s ]
[ info ] [ LANG ] C:\wamp64\www\gmis\thinkphp\lang\zh-cn.php
[ info ] [ ROUTE ] array (
  'type' => 'module',
  'module' => 
  array (
    0 => 'index',
    1 => 'login',
    2 => 'login',
  ),
)
[ info ] [ HEADER ] array (
  'host' => 'localhost',
  'connection' => 'keep-alive',
  'upgrade-insecure-requests' => '1',
  'user-agent' => 'Mozilla/5.0 (Windows NT 10.0; WOW64) AppleWebKit/537.36 (KHTML, like Gecko) Chrome/66.0.3359.139 Safari/537.36',
  'accept' => 'text/html,application/xhtml+xml,application/xml;q=0.9,image/webp,image/apng,*/*;q=0.8',
  'accept-encoding' => 'gzip, deflate, br',
  'accept-language' => 'zh-CN,zh;q=0.9',
  'cookie' => 'PHPSESSID=7ei7gmb9s5ir776v6oh41l3ql1',
)
[ info ] [ PARAM ] array (
)
[ info ] [ LANG ] C:\wamp64\www\gmis\public/../application/index\lang\zh-cn.php
[ info ] [ BEHAVIOR ] Run app\common\behavior\Common @module_init [ RunTime:0.017969s ]
[ info ] [ RUN ] app\index\controller\Login->login[ C:\wamp64\www\gmis\application\index\controller\Login.php ]
[ info ] [ DB ] INIT mysql
[ info ] [ SESSION ] INIT array (
  'id' => '',
  'var_session_id' => '',
  'prefix' => 'think',
  'type' => '',
  'auto_start' => true,
)
[ info ] [ VIEW ] C:\wamp64\www\gmis\public/../application/common\view\tpl\dispatch_jump.tpl [ array (
  0 => 'code',
  1 => 'msg',
  2 => 'data',
  3 => 'url',
  4 => 'wait',
) ]
[ info ] [ LOG ] INIT File
[ sql ] [ DB ] CONNECT:[ UseTime:0.004049s ] mysql:host=127.0.0.1;dbname=gmisManage;charset=utf8
[ sql ] [ SQL ] SHOW COLUMNS FROM `gmis_teacher` [ RunTime:0.016668s ]
[ sql ] [ SQL ] SELECT * FROM `gmis_teacher` WHERE  `teaidcard` = '123456' LIMIT 1 [ RunTime:0.001461s ]
---------------------------------------------------------------
[ 2018-11-18T14:16:28+08:00 ] 0.0.0.0 GET localhost/gmis/public/index/index/index.html
[运行时间：0.250199s] [吞吐率：4.00req/s] [内存消耗：3,897.13kb] [文件加载：58]
[ info ] [ BEHAVIOR ] Run Closure @app_init [ RunTime:0.000243s ]
[ info ] [ CACHE ] INIT File
[ info ] [ BEHAVIOR ] Run Closure @app_init [ RunTime:0.013501s ]
[ info ] [ LANG ] C:\wamp64\www\gmis\thinkphp\lang\zh-cn.php
[ info ] [ ROUTE ] array (
  'type' => 'module',
  'module' => 
  array (
    0 => 'index',
    1 => 'index',
    2 => 'index',
  ),
)
[ info ] [ HEADER ] array (
  'host' => 'localhost',
  'connection' => 'keep-alive',
  'upgrade-insecure-requests' => '1',
  'user-agent' => 'Mozilla/5.0 (Windows NT 10.0; WOW64) AppleWebKit/537.36 (KHTML, like Gecko) Chrome/66.0.3359.139 Safari/537.36',
  'accept' => 'text/html,application/xhtml+xml,application/xml;q=0.9,image/webp,image/apng,*/*;q=0.8',
  'referer' => 'http://localhost/gmis/public/index/login/login',
  'accept-encoding' => 'gzip, deflate, br',
  'accept-language' => 'zh-CN,zh;q=0.9',
  'cookie' => 'PHPSESSID=7ei7gmb9s5ir776v6oh41l3ql1',
)
[ info ] [ PARAM ] array (
)
[ info ] [ LANG ] C:\wamp64\www\gmis\public/../application/index\lang\zh-cn.php
[ info ] [ BEHAVIOR ] Run app\common\behavior\Common @module_init [ RunTime:0.010525s ]
[ info ] [ SESSION ] INIT array (
  'id' => '',
  'var_session_id' => '',
  'prefix' => 'think',
  'type' => '',
  'auto_start' => true,
)
[ info ] [ RUN ] app\index\controller\Index->index[ C:\wamp64\www\gmis\application\index\controller\Index.php ]
[ info ] [ VIEW ] C:\wamp64\www\gmis\public/../application/index\view\user\login.html [ array (
) ]
[ info ] [ LOG ] INIT File
---------------------------------------------------------------
[ 2018-11-18T14:18:49+08:00 ] 0.0.0.0 GET localhost/gmis/public/index/Teapply/test
[运行时间：0.478305s] [吞吐率：2.09req/s] [内存消耗：5,923.48kb] [文件加载：65]
[ info ] [ BEHAVIOR ] Run Closure @app_init [ RunTime:0.000212s ]
[ info ] [ CACHE ] INIT File
[ info ] [ BEHAVIOR ] Run Closure @app_init [ RunTime:0.024255s ]
[ info ] [ LANG ] C:\wamp64\www\gmis\thinkphp\lang\zh-cn.php
[ info ] [ ROUTE ] array (
  'type' => 'module',
  'module' => 
  array (
    0 => 'index',
    1 => 'Teapply',
    2 => 'test',
  ),
)
[ info ] [ HEADER ] array (
  'host' => 'localhost',
  'connection' => 'keep-alive',
  'upgrade-insecure-requests' => '1',
  'user-agent' => 'Mozilla/5.0 (Windows NT 10.0; WOW64) AppleWebKit/537.36 (KHTML, like Gecko) Chrome/66.0.3359.139 Safari/537.36',
  'accept' => 'text/html,application/xhtml+xml,application/xml;q=0.9,image/webp,image/apng,*/*;q=0.8',
  'accept-encoding' => 'gzip, deflate, br',
  'accept-language' => 'zh-CN,zh;q=0.9',
  'cookie' => 'PHPSESSID=7ei7gmb9s5ir776v6oh41l3ql1',
)
[ info ] [ PARAM ] array (
)
[ info ] [ LANG ] C:\wamp64\www\gmis\public/../application/index\lang\zh-cn.php
[ info ] [ BEHAVIOR ] Run app\common\behavior\Common @module_init [ RunTime:0.016940s ]
[ info ] [ SESSION ] INIT array (
  'id' => '',
  'var_session_id' => '',
  'prefix' => 'think',
  'type' => '',
  'auto_start' => true,
)
[ info ] [ RUN ] app\index\controller\Teapply->test[ C:\wamp64\www\gmis\application\index\controller\Teapply.php ]
[ info ] [ DB ] INIT mysql
[ info ] [ LOG ] INIT File
[ sql ] [ DB ] CONNECT:[ UseTime:0.004698s ] mysql:host=127.0.0.1;dbname=gmisManage;charset=utf8
[ sql ] [ SQL ] SHOW COLUMNS FROM `gmis_teacher` [ RunTime:0.018752s ]
[ sql ] [ SQL ] SELECT `teatitlenum` FROM `gmis_teacher` WHERE  `id` = 1 LIMIT 1 [ RunTime:0.001664s ]
