---------------------------------------------------------------
[ 2018-11-20T10:52:50+08:00 ] 0.0.0.0 GET localhost/gmis/public/index/login/login
[运行时间：3.978095s] [吞吐率：0.25req/s] [内存消耗：6,062.08kb] [文件加载：67]
[ info ] [ BEHAVIOR ] Run Closure @app_init [ RunTime:0.000882s ]
[ info ] [ CACHE ] INIT File
[ info ] [ BEHAVIOR ] Run Closure @app_init [ RunTime:0.236083s ]
[ info ] [ LANG ] C:\wamp64\www\gmis\thinkphp\lang\zh-cn.php
[ info ] [ ROUTE ] array (
  'type' => 'module',
  'module' => 
  array (
    0 => 'index',
    1 => 'login',
    2 => 'login',
  ),
)
[ info ] [ HEADER ] array (
  'host' => 'localhost',
  'connection' => 'keep-alive',
  'upgrade-insecure-requests' => '1',
  'user-agent' => 'Mozilla/5.0 (Windows NT 10.0; WOW64) AppleWebKit/537.36 (KHTML, like Gecko) Chrome/66.0.3359.139 Safari/537.36',
  'accept' => 'text/html,application/xhtml+xml,application/xml;q=0.9,image/webp,image/apng,*/*;q=0.8',
  'accept-encoding' => 'gzip, deflate, br',
  'accept-language' => 'zh-CN,zh;q=0.9',
  'cookie' => 'PHPSESSID=7ei7gmb9s5ir776v6oh41l3ql1',
)
[ info ] [ PARAM ] array (
)
[ info ] [ LANG ] C:\wamp64\www\gmis\public/../application/index\lang\zh-cn.php
[ info ] [ BEHAVIOR ] Run app\common\behavior\Common @module_init [ RunTime:0.108336s ]
[ info ] [ RUN ] app\index\controller\Login->login[ C:\wamp64\www\gmis\application\index\controller\Login.php ]
[ info ] [ DB ] INIT mysql
[ info ] [ SESSION ] INIT array (
  'id' => '',
  'var_session_id' => '',
  'prefix' => 'think',
  'type' => '',
  'auto_start' => true,
)
[ info ] [ VIEW ] C:\wamp64\www\gmis\public/../application/common\view\tpl\dispatch_jump.tpl [ array (
  0 => 'code',
  1 => 'msg',
  2 => 'data',
  3 => 'url',
  4 => 'wait',
) ]
[ info ] [ LOG ] INIT File
[ sql ] [ DB ] CONNECT:[ UseTime:0.008434s ] mysql:host=127.0.0.1;dbname=gmisManage;charset=utf8
[ sql ] [ SQL ] SHOW COLUMNS FROM `gmis_teacher` [ RunTime:0.046079s ]
[ sql ] [ SQL ] SELECT * FROM `gmis_teacher` WHERE  `teaidcard` = '334455' LIMIT 1 [ RunTime:0.002947s ]
---------------------------------------------------------------
[ 2018-11-20T10:52:52+08:00 ] 0.0.0.0 GET localhost/gmis/public/index/index/index.html
[运行时间：0.426786s] [吞吐率：2.34req/s] [内存消耗：3,901.47kb] [文件加载：58]
[ info ] [ BEHAVIOR ] Run Closure @app_init [ RunTime:0.000260s ]
[ info ] [ CACHE ] INIT File
[ info ] [ BEHAVIOR ] Run Closure @app_init [ RunTime:0.021217s ]
[ info ] [ LANG ] C:\wamp64\www\gmis\thinkphp\lang\zh-cn.php
[ info ] [ ROUTE ] array (
  'type' => 'module',
  'module' => 
  array (
    0 => 'index',
    1 => 'index',
    2 => 'index',
  ),
)
[ info ] [ HEADER ] array (
  'host' => 'localhost',
  'connection' => 'keep-alive',
  'upgrade-insecure-requests' => '1',
  'user-agent' => 'Mozilla/5.0 (Windows NT 10.0; WOW64) AppleWebKit/537.36 (KHTML, like Gecko) Chrome/66.0.3359.139 Safari/537.36',
  'accept' => 'text/html,application/xhtml+xml,application/xml;q=0.9,image/webp,image/apng,*/*;q=0.8',
  'referer' => 'http://localhost/gmis/public/index/login/login',
  'accept-encoding' => 'gzip, deflate, br',
  'accept-language' => 'zh-CN,zh;q=0.9',
  'cookie' => 'PHPSESSID=7ei7gmb9s5ir776v6oh41l3ql1',
)
[ info ] [ PARAM ] array (
)
[ info ] [ LANG ] C:\wamp64\www\gmis\public/../application/index\lang\zh-cn.php
[ info ] [ BEHAVIOR ] Run app\common\behavior\Common @module_init [ RunTime:0.012630s ]
[ info ] [ SESSION ] INIT array (
  'id' => '',
  'var_session_id' => '',
  'prefix' => 'think',
  'type' => '',
  'auto_start' => true,
)
[ info ] [ RUN ] app\index\controller\Index->index[ C:\wamp64\www\gmis\application\index\controller\Index.php ]
[ info ] [ VIEW ] C:\wamp64\www\gmis\public/../application/index\view\user\login.html [ array (
) ]
[ info ] [ LOG ] INIT File
---------------------------------------------------------------
[ 2018-11-20T11:01:57+08:00 ] 0.0.0.0 GET localhost/gmis/public/index/teapply/index.html
[运行时间：0.440602s] [吞吐率：2.27req/s] [内存消耗：3,919.06kb] [文件加载：57]
[ info ] [ BEHAVIOR ] Run Closure @app_init [ RunTime:0.000407s ]
[ info ] [ CACHE ] INIT File
[ info ] [ BEHAVIOR ] Run Closure @app_init [ RunTime:0.065910s ]
[ info ] [ LANG ] C:\wamp64\www\gmis\thinkphp\lang\zh-cn.php
[ info ] [ ROUTE ] array (
  'type' => 'module',
  'module' => 
  array (
    0 => 'index',
    1 => 'teapply',
    2 => 'index',
  ),
)
[ info ] [ HEADER ] array (
  'host' => 'localhost',
  'connection' => 'keep-alive',
  'upgrade-insecure-requests' => '1',
  'user-agent' => 'Mozilla/5.0 (Windows NT 10.0; WOW64) AppleWebKit/537.36 (KHTML, like Gecko) Chrome/66.0.3359.139 Safari/537.36',
  'accept' => 'text/html,application/xhtml+xml,application/xml;q=0.9,image/webp,image/apng,*/*;q=0.8',
  'accept-encoding' => 'gzip, deflate, br',
  'accept-language' => 'zh-CN,zh;q=0.9',
  'cookie' => 'PHPSESSID=7ei7gmb9s5ir776v6oh41l3ql1',
)
[ info ] [ PARAM ] array (
)
[ info ] [ LANG ] C:\wamp64\www\gmis\public/../application/index\lang\zh-cn.php
[ info ] [ BEHAVIOR ] Run app\common\behavior\Common @module_init [ RunTime:0.020277s ]
[ info ] [ SESSION ] INIT array (
  'id' => '',
  'var_session_id' => '',
  'prefix' => 'think',
  'type' => '',
  'auto_start' => true,
)
[ info ] [ RUN ] app\index\controller\Teapply->index[ C:\wamp64\www\gmis\application\index\controller\Teapply.php ]
[ info ] [ LOG ] INIT File
---------------------------------------------------------------
[ 2018-11-20T11:06:14+08:00 ] 0.0.0.0 GET localhost/gmis/public/index/teapply/index.html
[运行时间：0.580426s] [吞吐率：1.72req/s] [内存消耗：5,984.74kb] [文件加载：65]
[ info ] [ BEHAVIOR ] Run Closure @app_init [ RunTime:0.000304s ]
[ info ] [ CACHE ] INIT File
[ info ] [ BEHAVIOR ] Run Closure @app_init [ RunTime:0.036492s ]
[ info ] [ LANG ] C:\wamp64\www\gmis\thinkphp\lang\zh-cn.php
[ info ] [ ROUTE ] array (
  'type' => 'module',
  'module' => 
  array (
    0 => 'index',
    1 => 'teapply',
    2 => 'index',
  ),
)
[ info ] [ HEADER ] array (
  'host' => 'localhost',
  'connection' => 'keep-alive',
  'cache-control' => 'max-age=0',
  'upgrade-insecure-requests' => '1',
  'user-agent' => 'Mozilla/5.0 (Windows NT 10.0; WOW64) AppleWebKit/537.36 (KHTML, like Gecko) Chrome/66.0.3359.139 Safari/537.36',
  'accept' => 'text/html,application/xhtml+xml,application/xml;q=0.9,image/webp,image/apng,*/*;q=0.8',
  'accept-encoding' => 'gzip, deflate, br',
  'accept-language' => 'zh-CN,zh;q=0.9',
  'cookie' => 'PHPSESSID=7ei7gmb9s5ir776v6oh41l3ql1',
)
[ info ] [ PARAM ] array (
)
[ info ] [ LANG ] C:\wamp64\www\gmis\public/../application/index\lang\zh-cn.php
[ info ] [ BEHAVIOR ] Run app\common\behavior\Common @module_init [ RunTime:0.019179s ]
[ info ] [ SESSION ] INIT array (
  'id' => '',
  'var_session_id' => '',
  'prefix' => 'think',
  'type' => '',
  'auto_start' => true,
)
[ info ] [ RUN ] app\index\controller\Teapply->index[ C:\wamp64\www\gmis\application\index\controller\Teapply.php ]
[ info ] [ DB ] INIT mysql
[ info ] [ LOG ] INIT File
[ sql ] [ DB ] CONNECT:[ UseTime:0.006158s ] mysql:host=127.0.0.1;dbname=gmisManage;charset=utf8
[ sql ] [ SQL ] SHOW COLUMNS FROM `gmis_tapply` [ RunTime:0.027542s ]
[ sql ] [ SQL ] SELECT * FROM `gmis_tapply` ORDER BY `id` DESC [ RunTime:0.002819s ]
---------------------------------------------------------------
[ 2018-11-20T11:55:38+08:00 ] 0.0.0.0 GET localhost/gmis/public/index/teapply/index.html
[运行时间：0.690523s] [吞吐率：1.45req/s] [内存消耗：5,965.30kb] [文件加载：65]
[ info ] [ BEHAVIOR ] Run Closure @app_init [ RunTime:0.001560s ]
[ info ] [ CACHE ] INIT File
[ info ] [ BEHAVIOR ] Run Closure @app_init [ RunTime:0.050808s ]
[ info ] [ LANG ] C:\wamp64\www\gmis\thinkphp\lang\zh-cn.php
[ info ] [ ROUTE ] array (
  'type' => 'module',
  'module' => 
  array (
    0 => 'index',
    1 => 'teapply',
    2 => 'index',
  ),
)
[ info ] [ HEADER ] array (
  'host' => 'localhost',
  'connection' => 'keep-alive',
  'cache-control' => 'max-age=0',
  'upgrade-insecure-requests' => '1',
  'user-agent' => 'Mozilla/5.0 (Windows NT 10.0; WOW64) AppleWebKit/537.36 (KHTML, like Gecko) Chrome/66.0.3359.139 Safari/537.36',
  'accept' => 'text/html,application/xhtml+xml,application/xml;q=0.9,image/webp,image/apng,*/*;q=0.8',
  'accept-encoding' => 'gzip, deflate, br',
  'accept-language' => 'zh-CN,zh;q=0.9',
  'cookie' => 'PHPSESSID=7ei7gmb9s5ir776v6oh41l3ql1',
)
[ info ] [ PARAM ] array (
)
[ info ] [ LANG ] C:\wamp64\www\gmis\public/../application/index\lang\zh-cn.php
[ info ] [ BEHAVIOR ] Run app\common\behavior\Common @module_init [ RunTime:0.028103s ]
[ info ] [ SESSION ] INIT array (
  'id' => '',
  'var_session_id' => '',
  'prefix' => 'think',
  'type' => '',
  'auto_start' => true,
)
[ info ] [ RUN ] app\index\controller\Teapply->index[ C:\wamp64\www\gmis\application\index\controller\Teapply.php ]
[ info ] [ DB ] INIT mysql
[ info ] [ LOG ] INIT File
[ sql ] [ DB ] CONNECT:[ UseTime:0.005326s ] mysql:host=127.0.0.1;dbname=gmisManage;charset=utf8
[ sql ] [ SQL ] SHOW COLUMNS FROM `gmis_tapply` [ RunTime:0.020606s ]
[ sql ] [ SQL ] SELECT * FROM `gmis_tapply` `ta` INNER JOIN `gmis_student` `gs` ON `ta`.`stuid`=`gs`.`id` [ RunTime:0.027024s ]
---------------------------------------------------------------
[ 2018-11-20T12:04:57+08:00 ] 0.0.0.0 GET localhost/gmis/public/index/teapply/index.html
[运行时间：0.673724s] [吞吐率：1.48req/s] [内存消耗：5,965.26kb] [文件加载：65]
[ info ] [ BEHAVIOR ] Run Closure @app_init [ RunTime:0.000378s ]
[ info ] [ CACHE ] INIT File
[ info ] [ BEHAVIOR ] Run Closure @app_init [ RunTime:0.068011s ]
[ info ] [ LANG ] C:\wamp64\www\gmis\thinkphp\lang\zh-cn.php
[ info ] [ ROUTE ] array (
  'type' => 'module',
  'module' => 
  array (
    0 => 'index',
    1 => 'teapply',
    2 => 'index',
  ),
)
[ info ] [ HEADER ] array (
  'host' => 'localhost',
  'connection' => 'keep-alive',
  'cache-control' => 'max-age=0',
  'upgrade-insecure-requests' => '1',
  'user-agent' => 'Mozilla/5.0 (Windows NT 10.0; WOW64) AppleWebKit/537.36 (KHTML, like Gecko) Chrome/66.0.3359.139 Safari/537.36',
  'accept' => 'text/html,application/xhtml+xml,application/xml;q=0.9,image/webp,image/apng,*/*;q=0.8',
  'accept-encoding' => 'gzip, deflate, br',
  'accept-language' => 'zh-CN,zh;q=0.9',
  'cookie' => 'PHPSESSID=7ei7gmb9s5ir776v6oh41l3ql1',
)
[ info ] [ PARAM ] array (
)
[ info ] [ LANG ] C:\wamp64\www\gmis\public/../application/index\lang\zh-cn.php
[ info ] [ BEHAVIOR ] Run app\common\behavior\Common @module_init [ RunTime:0.023519s ]
[ info ] [ SESSION ] INIT array (
  'id' => '',
  'var_session_id' => '',
  'prefix' => 'think',
  'type' => '',
  'auto_start' => true,
)
[ info ] [ RUN ] app\index\controller\Teapply->index[ C:\wamp64\www\gmis\application\index\controller\Teapply.php ]
[ info ] [ DB ] INIT mysql
[ info ] [ LOG ] INIT File
[ sql ] [ DB ] CONNECT:[ UseTime:0.005595s ] mysql:host=127.0.0.1;dbname=gmisManage;charset=utf8
[ sql ] [ SQL ] SHOW COLUMNS FROM `gmis_tapply` [ RunTime:0.022381s ]
[ sql ] [ SQL ] SELECT * FROM `gmis_tapply` `ta` INNER JOIN `gmis_student` `gs` ON `ta`.`stuid`=`gs`.`id` [ RunTime:0.021941s ]
---------------------------------------------------------------
[ 2018-11-20T12:05:22+08:00 ] 0.0.0.0 GET localhost/gmis/public/index/teapply/index.html
[运行时间：0.616327s] [吞吐率：1.62req/s] [内存消耗：5,967.52kb] [文件加载：65]
[ info ] [ BEHAVIOR ] Run Closure @app_init [ RunTime:0.001569s ]
[ info ] [ CACHE ] INIT File
[ info ] [ BEHAVIOR ] Run Closure @app_init [ RunTime:0.036560s ]
[ info ] [ LANG ] C:\wamp64\www\gmis\thinkphp\lang\zh-cn.php
[ info ] [ ROUTE ] array (
  'type' => 'module',
  'module' => 
  array (
    0 => 'index',
    1 => 'teapply',
    2 => 'index',
  ),
)
[ info ] [ HEADER ] array (
  'host' => 'localhost',
  'connection' => 'keep-alive',
  'pragma' => 'no-cache',
  'cache-control' => 'no-cache',
  'upgrade-insecure-requests' => '1',
  'user-agent' => 'Mozilla/5.0 (Windows NT 10.0; WOW64) AppleWebKit/537.36 (KHTML, like Gecko) Chrome/66.0.3359.139 Safari/537.36',
  'accept' => 'text/html,application/xhtml+xml,application/xml;q=0.9,image/webp,image/apng,*/*;q=0.8',
  'accept-encoding' => 'gzip, deflate, br',
  'accept-language' => 'zh-CN,zh;q=0.9',
  'cookie' => 'PHPSESSID=7ei7gmb9s5ir776v6oh41l3ql1',
)
[ info ] [ PARAM ] array (
)
[ info ] [ LANG ] C:\wamp64\www\gmis\public/../application/index\lang\zh-cn.php
[ info ] [ BEHAVIOR ] Run app\common\behavior\Common @module_init [ RunTime:0.030083s ]
[ info ] [ SESSION ] INIT array (
  'id' => '',
  'var_session_id' => '',
  'prefix' => 'think',
  'type' => '',
  'auto_start' => true,
)
[ info ] [ RUN ] app\index\controller\Teapply->index[ C:\wamp64\www\gmis\application\index\controller\Teapply.php ]
[ info ] [ DB ] INIT mysql
[ info ] [ LOG ] INIT File
[ sql ] [ DB ] CONNECT:[ UseTime:0.012839s ] mysql:host=127.0.0.1;dbname=gmisManage;charset=utf8
[ sql ] [ SQL ] SHOW COLUMNS FROM `gmis_tapply` [ RunTime:0.020222s ]
[ sql ] [ SQL ] SELECT * FROM `gmis_tapply` `ta` INNER JOIN `gmis_student` `gs` ON `ta`.`stuid`=`gs`.`id` WHERE  `teaid` = 5 [ RunTime:0.019967s ]
---------------------------------------------------------------
[ 2018-11-20T12:08:03+08:00 ] 0.0.0.0 GET localhost/gmis/public/index/teapply/index.html
[运行时间：0.811735s] [吞吐率：1.23req/s] [内存消耗：5,967.49kb] [文件加载：65]
[ info ] [ BEHAVIOR ] Run Closure @app_init [ RunTime:0.000401s ]
[ info ] [ CACHE ] INIT File
[ info ] [ BEHAVIOR ] Run Closure @app_init [ RunTime:0.037465s ]
[ info ] [ LANG ] C:\wamp64\www\gmis\thinkphp\lang\zh-cn.php
[ info ] [ ROUTE ] array (
  'type' => 'module',
  'module' => 
  array (
    0 => 'index',
    1 => 'teapply',
    2 => 'index',
  ),
)
[ info ] [ HEADER ] array (
  'host' => 'localhost',
  'connection' => 'keep-alive',
  'pragma' => 'no-cache',
  'cache-control' => 'no-cache',
  'upgrade-insecure-requests' => '1',
  'user-agent' => 'Mozilla/5.0 (Windows NT 10.0; WOW64) AppleWebKit/537.36 (KHTML, like Gecko) Chrome/66.0.3359.139 Safari/537.36',
  'accept' => 'text/html,application/xhtml+xml,application/xml;q=0.9,image/webp,image/apng,*/*;q=0.8',
  'accept-encoding' => 'gzip, deflate, br',
  'accept-language' => 'zh-CN,zh;q=0.9',
  'cookie' => 'PHPSESSID=7ei7gmb9s5ir776v6oh41l3ql1',
)
[ info ] [ PARAM ] array (
)
[ info ] [ LANG ] C:\wamp64\www\gmis\public/../application/index\lang\zh-cn.php
[ info ] [ BEHAVIOR ] Run app\common\behavior\Common @module_init [ RunTime:0.026919s ]
[ info ] [ SESSION ] INIT array (
  'id' => '',
  'var_session_id' => '',
  'prefix' => 'think',
  'type' => '',
  'auto_start' => true,
)
[ info ] [ RUN ] app\index\controller\Teapply->index[ C:\wamp64\www\gmis\application\index\controller\Teapply.php ]
[ info ] [ DB ] INIT mysql
[ info ] [ LOG ] INIT File
[ sql ] [ DB ] CONNECT:[ UseTime:0.006510s ] mysql:host=127.0.0.1;dbname=gmisManage;charset=utf8
[ sql ] [ SQL ] SHOW COLUMNS FROM `gmis_tapply` [ RunTime:0.029771s ]
[ sql ] [ SQL ] SELECT * FROM `gmis_tapply` `ta` INNER JOIN `gmis_student` `gs` ON `ta`.`stuid`=`gs`.`id` WHERE  `teaid` = 5 [ RunTime:0.027816s ]
---------------------------------------------------------------
[ 2018-11-20T12:11:02+08:00 ] 0.0.0.0 GET localhost/gmis/public/index/teapply/index.html
[运行时间：0.632278s] [吞吐率：1.58req/s] [内存消耗：5,967.49kb] [文件加载：65]
[ info ] [ BEHAVIOR ] Run Closure @app_init [ RunTime:0.000336s ]
[ info ] [ CACHE ] INIT File
[ info ] [ BEHAVIOR ] Run Closure @app_init [ RunTime:0.031773s ]
[ info ] [ LANG ] C:\wamp64\www\gmis\thinkphp\lang\zh-cn.php
[ info ] [ ROUTE ] array (
  'type' => 'module',
  'module' => 
  array (
    0 => 'index',
    1 => 'teapply',
    2 => 'index',
  ),
)
[ info ] [ HEADER ] array (
  'host' => 'localhost',
  'connection' => 'keep-alive',
  'pragma' => 'no-cache',
  'cache-control' => 'no-cache',
  'upgrade-insecure-requests' => '1',
  'user-agent' => 'Mozilla/5.0 (Windows NT 10.0; WOW64) AppleWebKit/537.36 (KHTML, like Gecko) Chrome/66.0.3359.139 Safari/537.36',
  'accept' => 'text/html,application/xhtml+xml,application/xml;q=0.9,image/webp,image/apng,*/*;q=0.8',
  'accept-encoding' => 'gzip, deflate, br',
  'accept-language' => 'zh-CN,zh;q=0.9',
  'cookie' => 'PHPSESSID=7ei7gmb9s5ir776v6oh41l3ql1',
)
[ info ] [ PARAM ] array (
)
[ info ] [ LANG ] C:\wamp64\www\gmis\public/../application/index\lang\zh-cn.php
[ info ] [ BEHAVIOR ] Run app\common\behavior\Common @module_init [ RunTime:0.021974s ]
[ info ] [ SESSION ] INIT array (
  'id' => '',
  'var_session_id' => '',
  'prefix' => 'think',
  'type' => '',
  'auto_start' => true,
)
[ info ] [ RUN ] app\index\controller\Teapply->index[ C:\wamp64\www\gmis\application\index\controller\Teapply.php ]
[ info ] [ DB ] INIT mysql
[ info ] [ LOG ] INIT File
[ sql ] [ DB ] CONNECT:[ UseTime:0.005746s ] mysql:host=127.0.0.1;dbname=gmisManage;charset=utf8
[ sql ] [ SQL ] SHOW COLUMNS FROM `gmis_tapply` [ RunTime:0.026125s ]
[ sql ] [ SQL ] SELECT * FROM `gmis_tapply` `ta` INNER JOIN `gmis_student` `gs` ON `gs`.`id`=`ta`.`stuid` WHERE  `teaid` = 5 [ RunTime:0.024973s ]
---------------------------------------------------------------
[ 2018-11-20T14:19:59+08:00 ] 0.0.0.0 GET localhost/gmis/public/index/teapply/index.html
[运行时间：0.669276s] [吞吐率：1.49req/s] [内存消耗：5,969.05kb] [文件加载：65]
[ info ] [ BEHAVIOR ] Run Closure @app_init [ RunTime:0.000239s ]
[ info ] [ CACHE ] INIT File
[ info ] [ BEHAVIOR ] Run Closure @app_init [ RunTime:0.053597s ]
[ info ] [ LANG ] C:\wamp64\www\gmis\thinkphp\lang\zh-cn.php
[ info ] [ ROUTE ] array (
  'type' => 'module',
  'module' => 
  array (
    0 => 'index',
    1 => 'teapply',
    2 => 'index',
  ),
)
[ info ] [ HEADER ] array (
  'host' => 'localhost',
  'connection' => 'keep-alive',
  'cache-control' => 'max-age=0',
  'upgrade-insecure-requests' => '1',
  'user-agent' => 'Mozilla/5.0 (Windows NT 10.0; WOW64) AppleWebKit/537.36 (KHTML, like Gecko) Chrome/66.0.3359.139 Safari/537.36',
  'accept' => 'text/html,application/xhtml+xml,application/xml;q=0.9,image/webp,image/apng,*/*;q=0.8',
  'accept-encoding' => 'gzip, deflate, br',
  'accept-language' => 'zh-CN,zh;q=0.9',
  'cookie' => 'PHPSESSID=7ei7gmb9s5ir776v6oh41l3ql1',
)
[ info ] [ PARAM ] array (
)
[ info ] [ LANG ] C:\wamp64\www\gmis\public/../application/index\lang\zh-cn.php
[ info ] [ BEHAVIOR ] Run app\common\behavior\Common @module_init [ RunTime:0.031918s ]
[ info ] [ SESSION ] INIT array (
  'id' => '',
  'var_session_id' => '',
  'prefix' => 'think',
  'type' => '',
  'auto_start' => true,
)
[ info ] [ RUN ] app\index\controller\Teapply->index[ C:\wamp64\www\gmis\application\index\controller\Teapply.php ]
[ info ] [ DB ] INIT mysql
[ info ] [ LOG ] INIT File
[ sql ] [ DB ] CONNECT:[ UseTime:0.008065s ] mysql:host=127.0.0.1;dbname=gmisManage;charset=utf8
[ sql ] [ SQL ] SHOW COLUMNS FROM `gmis_tapply` [ RunTime:0.021280s ]
[ sql ] [ SQL ] SELECT * FROM `gmis_tapply` `ta` LEFT JOIN `gmis_student` `gs` ON `gs`.`id`=`ta`.`stuid` WHERE  `teaid` = 5 [ RunTime:0.025083s ]
---------------------------------------------------------------
[ 2018-11-20T14:28:24+08:00 ] 0.0.0.0 GET localhost/gmis/public/index/teapply/index.html
[运行时间：1.669392s] [吞吐率：0.60req/s] [内存消耗：4,062.10kb] [文件加载：61]
[ info ] [ BEHAVIOR ] Run Closure @app_init [ RunTime:0.000441s ]
[ info ] [ CACHE ] INIT File
[ info ] [ BEHAVIOR ] Run Closure @app_init [ RunTime:0.040530s ]
[ info ] [ LANG ] C:\wamp64\www\gmis\thinkphp\lang\zh-cn.php
[ info ] [ ROUTE ] array (
  'type' => 'module',
  'module' => 
  array (
    0 => 'index',
    1 => 'teapply',
    2 => 'index',
  ),
)
[ info ] [ HEADER ] array (
  'host' => 'localhost',
  'connection' => 'keep-alive',
  'cache-control' => 'max-age=0',
  'upgrade-insecure-requests' => '1',
  'user-agent' => 'Mozilla/5.0 (Windows NT 10.0; WOW64) AppleWebKit/537.36 (KHTML, like Gecko) Chrome/66.0.3359.139 Safari/537.36',
  'accept' => 'text/html,application/xhtml+xml,application/xml;q=0.9,image/webp,image/apng,*/*;q=0.8',
  'accept-encoding' => 'gzip, deflate, br',
  'accept-language' => 'zh-CN,zh;q=0.9',
  'cookie' => 'PHPSESSID=7ei7gmb9s5ir776v6oh41l3ql1',
)
[ info ] [ PARAM ] array (
)
[ info ] [ LANG ] C:\wamp64\www\gmis\public/../application/index\lang\zh-cn.php
[ info ] [ BEHAVIOR ] Run app\common\behavior\Common @module_init [ RunTime:0.032164s ]
[ info ] [ SESSION ] INIT array (
  'id' => '',
  'var_session_id' => '',
  'prefix' => 'think',
  'type' => '',
  'auto_start' => true,
)
[ info ] [ RUN ] app\index\controller\Teapply->index[ C:\wamp64\www\gmis\application\index\controller\Teapply.php ]
[ info ] [ LOG ] INIT File
[ error ] [4]语法错误: unexpected '$mt' (T_VARIABLE)[C:\wamp64\www\gmis\application\index\model\Tapply.php:46]
---------------------------------------------------------------
[ 2018-11-20T14:28:54+08:00 ] 0.0.0.0 GET localhost/gmis/public/index/teapply/index.html
[运行时间：0.712493s] [吞吐率：1.40req/s] [内存消耗：5,973.91kb] [文件加载：65]
[ info ] [ BEHAVIOR ] Run Closure @app_init [ RunTime:0.000400s ]
[ info ] [ CACHE ] INIT File
[ info ] [ BEHAVIOR ] Run Closure @app_init [ RunTime:0.033162s ]
[ info ] [ LANG ] C:\wamp64\www\gmis\thinkphp\lang\zh-cn.php
[ info ] [ ROUTE ] array (
  'type' => 'module',
  'module' => 
  array (
    0 => 'index',
    1 => 'teapply',
    2 => 'index',
  ),
)
[ info ] [ HEADER ] array (
  'host' => 'localhost',
  'connection' => 'keep-alive',
  'cache-control' => 'max-age=0',
  'upgrade-insecure-requests' => '1',
  'user-agent' => 'Mozilla/5.0 (Windows NT 10.0; WOW64) AppleWebKit/537.36 (KHTML, like Gecko) Chrome/66.0.3359.139 Safari/537.36',
  'accept' => 'text/html,application/xhtml+xml,application/xml;q=0.9,image/webp,image/apng,*/*;q=0.8',
  'accept-encoding' => 'gzip, deflate, br',
  'accept-language' => 'zh-CN,zh;q=0.9',
  'cookie' => 'PHPSESSID=7ei7gmb9s5ir776v6oh41l3ql1',
)
[ info ] [ PARAM ] array (
)
[ info ] [ LANG ] C:\wamp64\www\gmis\public/../application/index\lang\zh-cn.php
[ info ] [ BEHAVIOR ] Run app\common\behavior\Common @module_init [ RunTime:0.025643s ]
[ info ] [ SESSION ] INIT array (
  'id' => '',
  'var_session_id' => '',
  'prefix' => 'think',
  'type' => '',
  'auto_start' => true,
)
[ info ] [ RUN ] app\index\controller\Teapply->index[ C:\wamp64\www\gmis\application\index\controller\Teapply.php ]
[ info ] [ DB ] INIT mysql
[ info ] [ LOG ] INIT File
[ sql ] [ DB ] CONNECT:[ UseTime:0.006851s ] mysql:host=127.0.0.1;dbname=gmisManage;charset=utf8
[ sql ] [ SQL ] SHOW COLUMNS FROM `gmis_tapply` [ RunTime:0.022080s ]
[ sql ] [ SQL ] SELECT * FROM `gmis_tapply` `ta` LEFT JOIN `gmis_student` `gs` ON `gs`.`id`=`ta`.`stuid` LEFT JOIN `gmis_profess` `gp` ON `gp`.`id`=`ta`.`proid` WHERE  `teaid` = 5 [ RunTime:0.044759s ]
---------------------------------------------------------------
[ 2018-11-20T14:30:59+08:00 ] 0.0.0.0 GET localhost/gmis/public/index/teapply/index.html
[运行时间：0.902110s] [吞吐率：1.11req/s] [内存消耗：5,974.00kb] [文件加载：65]
[ info ] [ BEHAVIOR ] Run Closure @app_init [ RunTime:0.000511s ]
[ info ] [ CACHE ] INIT File
[ info ] [ BEHAVIOR ] Run Closure @app_init [ RunTime:0.064681s ]
[ info ] [ LANG ] C:\wamp64\www\gmis\thinkphp\lang\zh-cn.php
[ info ] [ ROUTE ] array (
  'type' => 'module',
  'module' => 
  array (
    0 => 'index',
    1 => 'teapply',
    2 => 'index',
  ),
)
[ info ] [ HEADER ] array (
  'host' => 'localhost',
  'connection' => 'keep-alive',
  'cache-control' => 'max-age=0',
  'upgrade-insecure-requests' => '1',
  'user-agent' => 'Mozilla/5.0 (Windows NT 10.0; WOW64) AppleWebKit/537.36 (KHTML, like Gecko) Chrome/66.0.3359.139 Safari/537.36',
  'accept' => 'text/html,application/xhtml+xml,application/xml;q=0.9,image/webp,image/apng,*/*;q=0.8',
  'accept-encoding' => 'gzip, deflate, br',
  'accept-language' => 'zh-CN,zh;q=0.9',
  'cookie' => 'PHPSESSID=7ei7gmb9s5ir776v6oh41l3ql1',
)
[ info ] [ PARAM ] array (
)
[ info ] [ LANG ] C:\wamp64\www\gmis\public/../application/index\lang\zh-cn.php
[ info ] [ BEHAVIOR ] Run app\common\behavior\Common @module_init [ RunTime:0.041631s ]
[ info ] [ SESSION ] INIT array (
  'id' => '',
  'var_session_id' => '',
  'prefix' => 'think',
  'type' => '',
  'auto_start' => true,
)
[ info ] [ RUN ] app\index\controller\Teapply->index[ C:\wamp64\www\gmis\application\index\controller\Teapply.php ]
[ info ] [ DB ] INIT mysql
[ info ] [ LOG ] INIT File
[ sql ] [ DB ] CONNECT:[ UseTime:0.004224s ] mysql:host=127.0.0.1;dbname=gmisManage;charset=utf8
[ sql ] [ SQL ] SHOW COLUMNS FROM `gmis_tapply` [ RunTime:0.027128s ]
[ sql ] [ SQL ] SELECT * FROM `gmis_tapply` `ta` LEFT JOIN `gmis_student` `gs` ON `gs`.`id`=`ta`.`stuid` LEFT JOIN `gmis_profess` `gp` ON `gp`.`id`=`ta`.`proid` WHERE  `teaid` = 5 [ RunTime:0.054457s ]
---------------------------------------------------------------
[ 2018-11-20T14:31:33+08:00 ] 0.0.0.0 GET localhost/gmis/public/index/teapply/index.html
[运行时间：0.913215s] [吞吐率：1.10req/s] [内存消耗：6,047.29kb] [文件加载：70]
[ info ] [ BEHAVIOR ] Run Closure @app_init [ RunTime:0.000235s ]
[ info ] [ CACHE ] INIT File
[ info ] [ BEHAVIOR ] Run Closure @app_init [ RunTime:0.033424s ]
[ info ] [ LANG ] C:\wamp64\www\gmis\thinkphp\lang\zh-cn.php
[ info ] [ ROUTE ] array (
  'type' => 'module',
  'module' => 
  array (
    0 => 'index',
    1 => 'teapply',
    2 => 'index',
  ),
)
[ info ] [ HEADER ] array (
  'host' => 'localhost',
  'connection' => 'keep-alive',
  'pragma' => 'no-cache',
  'cache-control' => 'no-cache',
  'upgrade-insecure-requests' => '1',
  'user-agent' => 'Mozilla/5.0 (Windows NT 10.0; WOW64) AppleWebKit/537.36 (KHTML, like Gecko) Chrome/66.0.3359.139 Safari/537.36',
  'accept' => 'text/html,application/xhtml+xml,application/xml;q=0.9,image/webp,image/apng,*/*;q=0.8',
  'accept-encoding' => 'gzip, deflate, br',
  'accept-language' => 'zh-CN,zh;q=0.9',
  'cookie' => 'PHPSESSID=7ei7gmb9s5ir776v6oh41l3ql1',
)
[ info ] [ PARAM ] array (
)
[ info ] [ LANG ] C:\wamp64\www\gmis\public/../application/index\lang\zh-cn.php
[ info ] [ BEHAVIOR ] Run app\common\behavior\Common @module_init [ RunTime:0.026508s ]
[ info ] [ SESSION ] INIT array (
  'id' => '',
  'var_session_id' => '',
  'prefix' => 'think',
  'type' => '',
  'auto_start' => true,
)
[ info ] [ RUN ] app\index\controller\Teapply->index[ C:\wamp64\www\gmis\application\index\controller\Teapply.php ]
[ info ] [ DB ] INIT mysql
[ info ] [ LOG ] INIT File
[ sql ] [ DB ] CONNECT:[ UseTime:0.005851s ] mysql:host=127.0.0.1;dbname=gmisManage;charset=utf8
[ sql ] [ SQL ] SHOW COLUMNS FROM `gmis_tapply` [ RunTime:0.027807s ]
[ error ] [10501]SQLSTATE[23000]: Integrity constraint violation: 1052 Column 'id' in field list is ambiguous[C:\wamp64\www\gmis\thinkphp\library\think\db\Connection.php:390]
---------------------------------------------------------------
[ 2018-11-20T14:32:26+08:00 ] 0.0.0.0 GET localhost/gmis/public/index/teapply/index.html
[运行时间：0.845042s] [吞吐率：1.18req/s] [内存消耗：6,046.67kb] [文件加载：70]
[ info ] [ BEHAVIOR ] Run Closure @app_init [ RunTime:0.000368s ]
[ info ] [ CACHE ] INIT File
[ info ] [ BEHAVIOR ] Run Closure @app_init [ RunTime:0.035560s ]
[ info ] [ LANG ] C:\wamp64\www\gmis\thinkphp\lang\zh-cn.php
[ info ] [ ROUTE ] array (
  'type' => 'module',
  'module' => 
  array (
    0 => 'index',
    1 => 'teapply',
    2 => 'index',
  ),
)
[ info ] [ HEADER ] array (
  'host' => 'localhost',
  'connection' => 'keep-alive',
  'cache-control' => 'max-age=0',
  'upgrade-insecure-requests' => '1',
  'user-agent' => 'Mozilla/5.0 (Windows NT 10.0; WOW64) AppleWebKit/537.36 (KHTML, like Gecko) Chrome/66.0.3359.139 Safari/537.36',
  'accept' => 'text/html,application/xhtml+xml,application/xml;q=0.9,image/webp,image/apng,*/*;q=0.8',
  'accept-encoding' => 'gzip, deflate, br',
  'accept-language' => 'zh-CN,zh;q=0.9',
  'cookie' => 'PHPSESSID=7ei7gmb9s5ir776v6oh41l3ql1',
)
[ info ] [ PARAM ] array (
)
[ info ] [ LANG ] C:\wamp64\www\gmis\public/../application/index\lang\zh-cn.php
[ info ] [ BEHAVIOR ] Run app\common\behavior\Common @module_init [ RunTime:0.018118s ]
[ info ] [ SESSION ] INIT array (
  'id' => '',
  'var_session_id' => '',
  'prefix' => 'think',
  'type' => '',
  'auto_start' => true,
)
[ info ] [ RUN ] app\index\controller\Teapply->index[ C:\wamp64\www\gmis\application\index\controller\Teapply.php ]
[ info ] [ DB ] INIT mysql
[ info ] [ LOG ] INIT File
[ sql ] [ DB ] CONNECT:[ UseTime:0.013115s ] mysql:host=127.0.0.1;dbname=gmisManage;charset=utf8
[ sql ] [ SQL ] SHOW COLUMNS FROM `gmis_tapply` [ RunTime:0.029123s ]
[ error ] [10501]SQLSTATE[42S22]: Column not found: 1054 Unknown column 'isprev' in 'field list'[C:\wamp64\www\gmis\thinkphp\library\think\db\Connection.php:390]
---------------------------------------------------------------
[ 2018-11-20T14:33:02+08:00 ] 0.0.0.0 GET localhost/gmis/public/index/teapply/index.html
[运行时间：0.621241s] [吞吐率：1.61req/s] [内存消耗：5,958.16kb] [文件加载：65]
[ info ] [ BEHAVIOR ] Run Closure @app_init [ RunTime:0.000223s ]
[ info ] [ CACHE ] INIT File
[ info ] [ BEHAVIOR ] Run Closure @app_init [ RunTime:0.032677s ]
[ info ] [ LANG ] C:\wamp64\www\gmis\thinkphp\lang\zh-cn.php
[ info ] [ ROUTE ] array (
  'type' => 'module',
  'module' => 
  array (
    0 => 'index',
    1 => 'teapply',
    2 => 'index',
  ),
)
[ info ] [ HEADER ] array (
  'host' => 'localhost',
  'connection' => 'keep-alive',
  'cache-control' => 'max-age=0',
  'upgrade-insecure-requests' => '1',
  'user-agent' => 'Mozilla/5.0 (Windows NT 10.0; WOW64) AppleWebKit/537.36 (KHTML, like Gecko) Chrome/66.0.3359.139 Safari/537.36',
  'accept' => 'text/html,application/xhtml+xml,application/xml;q=0.9,image/webp,image/apng,*/*;q=0.8',
  'accept-encoding' => 'gzip, deflate, br',
  'accept-language' => 'zh-CN,zh;q=0.9',
  'cookie' => 'PHPSESSID=7ei7gmb9s5ir776v6oh41l3ql1',
)
[ info ] [ PARAM ] array (
)
[ info ] [ LANG ] C:\wamp64\www\gmis\public/../application/index\lang\zh-cn.php
[ info ] [ BEHAVIOR ] Run app\common\behavior\Common @module_init [ RunTime:0.019291s ]
[ info ] [ SESSION ] INIT array (
  'id' => '',
  'var_session_id' => '',
  'prefix' => 'think',
  'type' => '',
  'auto_start' => true,
)
[ info ] [ RUN ] app\index\controller\Teapply->index[ C:\wamp64\www\gmis\application\index\controller\Teapply.php ]
[ info ] [ DB ] INIT mysql
[ info ] [ LOG ] INIT File
[ sql ] [ DB ] CONNECT:[ UseTime:0.005040s ] mysql:host=127.0.0.1;dbname=gmisManage;charset=utf8
[ sql ] [ SQL ] SHOW COLUMNS FROM `gmis_tapply` [ RunTime:0.004884s ]
[ sql ] [ SQL ] SELECT `ta`.`id`,`title`,`nature`,`source`,`isnew`,`isprac`,`proname`,`note`,`stuidcard`,`stuname`,`stuclass`,`stuphone` FROM `gmis_tapply` `ta` LEFT JOIN `gmis_student` `gs` ON `gs`.`id`=`ta`.`stuid` LEFT JOIN `gmis_profess` `gp` ON `gp`.`id`=`ta`.`proid` WHERE  `teaid` = 5 [ RunTime:0.031791s ]
---------------------------------------------------------------
[ 2018-11-20T14:37:30+08:00 ] 0.0.0.0 GET localhost/gmis/public/index/teapply/index.html
[运行时间：0.560741s] [吞吐率：1.78req/s] [内存消耗：5,961.19kb] [文件加载：65]
[ info ] [ BEHAVIOR ] Run Closure @app_init [ RunTime:0.000331s ]
[ info ] [ CACHE ] INIT File
[ info ] [ BEHAVIOR ] Run Closure @app_init [ RunTime:0.046210s ]
[ info ] [ LANG ] C:\wamp64\www\gmis\thinkphp\lang\zh-cn.php
[ info ] [ ROUTE ] array (
  'type' => 'module',
  'module' => 
  array (
    0 => 'index',
    1 => 'teapply',
    2 => 'index',
  ),
)
[ info ] [ HEADER ] array (
  'host' => 'localhost',
  'connection' => 'keep-alive',
  'pragma' => 'no-cache',
  'cache-control' => 'no-cache',
  'upgrade-insecure-requests' => '1',
  'user-agent' => 'Mozilla/5.0 (Windows NT 10.0; WOW64) AppleWebKit/537.36 (KHTML, like Gecko) Chrome/66.0.3359.139 Safari/537.36',
  'accept' => 'text/html,application/xhtml+xml,application/xml;q=0.9,image/webp,image/apng,*/*;q=0.8',
  'accept-encoding' => 'gzip, deflate, br',
  'accept-language' => 'zh-CN,zh;q=0.9',
  'cookie' => 'PHPSESSID=7ei7gmb9s5ir776v6oh41l3ql1',
)
[ info ] [ PARAM ] array (
)
[ info ] [ LANG ] C:\wamp64\www\gmis\public/../application/index\lang\zh-cn.php
[ info ] [ BEHAVIOR ] Run app\common\behavior\Common @module_init [ RunTime:0.020448s ]
[ info ] [ SESSION ] INIT array (
  'id' => '',
  'var_session_id' => '',
  'prefix' => 'think',
  'type' => '',
  'auto_start' => true,
)
[ info ] [ RUN ] app\index\controller\Teapply->index[ C:\wamp64\www\gmis\application\index\controller\Teapply.php ]
[ info ] [ DB ] INIT mysql
[ info ] [ LOG ] INIT File
[ sql ] [ DB ] CONNECT:[ UseTime:0.011903s ] mysql:host=127.0.0.1;dbname=gmisManage;charset=utf8
[ sql ] [ SQL ] SHOW COLUMNS FROM `gmis_tapply` [ RunTime:0.020107s ]
[ sql ] [ SQL ] SELECT `ta`.`id`,`title`,`nature`,`source`,`isnew`,`isprac`,`proname`,`note`,`stuidcard`,`stuname`,`stuclass`,`stuphone` FROM `gmis_tapply` `ta` LEFT JOIN `gmis_student` `gs` ON `gs`.`id`=`ta`.`stuid` LEFT JOIN `gmis_profess` `gp` ON `gp`.`id`=`ta`.`proid` WHERE  `teaid` = 5  AND `belongsenior` = '2018-2019' [ RunTime:0.037972s ]
---------------------------------------------------------------
[ 2018-11-20T14:38:17+08:00 ] 0.0.0.0 GET localhost/gmis/public/index/teapply/index.html
[运行时间：0.558724s] [吞吐率：1.79req/s] [内存消耗：6,049.42kb] [文件加载：70]
[ info ] [ BEHAVIOR ] Run Closure @app_init [ RunTime:0.000196s ]
[ info ] [ CACHE ] INIT File
[ info ] [ BEHAVIOR ] Run Closure @app_init [ RunTime:0.031037s ]
[ info ] [ LANG ] C:\wamp64\www\gmis\thinkphp\lang\zh-cn.php
[ info ] [ ROUTE ] array (
  'type' => 'module',
  'module' => 
  array (
    0 => 'index',
    1 => 'teapply',
    2 => 'index',
  ),
)
[ info ] [ HEADER ] array (
  'host' => 'localhost',
  'connection' => 'keep-alive',
  'pragma' => 'no-cache',
  'cache-control' => 'no-cache',
  'upgrade-insecure-requests' => '1',
  'user-agent' => 'Mozilla/5.0 (Windows NT 10.0; WOW64) AppleWebKit/537.36 (KHTML, like Gecko) Chrome/66.0.3359.139 Safari/537.36',
  'accept' => 'text/html,application/xhtml+xml,application/xml;q=0.9,image/webp,image/apng,*/*;q=0.8',
  'accept-encoding' => 'gzip, deflate, br',
  'accept-language' => 'zh-CN,zh;q=0.9',
  'cookie' => 'PHPSESSID=7ei7gmb9s5ir776v6oh41l3ql1',
)
[ info ] [ PARAM ] array (
)
[ info ] [ LANG ] C:\wamp64\www\gmis\public/../application/index\lang\zh-cn.php
[ info ] [ BEHAVIOR ] Run app\common\behavior\Common @module_init [ RunTime:0.016255s ]
[ info ] [ SESSION ] INIT array (
  'id' => '',
  'var_session_id' => '',
  'prefix' => 'think',
  'type' => '',
  'auto_start' => true,
)
[ info ] [ RUN ] app\index\controller\Teapply->index[ C:\wamp64\www\gmis\application\index\controller\Teapply.php ]
[ info ] [ DB ] INIT mysql
[ info ] [ LOG ] INIT File
[ sql ] [ DB ] CONNECT:[ UseTime:0.004961s ] mysql:host=127.0.0.1;dbname=gmisManage;charset=utf8
[ sql ] [ SQL ] SHOW COLUMNS FROM `gmis_tapply` [ RunTime:0.003696s ]
[ error ] [10501]SQLSTATE[23000]: Integrity constraint violation: 1052 Column 'status' in field list is ambiguous[C:\wamp64\www\gmis\thinkphp\library\think\db\Connection.php:390]
---------------------------------------------------------------
[ 2018-11-20T14:38:40+08:00 ] 0.0.0.0 GET localhost/gmis/public/index/teapply/index.html
[运行时间：0.490672s] [吞吐率：2.04req/s] [内存消耗：5,961.68kb] [文件加载：65]
[ info ] [ BEHAVIOR ] Run Closure @app_init [ RunTime:0.000397s ]
[ info ] [ CACHE ] INIT File
[ info ] [ BEHAVIOR ] Run Closure @app_init [ RunTime:0.023225s ]
[ info ] [ LANG ] C:\wamp64\www\gmis\thinkphp\lang\zh-cn.php
[ info ] [ ROUTE ] array (
  'type' => 'module',
  'module' => 
  array (
    0 => 'index',
    1 => 'teapply',
    2 => 'index',
  ),
)
[ info ] [ HEADER ] array (
  'host' => 'localhost',
  'connection' => 'keep-alive',
  'cache-control' => 'max-age=0',
  'upgrade-insecure-requests' => '1',
  'user-agent' => 'Mozilla/5.0 (Windows NT 10.0; WOW64) AppleWebKit/537.36 (KHTML, like Gecko) Chrome/66.0.3359.139 Safari/537.36',
  'accept' => 'text/html,application/xhtml+xml,application/xml;q=0.9,image/webp,image/apng,*/*;q=0.8',
  'accept-encoding' => 'gzip, deflate, br',
  'accept-language' => 'zh-CN,zh;q=0.9',
  'cookie' => 'PHPSESSID=7ei7gmb9s5ir776v6oh41l3ql1',
)
[ info ] [ PARAM ] array (
)
[ info ] [ LANG ] C:\wamp64\www\gmis\public/../application/index\lang\zh-cn.php
[ info ] [ BEHAVIOR ] Run app\common\behavior\Common @module_init [ RunTime:0.017656s ]
[ info ] [ SESSION ] INIT array (
  'id' => '',
  'var_session_id' => '',
  'prefix' => 'think',
  'type' => '',
  'auto_start' => true,
)
[ info ] [ RUN ] app\index\controller\Teapply->index[ C:\wamp64\www\gmis\application\index\controller\Teapply.php ]
[ info ] [ DB ] INIT mysql
[ info ] [ LOG ] INIT File
[ sql ] [ DB ] CONNECT:[ UseTime:0.004089s ] mysql:host=127.0.0.1;dbname=gmisManage;charset=utf8
[ sql ] [ SQL ] SHOW COLUMNS FROM `gmis_tapply` [ RunTime:0.003911s ]
[ sql ] [ SQL ] SELECT `ta`.`id`,`title`,`nature`,`source`,`isnew`,`isprac`,`proname`,`note`,`ta`.`status`,`stuidcard`,`stuname`,`stuclass`,`stuphone` FROM `gmis_tapply` `ta` LEFT JOIN `gmis_student` `gs` ON `gs`.`id`=`ta`.`stuid` LEFT JOIN `gmis_profess` `gp` ON `gp`.`id`=`ta`.`proid` WHERE  `teaid` = 5  AND `belongsenior` = '2018-2019' [ RunTime:0.044220s ]
---------------------------------------------------------------
[ 2018-11-20T14:39:47+08:00 ] 0.0.0.0 GET localhost/gmis/public/index/teapply/index.html
[运行时间：0.590838s] [吞吐率：1.69req/s] [内存消耗：5,960.58kb] [文件加载：65]
[ info ] [ BEHAVIOR ] Run Closure @app_init [ RunTime:0.000242s ]
[ info ] [ CACHE ] INIT File
[ info ] [ BEHAVIOR ] Run Closure @app_init [ RunTime:0.026059s ]
[ info ] [ LANG ] C:\wamp64\www\gmis\thinkphp\lang\zh-cn.php
[ info ] [ ROUTE ] array (
  'type' => 'module',
  'module' => 
  array (
    0 => 'index',
    1 => 'teapply',
    2 => 'index',
  ),
)
[ info ] [ HEADER ] array (
  'host' => 'localhost',
  'connection' => 'keep-alive',
  'cache-control' => 'max-age=0',
  'upgrade-insecure-requests' => '1',
  'user-agent' => 'Mozilla/5.0 (Windows NT 10.0; WOW64) AppleWebKit/537.36 (KHTML, like Gecko) Chrome/66.0.3359.139 Safari/537.36',
  'accept' => 'text/html,application/xhtml+xml,application/xml;q=0.9,image/webp,image/apng,*/*;q=0.8',
  'accept-encoding' => 'gzip, deflate, br',
  'accept-language' => 'zh-CN,zh;q=0.9',
  'cookie' => 'PHPSESSID=7ei7gmb9s5ir776v6oh41l3ql1',
)
[ info ] [ PARAM ] array (
)
[ info ] [ LANG ] C:\wamp64\www\gmis\public/../application/index\lang\zh-cn.php
[ info ] [ BEHAVIOR ] Run app\common\behavior\Common @module_init [ RunTime:0.018235s ]
[ info ] [ SESSION ] INIT array (
  'id' => '',
  'var_session_id' => '',
  'prefix' => 'think',
  'type' => '',
  'auto_start' => true,
)
[ info ] [ RUN ] app\index\controller\Teapply->index[ C:\wamp64\www\gmis\application\index\controller\Teapply.php ]
[ info ] [ DB ] INIT mysql
[ info ] [ LOG ] INIT File
[ sql ] [ DB ] CONNECT:[ UseTime:0.005105s ] mysql:host=127.0.0.1;dbname=gmisManage;charset=utf8
[ sql ] [ SQL ] SHOW COLUMNS FROM `gmis_tapply` [ RunTime:0.004405s ]
[ sql ] [ SQL ] SELECT `ta`.`id`,`title`,`nature`,`source`,`isnew`,`isprac`,`proname`,`note`,`ta`.`status`,`stuidcard`,`stuname`,`stuclass`,`stuphone` FROM `gmis_tapply` `ta` LEFT JOIN `gmis_student` `gs` ON `gs`.`id`=`ta`.`stuid` LEFT JOIN `gmis_profess` `gp` ON `gp`.`id`=`ta`.`proid` WHERE  `teaid` = 5  AND `belongsenior` = '2018-2019' [ RunTime:0.027580s ]
---------------------------------------------------------------
[ 2018-11-20T14:40:12+08:00 ] 0.0.0.0 GET localhost/gmis/public/index/teapply/index.html
[运行时间：0.530421s] [吞吐率：1.89req/s] [内存消耗：5,961.68kb] [文件加载：65]
[ info ] [ BEHAVIOR ] Run Closure @app_init [ RunTime:0.000218s ]
[ info ] [ CACHE ] INIT File
[ info ] [ BEHAVIOR ] Run Closure @app_init [ RunTime:0.025117s ]
[ info ] [ LANG ] C:\wamp64\www\gmis\thinkphp\lang\zh-cn.php
[ info ] [ ROUTE ] array (
  'type' => 'module',
  'module' => 
  array (
    0 => 'index',
    1 => 'teapply',
    2 => 'index',
  ),
)
[ info ] [ HEADER ] array (
  'host' => 'localhost',
  'connection' => 'keep-alive',
  'cache-control' => 'max-age=0',
  'upgrade-insecure-requests' => '1',
  'user-agent' => 'Mozilla/5.0 (Windows NT 10.0; WOW64) AppleWebKit/537.36 (KHTML, like Gecko) Chrome/66.0.3359.139 Safari/537.36',
  'accept' => 'text/html,application/xhtml+xml,application/xml;q=0.9,image/webp,image/apng,*/*;q=0.8',
  'accept-encoding' => 'gzip, deflate, br',
  'accept-language' => 'zh-CN,zh;q=0.9',
  'cookie' => 'PHPSESSID=7ei7gmb9s5ir776v6oh41l3ql1',
)
[ info ] [ PARAM ] array (
)
[ info ] [ LANG ] C:\wamp64\www\gmis\public/../application/index\lang\zh-cn.php
[ info ] [ BEHAVIOR ] Run app\common\behavior\Common @module_init [ RunTime:0.018858s ]
[ info ] [ SESSION ] INIT array (
  'id' => '',
  'var_session_id' => '',
  'prefix' => 'think',
  'type' => '',
  'auto_start' => true,
)
[ info ] [ RUN ] app\index\controller\Teapply->index[ C:\wamp64\www\gmis\application\index\controller\Teapply.php ]
[ info ] [ DB ] INIT mysql
[ info ] [ LOG ] INIT File
[ sql ] [ DB ] CONNECT:[ UseTime:0.003807s ] mysql:host=127.0.0.1;dbname=gmisManage;charset=utf8
[ sql ] [ SQL ] SHOW COLUMNS FROM `gmis_tapply` [ RunTime:0.003831s ]
[ sql ] [ SQL ] SELECT `ta`.`id`,`title`,`nature`,`source`,`isnew`,`isprac`,`proname`,`note`,`ta`.`status`,`stuidcard`,`stuname`,`stuclass`,`stuphone` FROM `gmis_tapply` `ta` LEFT JOIN `gmis_student` `gs` ON `gs`.`id`=`ta`.`stuid` LEFT JOIN `gmis_profess` `gp` ON `gp`.`id`=`ta`.`proid` WHERE  `teaid` = 5  AND `belongsenior` = '2018-2019' [ RunTime:0.017582s ]
