---------------------------------------------------------------
[ 2018-11-23T10:33:22+08:00 ] 0.0.0.0 GET localhost/gmis/public/admin
[运行时间：5.246227s] [吞吐率：0.19req/s] [内存消耗：4,636.93kb] [文件加载：66]
[ info ] [ BEHAVIOR ] Run Closure @app_init [ RunTime:0.002094s ]
[ info ] [ CACHE ] INIT File
[ info ] [ BEHAVIOR ] Run Closure @app_init [ RunTime:0.306794s ]
[ info ] [ LANG ] C:\wamp64\www\gmis\thinkphp\lang\zh-cn.php
[ info ] [ ROUTE ] array (
  'type' => 'module',
  'module' => 
  array (
    0 => 'admin',
    1 => NULL,
    2 => NULL,
  ),
)
[ info ] [ HEADER ] array (
  'host' => 'localhost',
  'connection' => 'keep-alive',
  'upgrade-insecure-requests' => '1',
  'user-agent' => 'Mozilla/5.0 (Windows NT 10.0; WOW64) AppleWebKit/537.36 (KHTML, like Gecko) Chrome/66.0.3359.139 Safari/537.36',
  'accept' => 'text/html,application/xhtml+xml,application/xml;q=0.9,image/webp,image/apng,*/*;q=0.8',
  'accept-encoding' => 'gzip, deflate, br',
  'accept-language' => 'zh-CN,zh;q=0.9',
)
[ info ] [ PARAM ] array (
)
[ info ] [ LANG ] C:\wamp64\www\gmis\public/../application/admin\lang\zh-cn.php
[ info ] [ BEHAVIOR ] Run app\common\behavior\Common @module_init [ RunTime:0.118374s ]
[ info ] [ SESSION ] INIT array (
  'id' => '',
  'var_session_id' => '',
  'prefix' => 'think',
  'type' => '',
  'auto_start' => true,
)
[ info ] [ VIEW ] C:\wamp64\www\gmis\public/../application/common\view\tpl\dispatch_jump.tpl [ array (
  0 => 'code',
  1 => 'msg',
  2 => 'data',
  3 => 'url',
  4 => 'wait',
) ]
[ info ] [ BEHAVIOR ] Run app\admin\behavior\AdminLog @app_end [ RunTime:0.027959s ]
[ info ] [ LOG ] INIT File
---------------------------------------------------------------
[ 2018-11-23T10:33:29+08:00 ] 0.0.0.0 GET localhost/gmis/public/admin/index/login?url=%2Fgmis%2Fpublic%2Fadmin
[运行时间：1.828644s] [吞吐率：0.55req/s] [内存消耗：5,325.90kb] [文件加载：69]
[ info ] [ BEHAVIOR ] Run Closure @app_init [ RunTime:0.000353s ]
[ info ] [ CACHE ] INIT File
[ info ] [ BEHAVIOR ] Run Closure @app_init [ RunTime:0.033834s ]
[ info ] [ LANG ] C:\wamp64\www\gmis\thinkphp\lang\zh-cn.php
[ info ] [ ROUTE ] array (
  'type' => 'module',
  'module' => 
  array (
    0 => 'admin',
    1 => 'index',
    2 => 'login',
  ),
)
[ info ] [ HEADER ] array (
  'host' => 'localhost',
  'connection' => 'keep-alive',
  'upgrade-insecure-requests' => '1',
  'user-agent' => 'Mozilla/5.0 (Windows NT 10.0; WOW64) AppleWebKit/537.36 (KHTML, like Gecko) Chrome/66.0.3359.139 Safari/537.36',
  'accept' => 'text/html,application/xhtml+xml,application/xml;q=0.9,image/webp,image/apng,*/*;q=0.8',
  'referer' => 'http://localhost/gmis/public/admin',
  'accept-encoding' => 'gzip, deflate, br',
  'accept-language' => 'zh-CN,zh;q=0.9',
  'cookie' => 'PHPSESSID=7ktb9tuc4dgim0raoch3t672b7',
)
[ info ] [ PARAM ] array (
  'url' => '/gmis/public/admin',
)
[ info ] [ LANG ] C:\wamp64\www\gmis\public/../application/admin\lang\zh-cn.php
[ info ] [ BEHAVIOR ] Run app\common\behavior\Common @module_init [ RunTime:0.023613s ]
[ info ] [ SESSION ] INIT array (
  'id' => '',
  'var_session_id' => '',
  'prefix' => 'think',
  'type' => '',
  'auto_start' => true,
)
[ info ] [ LANG ] C:\wamp64\www\gmis\public/../application/admin/lang/zh-cn/index.php
[ info ] [ RUN ] app\admin\controller\Index->login[ C:\wamp64\www\gmis\application\admin\controller\Index.php ]
[ info ] [ VIEW ] C:\wamp64\www\gmis\public/../application/admin\view\index\login.html [ array (
  0 => 'breadcrumb',
  1 => 'site',
  2 => 'config',
  3 => 'auth',
  4 => 'admin',
  5 => 'background',
  6 => 'title',
) ]
[ info ] [ BEHAVIOR ] Run app\admin\behavior\AdminLog @app_end [ RunTime:0.016392s ]
[ info ] [ LOG ] INIT File
---------------------------------------------------------------
[ 2018-11-23T10:33:53+08:00 ] 0.0.0.0 GET localhost/gmis/public/admin/ajax/lang?callback=define&controllername=index&v=1542940408
[运行时间：0.616419s] [吞吐率：1.62req/s] [内存消耗：5,337.07kb] [文件加载：69]
[ info ] [ BEHAVIOR ] Run Closure @app_init [ RunTime:0.000291s ]
[ info ] [ CACHE ] INIT File
[ info ] [ BEHAVIOR ] Run Closure @app_init [ RunTime:0.027668s ]
[ info ] [ LANG ] C:\wamp64\www\gmis\thinkphp\lang\zh-cn.php
[ info ] [ ROUTE ] array (
  'type' => 'module',
  'module' => 
  array (
    0 => 'admin',
    1 => 'ajax',
    2 => 'lang',
  ),
)
[ info ] [ HEADER ] array (
  'host' => 'localhost',
  'connection' => 'keep-alive',
  'user-agent' => 'Mozilla/5.0 (Windows NT 10.0; WOW64) AppleWebKit/537.36 (KHTML, like Gecko) Chrome/66.0.3359.139 Safari/537.36',
  'accept' => '*/*',
  'referer' => 'http://localhost/gmis/public/admin/index/login?url=%2Fgmis%2Fpublic%2Fadmin',
  'accept-encoding' => 'gzip, deflate, br',
  'accept-language' => 'zh-CN,zh;q=0.9',
  'cookie' => 'PHPSESSID=7ktb9tuc4dgim0raoch3t672b7',
)
[ info ] [ PARAM ] array (
  'callback' => 'define',
  'controllername' => 'index',
  'v' => '1542940408',
)
[ info ] [ LANG ] C:\wamp64\www\gmis\public/../application/admin\lang\zh-cn.php
[ info ] [ BEHAVIOR ] Run app\common\behavior\Common @module_init [ RunTime:0.011263s ]
[ info ] [ SESSION ] INIT array (
  'id' => '',
  'var_session_id' => '',
  'prefix' => 'think',
  'type' => '',
  'auto_start' => true,
)
[ info ] [ LANG ] C:\wamp64\www\gmis\public/../application/admin/lang/zh-cn/ajax.php
[ info ] [ RUN ] app\admin\controller\Ajax->lang[ C:\wamp64\www\gmis\application\admin\controller\Ajax.php ]
[ info ] [ LANG ] C:\wamp64\www\gmis\public/../application/admin/lang/zh-cn/index.php
[ info ] [ BEHAVIOR ] Run app\admin\behavior\AdminLog @app_end [ RunTime:0.012476s ]
[ info ] [ LOG ] INIT File
---------------------------------------------------------------
[ 2018-11-23T10:34:09+08:00 ] 0.0.0.0 POST localhost/gmis/public/admin/index/login?url=%2Fgmis%2Fpublic%2Fadmin
[运行时间：1.738371s] [吞吐率：0.58req/s] [内存消耗：6,881.88kb] [文件加载：78]
[ info ] [ BEHAVIOR ] Run Closure @app_init [ RunTime:0.000234s ]
[ info ] [ CACHE ] INIT File
[ info ] [ BEHAVIOR ] Run Closure @app_init [ RunTime:0.038301s ]
[ info ] [ LANG ] C:\wamp64\www\gmis\thinkphp\lang\zh-cn.php
[ info ] [ ROUTE ] array (
  'type' => 'module',
  'module' => 
  array (
    0 => 'admin',
    1 => 'index',
    2 => 'login',
  ),
)
[ info ] [ HEADER ] array (
  'host' => 'localhost',
  'connection' => 'keep-alive',
  'content-length' => '77',
  'accept' => 'application/json, text/javascript, */*; q=0.01',
  'origin' => 'http://localhost',
  'x-requested-with' => 'XMLHttpRequest',
  'user-agent' => 'Mozilla/5.0 (Windows NT 10.0; WOW64) AppleWebKit/537.36 (KHTML, like Gecko) Chrome/66.0.3359.139 Safari/537.36',
  'content-type' => 'application/x-www-form-urlencoded; charset=UTF-8',
  'referer' => 'http://localhost/gmis/public/admin/index/login?url=%2Fgmis%2Fpublic%2Fadmin',
  'accept-encoding' => 'gzip, deflate, br',
  'accept-language' => 'zh-CN,zh;q=0.9',
  'cookie' => 'PHPSESSID=7ktb9tuc4dgim0raoch3t672b7',
)
[ info ] [ PARAM ] array (
  'url' => '/gmis/public/admin',
  '__token__' => '2c30bbdc6e7dc8cc02c23c32c2602105',
  'username' => 'dreamtech',
  'password' => '123456',
)
[ info ] [ LANG ] C:\wamp64\www\gmis\public/../application/admin\lang\zh-cn.php
[ info ] [ BEHAVIOR ] Run app\common\behavior\Common @module_init [ RunTime:0.028978s ]
[ info ] [ SESSION ] INIT array (
  'id' => '',
  'var_session_id' => '',
  'prefix' => 'think',
  'type' => '',
  'auto_start' => true,
)
[ info ] [ LANG ] C:\wamp64\www\gmis\public/../application/admin/lang/zh-cn/index.php
[ info ] [ RUN ] app\admin\controller\Index->login[ C:\wamp64\www\gmis\application\admin\controller\Index.php ]
[ info ] [ DB ] INIT mysql
[ info ] [ BEHAVIOR ] Run app\admin\behavior\AdminLog @app_end [ RunTime:0.081816s ]
[ info ] [ LOG ] INIT File
[ sql ] [ DB ] CONNECT:[ UseTime:0.058182s ] mysql:host=127.0.0.1;dbname=gmisManage;charset=utf8
[ sql ] [ SQL ] SHOW COLUMNS FROM `gmis_admin` [ RunTime:0.062059s ]
[ sql ] [ SQL ] SELECT * FROM `gmis_admin` WHERE  `username` = 'dreamtech' LIMIT 1 [ RunTime:0.003805s ]
[ sql ] [ SQL ] UPDATE `gmis_admin`  SET `logintime`=1542940449,`token`='a7f081df-967d-4eb5-b0f6-1cdfb792addd',`updatetime`=1542940449  WHERE  `id` = 1 [ RunTime:0.013310s ]
[ sql ] [ SQL ] SHOW COLUMNS FROM `gmis_admin_log` [ RunTime:0.030748s ]
[ sql ] [ SQL ] INSERT INTO `gmis_admin_log` (`title` , `content` , `url` , `admin_id` , `username` , `useragent` , `ip` , `createtime`) VALUES ('登录' , '{\"url\":\"\\/gmis\\/public\\/admin\",\"__token__\":\"2c30bbdc6e7dc8cc02c23c32c2602105\",\"username\":\"dreamtech\"}' , '/gmis/public/admin/index/login?url=%2Fgmis%2Fpublic%2Fadmin' , 1 , 'dreamtech' , 'Mozilla/5.0 (Windows NT 10.0; WOW64) AppleWebKit/537.36 (KHTML, like Gecko) Chrome/66.0.3359.139 Safari/537.36' , '0.0.0.0' , 1542940449) [ RunTime:0.011154s ]
---------------------------------------------------------------
[ 2018-11-23T10:34:15+08:00 ] 0.0.0.0 GET localhost/gmis/public/admin
[运行时间：5.760097s] [吞吐率：0.17req/s] [内存消耗：7,457.97kb] [文件加载：88]
[ info ] [ BEHAVIOR ] Run Closure @app_init [ RunTime:0.005185s ]
[ info ] [ CACHE ] INIT File
[ info ] [ BEHAVIOR ] Run Closure @app_init [ RunTime:0.040564s ]
[ info ] [ LANG ] C:\wamp64\www\gmis\thinkphp\lang\zh-cn.php
[ info ] [ ROUTE ] array (
  'type' => 'module',
  'module' => 
  array (
    0 => 'admin',
    1 => NULL,
    2 => NULL,
  ),
)
[ info ] [ HEADER ] array (
  'host' => 'localhost',
  'connection' => 'keep-alive',
  'upgrade-insecure-requests' => '1',
  'user-agent' => 'Mozilla/5.0 (Windows NT 10.0; WOW64) AppleWebKit/537.36 (KHTML, like Gecko) Chrome/66.0.3359.139 Safari/537.36',
  'accept' => 'text/html,application/xhtml+xml,application/xml;q=0.9,image/webp,image/apng,*/*;q=0.8',
  'referer' => 'http://localhost/gmis/public/admin/index/login?url=%2Fgmis%2Fpublic%2Fadmin',
  'accept-encoding' => 'gzip, deflate, br',
  'accept-language' => 'zh-CN,zh;q=0.9',
  'cookie' => 'PHPSESSID=7ktb9tuc4dgim0raoch3t672b7',
)
[ info ] [ PARAM ] array (
)
[ info ] [ LANG ] C:\wamp64\www\gmis\public/../application/admin\lang\zh-cn.php
[ info ] [ BEHAVIOR ] Run app\common\behavior\Common @module_init [ RunTime:0.032105s ]
[ info ] [ SESSION ] INIT array (
  'id' => '',
  'var_session_id' => '',
  'prefix' => 'think',
  'type' => '',
  'auto_start' => true,
)
[ info ] [ LANG ] C:\wamp64\www\gmis\public/../application/admin/lang/zh-cn/index.php
[ info ] [ RUN ] app\admin\controller\Index->index[ C:\wamp64\www\gmis\application\admin\controller\Index.php ]
[ info ] [ DB ] INIT mysql
[ info ] [ VIEW ] C:\wamp64\www\gmis\public/../application/admin\view\index\index.html [ array (
  0 => 'breadcrumb',
  1 => 'site',
  2 => 'config',
  3 => 'auth',
  4 => 'admin',
  5 => 'menulist',
  6 => 'navlist',
  7 => 'fixedmenu',
  8 => 'referermenu',
  9 => 'title',
) ]
[ info ] [ BEHAVIOR ] Run app\admin\behavior\AdminLog @app_end [ RunTime:0.012218s ]
[ info ] [ LOG ] INIT File
[ sql ] [ DB ] CONNECT:[ UseTime:0.007697s ] mysql:host=127.0.0.1;dbname=gmisManage;charset=utf8
[ sql ] [ SQL ] SHOW COLUMNS FROM `gmis_auth_group_access` [ RunTime:0.033741s ]
[ sql ] [ SQL ] SELECT `aga`.`uid`,`aga`.`group_id`,`ag`.`id`,`ag`.`pid`,`ag`.`name`,`ag`.`rules` FROM `gmis_auth_group_access` `aga` LEFT JOIN `gmis_auth_group` `ag` ON `aga`.`group_id`=`ag`.`id` WHERE  (  aga.uid='1' and ag.status='normal' ) [ RunTime:0.036168s ]
[ sql ] [ SQL ] SHOW COLUMNS FROM `gmis_auth_rule` [ RunTime:0.033162s ]
[ sql ] [ SQL ] SELECT `id`,`pid`,`condition`,`icon`,`name`,`title`,`ismenu` FROM `gmis_auth_rule` WHERE  `status` = 'normal' [ RunTime:0.005644s ]
---------------------------------------------------------------
[ 2018-11-23T10:34:16+08:00 ] 0.0.0.0 GET localhost/gmis/public/admin/dashboard?addtabs=1
[运行时间：1.201154s] [吞吐率：0.83req/s] [内存消耗：7,104.82kb] [文件加载：78]
[ info ] [ BEHAVIOR ] Run Closure @app_init [ RunTime:0.000228s ]
[ info ] [ CACHE ] INIT File
[ info ] [ BEHAVIOR ] Run Closure @app_init [ RunTime:0.026786s ]
[ info ] [ LANG ] C:\wamp64\www\gmis\thinkphp\lang\zh-cn.php
[ info ] [ ROUTE ] array (
  'type' => 'module',
  'module' => 
  array (
    0 => 'admin',
    1 => 'dashboard',
    2 => NULL,
  ),
)
[ info ] [ HEADER ] array (
  'host' => 'localhost',
  'connection' => 'keep-alive',
  'upgrade-insecure-requests' => '1',
  'user-agent' => 'Mozilla/5.0 (Windows NT 10.0; WOW64) AppleWebKit/537.36 (KHTML, like Gecko) Chrome/66.0.3359.139 Safari/537.36',
  'accept' => 'text/html,application/xhtml+xml,application/xml;q=0.9,image/webp,image/apng,*/*;q=0.8',
  'referer' => 'http://localhost/gmis/public/admin',
  'accept-encoding' => 'gzip, deflate, br',
  'accept-language' => 'zh-CN,zh;q=0.9',
  'cookie' => 'PHPSESSID=7ktb9tuc4dgim0raoch3t672b7',
)
[ info ] [ PARAM ] array (
  'addtabs' => '1',
)
[ info ] [ LANG ] C:\wamp64\www\gmis\public/../application/admin\lang\zh-cn.php
[ info ] [ BEHAVIOR ] Run app\common\behavior\Common @module_init [ RunTime:0.024308s ]
[ info ] [ SESSION ] INIT array (
  'id' => '',
  'var_session_id' => '',
  'prefix' => 'think',
  'type' => '',
  'auto_start' => true,
)
[ info ] [ DB ] INIT mysql
[ info ] [ LANG ] C:\wamp64\www\gmis\public/../application/admin/lang/zh-cn/dashboard.php
[ info ] [ RUN ] app\admin\controller\Dashboard->index[ C:\wamp64\www\gmis\application\admin\controller\Dashboard.php ]
[ info ] [ VIEW ] C:\wamp64\www\gmis\public/../application/admin\view\dashboard\index.html [ array (
  0 => 'breadcrumb',
  1 => 'site',
  2 => 'config',
  3 => 'auth',
  4 => 'admin',
  5 => 'totaluser',
  6 => 'totalviews',
  7 => 'totalorder',
  8 => 'totalorderamount',
  9 => 'todayuserlogin',
  10 => 'todayusersignup',
  11 => 'todayorder',
  12 => 'unsettleorder',
  13 => 'sevendnu',
  14 => 'sevendau',
  15 => 'paylist',
  16 => 'createlist',
  17 => 'addonversion',
  18 => 'uploadmode',
) ]
[ info ] [ BEHAVIOR ] Run app\admin\behavior\AdminLog @app_end [ RunTime:0.009625s ]
[ info ] [ LOG ] INIT File
[ sql ] [ DB ] CONNECT:[ UseTime:0.004093s ] mysql:host=127.0.0.1;dbname=gmisManage;charset=utf8
[ sql ] [ SQL ] SHOW COLUMNS FROM `gmis_auth_group_access` [ RunTime:0.021318s ]
[ sql ] [ SQL ] SELECT `aga`.`uid`,`aga`.`group_id`,`ag`.`id`,`ag`.`pid`,`ag`.`name`,`ag`.`rules` FROM `gmis_auth_group_access` `aga` LEFT JOIN `gmis_auth_group` `ag` ON `aga`.`group_id`=`ag`.`id` WHERE  (  aga.uid='1' and ag.status='normal' ) [ RunTime:0.018742s ]
[ sql ] [ SQL ] SHOW COLUMNS FROM `gmis_auth_rule` [ RunTime:0.023869s ]
[ sql ] [ SQL ] SELECT `id`,`pid`,`condition`,`icon`,`name`,`title`,`ismenu` FROM `gmis_auth_rule` WHERE  `status` = 'normal' [ RunTime:0.003523s ]
[ sql ] [ SQL ] SELECT `title`,`remark` FROM `gmis_auth_rule` WHERE  `name` = 'dashboard' LIMIT 1 [ RunTime:0.002534s ]
---------------------------------------------------------------
[ 2018-11-23T10:34:50+08:00 ] 0.0.0.0 GET localhost/gmis/public/admin/ajax/lang?callback=define&controllername=index&v=1542940449
[运行时间：0.601731s] [吞吐率：1.66req/s] [内存消耗：5,339.27kb] [文件加载：69]
[ info ] [ BEHAVIOR ] Run Closure @app_init [ RunTime:0.000504s ]
[ info ] [ CACHE ] INIT File
[ info ] [ BEHAVIOR ] Run Closure @app_init [ RunTime:0.028838s ]
[ info ] [ LANG ] C:\wamp64\www\gmis\thinkphp\lang\zh-cn.php
[ info ] [ ROUTE ] array (
  'type' => 'module',
  'module' => 
  array (
    0 => 'admin',
    1 => 'ajax',
    2 => 'lang',
  ),
)
[ info ] [ HEADER ] array (
  'host' => 'localhost',
  'connection' => 'keep-alive',
  'user-agent' => 'Mozilla/5.0 (Windows NT 10.0; WOW64) AppleWebKit/537.36 (KHTML, like Gecko) Chrome/66.0.3359.139 Safari/537.36',
  'accept' => '*/*',
  'referer' => 'http://localhost/gmis/public/admin',
  'accept-encoding' => 'gzip, deflate, br',
  'accept-language' => 'zh-CN,zh;q=0.9',
  'cookie' => 'PHPSESSID=7ktb9tuc4dgim0raoch3t672b7',
)
[ info ] [ PARAM ] array (
  'callback' => 'define',
  'controllername' => 'index',
  'v' => '1542940449',
)
[ info ] [ LANG ] C:\wamp64\www\gmis\public/../application/admin\lang\zh-cn.php
[ info ] [ BEHAVIOR ] Run app\common\behavior\Common @module_init [ RunTime:0.016200s ]
[ info ] [ SESSION ] INIT array (
  'id' => '',
  'var_session_id' => '',
  'prefix' => 'think',
  'type' => '',
  'auto_start' => true,
)
[ info ] [ LANG ] C:\wamp64\www\gmis\public/../application/admin/lang/zh-cn/ajax.php
[ info ] [ RUN ] app\admin\controller\Ajax->lang[ C:\wamp64\www\gmis\application\admin\controller\Ajax.php ]
[ info ] [ LANG ] C:\wamp64\www\gmis\public/../application/admin/lang/zh-cn/index.php
[ info ] [ BEHAVIOR ] Run app\admin\behavior\AdminLog @app_end [ RunTime:0.009355s ]
[ info ] [ LOG ] INIT File
---------------------------------------------------------------
[ 2018-11-23T10:34:51+08:00 ] 0.0.0.0 GET localhost/gmis/public/admin/ajax/lang?callback=define&controllername=dashboard&v=1542940455
[运行时间：0.593401s] [吞吐率：1.69req/s] [内存消耗：5,336.80kb] [文件加载：69]
[ info ] [ BEHAVIOR ] Run Closure @app_init [ RunTime:0.000387s ]
[ info ] [ CACHE ] INIT File
[ info ] [ BEHAVIOR ] Run Closure @app_init [ RunTime:0.027504s ]
[ info ] [ LANG ] C:\wamp64\www\gmis\thinkphp\lang\zh-cn.php
[ info ] [ ROUTE ] array (
  'type' => 'module',
  'module' => 
  array (
    0 => 'admin',
    1 => 'ajax',
    2 => 'lang',
  ),
)
[ info ] [ HEADER ] array (
  'host' => 'localhost',
  'connection' => 'keep-alive',
  'user-agent' => 'Mozilla/5.0 (Windows NT 10.0; WOW64) AppleWebKit/537.36 (KHTML, like Gecko) Chrome/66.0.3359.139 Safari/537.36',
  'accept' => '*/*',
  'referer' => 'http://localhost/gmis/public/admin/dashboard?addtabs=1',
  'accept-encoding' => 'gzip, deflate, br',
  'accept-language' => 'zh-CN,zh;q=0.9',
  'cookie' => 'PHPSESSID=7ktb9tuc4dgim0raoch3t672b7',
)
[ info ] [ PARAM ] array (
  'callback' => 'define',
  'controllername' => 'dashboard',
  'v' => '1542940455',
)
[ info ] [ LANG ] C:\wamp64\www\gmis\public/../application/admin\lang\zh-cn.php
[ info ] [ BEHAVIOR ] Run app\common\behavior\Common @module_init [ RunTime:0.023636s ]
[ info ] [ SESSION ] INIT array (
  'id' => '',
  'var_session_id' => '',
  'prefix' => 'think',
  'type' => '',
  'auto_start' => true,
)
[ info ] [ LANG ] C:\wamp64\www\gmis\public/../application/admin/lang/zh-cn/ajax.php
[ info ] [ RUN ] app\admin\controller\Ajax->lang[ C:\wamp64\www\gmis\application\admin\controller\Ajax.php ]
[ info ] [ LANG ] C:\wamp64\www\gmis\public/../application/admin/lang/zh-cn/dashboard.php
[ info ] [ BEHAVIOR ] Run app\admin\behavior\AdminLog @app_end [ RunTime:0.013913s ]
[ info ] [ LOG ] INIT File
---------------------------------------------------------------
[ 2018-11-23T10:35:03+08:00 ] 0.0.0.0 GET localhost/gmis/public/admin/teacher?addtabs=1
[运行时间：2.340373s] [吞吐率：0.43req/s] [内存消耗：7,316.02kb] [文件加载：79]
[ info ] [ BEHAVIOR ] Run Closure @app_init [ RunTime:0.000446s ]
[ info ] [ CACHE ] INIT File
[ info ] [ BEHAVIOR ] Run Closure @app_init [ RunTime:0.035703s ]
[ info ] [ LANG ] C:\wamp64\www\gmis\thinkphp\lang\zh-cn.php
[ info ] [ ROUTE ] array (
  'type' => 'module',
  'module' => 
  array (
    0 => 'admin',
    1 => 'teacher',
    2 => NULL,
  ),
)
[ info ] [ HEADER ] array (
  'host' => 'localhost',
  'connection' => 'keep-alive',
  'upgrade-insecure-requests' => '1',
  'user-agent' => 'Mozilla/5.0 (Windows NT 10.0; WOW64) AppleWebKit/537.36 (KHTML, like Gecko) Chrome/66.0.3359.139 Safari/537.36',
  'accept' => 'text/html,application/xhtml+xml,application/xml;q=0.9,image/webp,image/apng,*/*;q=0.8',
  'referer' => 'http://localhost/gmis/public/admin/teacher?ref=addtabs',
  'accept-encoding' => 'gzip, deflate, br',
  'accept-language' => 'zh-CN,zh;q=0.9',
  'cookie' => 'PHPSESSID=7ktb9tuc4dgim0raoch3t672b7',
)
[ info ] [ PARAM ] array (
  'addtabs' => '1',
)
[ info ] [ LANG ] C:\wamp64\www\gmis\public/../application/admin\lang\zh-cn.php
[ info ] [ BEHAVIOR ] Run app\common\behavior\Common @module_init [ RunTime:0.019859s ]
[ info ] [ SESSION ] INIT array (
  'id' => '',
  'var_session_id' => '',
  'prefix' => 'think',
  'type' => '',
  'auto_start' => true,
)
[ info ] [ DB ] INIT mysql
[ info ] [ LANG ] C:\wamp64\www\gmis\public/../application/admin/lang/zh-cn/teacher.php
[ info ] [ RUN ] app\common\controller\Backend->index[ C:\wamp64\www\gmis\application\admin\library\traits\Backend.php ]
[ info ] [ VIEW ] C:\wamp64\www\gmis\public/../application/admin\view\teacher\index.html [ array (
  0 => 'breadcrumb',
  1 => 'site',
  2 => 'config',
  3 => 'auth',
  4 => 'admin',
  5 => 'teahonorList',
  6 => 'statusList',
) ]
[ info ] [ BEHAVIOR ] Run app\admin\behavior\AdminLog @app_end [ RunTime:0.011790s ]
[ info ] [ LOG ] INIT File
[ sql ] [ DB ] CONNECT:[ UseTime:0.005590s ] mysql:host=127.0.0.1;dbname=gmisManage;charset=utf8
[ sql ] [ SQL ] SHOW COLUMNS FROM `gmis_auth_group_access` [ RunTime:0.027032s ]
[ sql ] [ SQL ] SELECT `aga`.`uid`,`aga`.`group_id`,`ag`.`id`,`ag`.`pid`,`ag`.`name`,`ag`.`rules` FROM `gmis_auth_group_access` `aga` LEFT JOIN `gmis_auth_group` `ag` ON `aga`.`group_id`=`ag`.`id` WHERE  (  aga.uid='1' and ag.status='normal' ) [ RunTime:0.040907s ]
[ sql ] [ SQL ] SHOW COLUMNS FROM `gmis_auth_rule` [ RunTime:0.034068s ]
[ sql ] [ SQL ] SELECT `id`,`pid`,`condition`,`icon`,`name`,`title`,`ismenu` FROM `gmis_auth_rule` WHERE  `status` = 'normal' [ RunTime:0.006371s ]
[ sql ] [ SQL ] SELECT `title`,`remark` FROM `gmis_auth_rule` WHERE  `name` = 'teacher' LIMIT 1 [ RunTime:0.002632s ]
---------------------------------------------------------------
[ 2018-11-23T10:35:05+08:00 ] 0.0.0.0 GET localhost/gmis/public/admin/ajax/lang?callback=define&controllername=teacher&v=1542940501
[运行时间：0.704957s] [吞吐率：1.42req/s] [内存消耗：5,332.13kb] [文件加载：69]
[ info ] [ BEHAVIOR ] Run Closure @app_init [ RunTime:0.000779s ]
[ info ] [ CACHE ] INIT File
[ info ] [ BEHAVIOR ] Run Closure @app_init [ RunTime:0.044018s ]
[ info ] [ LANG ] C:\wamp64\www\gmis\thinkphp\lang\zh-cn.php
[ info ] [ ROUTE ] array (
  'type' => 'module',
  'module' => 
  array (
    0 => 'admin',
    1 => 'ajax',
    2 => 'lang',
  ),
)
[ info ] [ HEADER ] array (
  'host' => 'localhost',
  'connection' => 'keep-alive',
  'user-agent' => 'Mozilla/5.0 (Windows NT 10.0; WOW64) AppleWebKit/537.36 (KHTML, like Gecko) Chrome/66.0.3359.139 Safari/537.36',
  'accept' => '*/*',
  'referer' => 'http://localhost/gmis/public/admin/teacher?addtabs=1',
  'accept-encoding' => 'gzip, deflate, br',
  'accept-language' => 'zh-CN,zh;q=0.9',
  'cookie' => 'PHPSESSID=7ktb9tuc4dgim0raoch3t672b7',
)
[ info ] [ PARAM ] array (
  'callback' => 'define',
  'controllername' => 'teacher',
  'v' => '1542940501',
)
[ info ] [ LANG ] C:\wamp64\www\gmis\public/../application/admin\lang\zh-cn.php
[ info ] [ BEHAVIOR ] Run app\common\behavior\Common @module_init [ RunTime:0.027228s ]
[ info ] [ SESSION ] INIT array (
  'id' => '',
  'var_session_id' => '',
  'prefix' => 'think',
  'type' => '',
  'auto_start' => true,
)
[ info ] [ LANG ] C:\wamp64\www\gmis\public/../application/admin/lang/zh-cn/ajax.php
[ info ] [ RUN ] app\admin\controller\Ajax->lang[ C:\wamp64\www\gmis\application\admin\controller\Ajax.php ]
[ info ] [ LANG ] C:\wamp64\www\gmis\public/../application/admin/lang/zh-cn/teacher.php
[ info ] [ BEHAVIOR ] Run app\admin\behavior\AdminLog @app_end [ RunTime:0.012149s ]
[ info ] [ LOG ] INIT File
---------------------------------------------------------------
[ 2018-11-23T10:35:06+08:00 ] 0.0.0.0 GET localhost/gmis/public/admin/teacher/index?sort=weigh&order=desc&offset=0&limit=10&filter=%7B%7D&op=%7B%7D&_=1542940504372
[运行时间：0.652539s] [吞吐率：1.53req/s] [内存消耗：7,197.46kb] [文件加载：79]
[ info ] [ BEHAVIOR ] Run Closure @app_init [ RunTime:0.000297s ]
[ info ] [ CACHE ] INIT File
[ info ] [ BEHAVIOR ] Run Closure @app_init [ RunTime:0.021222s ]
[ info ] [ LANG ] C:\wamp64\www\gmis\thinkphp\lang\zh-cn.php
[ info ] [ ROUTE ] array (
  'type' => 'module',
  'module' => 
  array (
    0 => 'admin',
    1 => 'teacher',
    2 => 'index',
  ),
)
[ info ] [ HEADER ] array (
  'host' => 'localhost',
  'connection' => 'keep-alive',
  'accept' => 'application/json, text/javascript, */*; q=0.01',
  'x-requested-with' => 'XMLHttpRequest',
  'user-agent' => 'Mozilla/5.0 (Windows NT 10.0; WOW64) AppleWebKit/537.36 (KHTML, like Gecko) Chrome/66.0.3359.139 Safari/537.36',
  'content-type' => 'application/json',
  'referer' => 'http://localhost/gmis/public/admin/teacher?addtabs=1',
  'accept-encoding' => 'gzip, deflate, br',
  'accept-language' => 'zh-CN,zh;q=0.9',
  'cookie' => 'PHPSESSID=7ktb9tuc4dgim0raoch3t672b7',
)
[ info ] [ PARAM ] array (
  'sort' => 'weigh',
  'order' => 'desc',
  'offset' => '0',
  'limit' => '10',
  'filter' => '{}',
  'op' => '{}',
  '_' => '1542940504372',
)
[ info ] [ LANG ] C:\wamp64\www\gmis\public/../application/admin\lang\zh-cn.php
[ info ] [ BEHAVIOR ] Run app\common\behavior\Common @module_init [ RunTime:0.016640s ]
[ info ] [ SESSION ] INIT array (
  'id' => '',
  'var_session_id' => '',
  'prefix' => 'think',
  'type' => '',
  'auto_start' => true,
)
[ info ] [ DB ] INIT mysql
[ info ] [ LANG ] C:\wamp64\www\gmis\public/../application/admin/lang/zh-cn/teacher.php
[ info ] [ RUN ] app\common\controller\Backend->index[ C:\wamp64\www\gmis\application\admin\library\traits\Backend.php ]
[ info ] [ BEHAVIOR ] Run app\admin\behavior\AdminLog @app_end [ RunTime:0.007307s ]
[ info ] [ LOG ] INIT File
[ sql ] [ DB ] CONNECT:[ UseTime:0.003290s ] mysql:host=127.0.0.1;dbname=gmisManage;charset=utf8
[ sql ] [ SQL ] SHOW COLUMNS FROM `gmis_auth_group_access` [ RunTime:0.017280s ]
[ sql ] [ SQL ] SELECT `aga`.`uid`,`aga`.`group_id`,`ag`.`id`,`ag`.`pid`,`ag`.`name`,`ag`.`rules` FROM `gmis_auth_group_access` `aga` LEFT JOIN `gmis_auth_group` `ag` ON `aga`.`group_id`=`ag`.`id` WHERE  (  aga.uid='1' and ag.status='normal' ) [ RunTime:0.016057s ]
[ sql ] [ SQL ] SHOW COLUMNS FROM `gmis_auth_rule` [ RunTime:0.019148s ]
[ sql ] [ SQL ] SELECT `id`,`pid`,`condition`,`icon`,`name`,`title`,`ismenu` FROM `gmis_auth_rule` WHERE  `status` = 'normal' [ RunTime:0.003032s ]
[ sql ] [ SQL ] SHOW COLUMNS FROM `gmis_teacher` [ RunTime:0.022400s ]
[ sql ] [ SQL ] SELECT COUNT(*) AS tp_count FROM `gmis_teacher` ORDER BY `weigh` DESC LIMIT 1 [ RunTime:0.001873s ]
[ sql ] [ SQL ] SELECT * FROM `gmis_teacher` ORDER BY `weigh` DESC LIMIT 0,10 [ RunTime:0.001510s ]
---------------------------------------------------------------
[ 2018-11-23T11:00:30+08:00 ] 0.0.0.0 GET localhost/gmis/public/admin/teacher?ref=addtabs
[运行时间：0.785652s] [吞吐率：1.27req/s] [内存消耗：6,326.23kb] [文件加载：73]
[ info ] [ BEHAVIOR ] Run Closure @app_init [ RunTime:0.000276s ]
[ info ] [ CACHE ] INIT File
[ info ] [ BEHAVIOR ] Run Closure @app_init [ RunTime:0.060949s ]
[ info ] [ LANG ] C:\wamp64\www\gmis\thinkphp\lang\zh-cn.php
[ info ] [ ROUTE ] array (
  'type' => 'module',
  'module' => 
  array (
    0 => 'admin',
    1 => 'teacher',
    2 => NULL,
  ),
)
[ info ] [ HEADER ] array (
  'host' => 'localhost',
  'connection' => 'keep-alive',
  'cache-control' => 'max-age=0',
  'upgrade-insecure-requests' => '1',
  'user-agent' => 'Mozilla/5.0 (Windows NT 10.0; WOW64) AppleWebKit/537.36 (KHTML, like Gecko) Chrome/66.0.3359.139 Safari/537.36',
  'accept' => 'text/html,application/xhtml+xml,application/xml;q=0.9,image/webp,image/apng,*/*;q=0.8',
  'referer' => 'http://localhost/gmis/public/admin/dashboard?ref=addtabs',
  'accept-encoding' => 'gzip, deflate, br',
  'accept-language' => 'zh-CN,zh;q=0.9',
  'cookie' => 'PHPSESSID=7ktb9tuc4dgim0raoch3t672b7',
)
[ info ] [ PARAM ] array (
  'ref' => 'addtabs',
)
[ info ] [ LANG ] C:\wamp64\www\gmis\public/../application/admin\lang\zh-cn.php
[ info ] [ BEHAVIOR ] Run app\common\behavior\Common @module_init [ RunTime:0.017812s ]
[ info ] [ SESSION ] INIT array (
  'id' => '',
  'var_session_id' => '',
  'prefix' => 'think',
  'type' => '',
  'auto_start' => true,
)
[ info ] [ DB ] INIT mysql
[ info ] [ BEHAVIOR ] Run app\admin\behavior\AdminLog @app_end [ RunTime:0.009311s ]
[ info ] [ LOG ] INIT File
[ sql ] [ DB ] CONNECT:[ UseTime:0.006510s ] mysql:host=127.0.0.1;dbname=gmisManage;charset=utf8
[ sql ] [ SQL ] SHOW COLUMNS FROM `gmis_auth_group_access` [ RunTime:0.020462s ]
[ sql ] [ SQL ] SELECT `aga`.`uid`,`aga`.`group_id`,`ag`.`id`,`ag`.`pid`,`ag`.`name`,`ag`.`rules` FROM `gmis_auth_group_access` `aga` LEFT JOIN `gmis_auth_group` `ag` ON `aga`.`group_id`=`ag`.`id` WHERE  (  aga.uid='1' and ag.status='normal' ) [ RunTime:0.020118s ]
[ sql ] [ SQL ] SHOW COLUMNS FROM `gmis_auth_rule` [ RunTime:0.021756s ]
[ sql ] [ SQL ] SELECT `id`,`pid`,`condition`,`icon`,`name`,`title`,`ismenu` FROM `gmis_auth_rule` WHERE  `status` = 'normal' [ RunTime:0.003416s ]
---------------------------------------------------------------
[ 2018-11-23T11:00:33+08:00 ] 0.0.0.0 GET localhost/gmis/public/admin/index/index
[运行时间：3.119794s] [吞吐率：0.32req/s] [内存消耗：7,461.21kb] [文件加载：88]
[ info ] [ BEHAVIOR ] Run Closure @app_init [ RunTime:0.000244s ]
[ info ] [ CACHE ] INIT File
[ info ] [ BEHAVIOR ] Run Closure @app_init [ RunTime:0.016123s ]
[ info ] [ LANG ] C:\wamp64\www\gmis\thinkphp\lang\zh-cn.php
[ info ] [ ROUTE ] array (
  'type' => 'module',
  'module' => 
  array (
    0 => 'admin',
    1 => 'index',
    2 => 'index',
  ),
)
[ info ] [ HEADER ] array (
  'host' => 'localhost',
  'connection' => 'keep-alive',
  'cache-control' => 'max-age=0',
  'upgrade-insecure-requests' => '1',
  'user-agent' => 'Mozilla/5.0 (Windows NT 10.0; WOW64) AppleWebKit/537.36 (KHTML, like Gecko) Chrome/66.0.3359.139 Safari/537.36',
  'accept' => 'text/html,application/xhtml+xml,application/xml;q=0.9,image/webp,image/apng,*/*;q=0.8',
  'referer' => 'http://localhost/gmis/public/admin/dashboard?ref=addtabs',
  'accept-encoding' => 'gzip, deflate, br',
  'accept-language' => 'zh-CN,zh;q=0.9',
  'cookie' => 'PHPSESSID=7ktb9tuc4dgim0raoch3t672b7',
)
[ info ] [ PARAM ] array (
)
[ info ] [ LANG ] C:\wamp64\www\gmis\public/../application/admin\lang\zh-cn.php
[ info ] [ BEHAVIOR ] Run app\common\behavior\Common @module_init [ RunTime:0.011522s ]
[ info ] [ SESSION ] INIT array (
  'id' => '',
  'var_session_id' => '',
  'prefix' => 'think',
  'type' => '',
  'auto_start' => true,
)
[ info ] [ LANG ] C:\wamp64\www\gmis\public/../application/admin/lang/zh-cn/index.php
[ info ] [ RUN ] app\admin\controller\Index->index[ C:\wamp64\www\gmis\application\admin\controller\Index.php ]
[ info ] [ DB ] INIT mysql
[ info ] [ VIEW ] C:\wamp64\www\gmis\public/../application/admin\view\index\index.html [ array (
  0 => 'breadcrumb',
  1 => 'site',
  2 => 'config',
  3 => 'auth',
  4 => 'admin',
  5 => 'menulist',
  6 => 'navlist',
  7 => 'fixedmenu',
  8 => 'referermenu',
  9 => 'title',
) ]
[ info ] [ BEHAVIOR ] Run app\admin\behavior\AdminLog @app_end [ RunTime:0.006826s ]
[ info ] [ LOG ] INIT File
[ sql ] [ DB ] CONNECT:[ UseTime:0.004509s ] mysql:host=127.0.0.1;dbname=gmisManage;charset=utf8
[ sql ] [ SQL ] SHOW COLUMNS FROM `gmis_auth_group_access` [ RunTime:0.017735s ]
[ sql ] [ SQL ] SELECT `aga`.`uid`,`aga`.`group_id`,`ag`.`id`,`ag`.`pid`,`ag`.`name`,`ag`.`rules` FROM `gmis_auth_group_access` `aga` LEFT JOIN `gmis_auth_group` `ag` ON `aga`.`group_id`=`ag`.`id` WHERE  (  aga.uid='1' and ag.status='normal' ) [ RunTime:0.018506s ]
[ sql ] [ SQL ] SHOW COLUMNS FROM `gmis_auth_rule` [ RunTime:0.015583s ]
[ sql ] [ SQL ] SELECT `id`,`pid`,`condition`,`icon`,`name`,`title`,`ismenu` FROM `gmis_auth_rule` WHERE  `status` = 'normal' [ RunTime:0.003802s ]
---------------------------------------------------------------
[ 2018-11-23T11:00:34+08:00 ] 0.0.0.0 GET localhost/gmis/public/admin/dashboard?addtabs=1
[运行时间：0.543541s] [吞吐率：1.84req/s] [内存消耗：7,105.09kb] [文件加载：78]
[ info ] [ BEHAVIOR ] Run Closure @app_init [ RunTime:0.000980s ]
[ info ] [ CACHE ] INIT File
[ info ] [ BEHAVIOR ] Run Closure @app_init [ RunTime:0.015528s ]
[ info ] [ LANG ] C:\wamp64\www\gmis\thinkphp\lang\zh-cn.php
[ info ] [ ROUTE ] array (
  'type' => 'module',
  'module' => 
  array (
    0 => 'admin',
    1 => 'dashboard',
    2 => NULL,
  ),
)
[ info ] [ HEADER ] array (
  'host' => 'localhost',
  'connection' => 'keep-alive',
  'upgrade-insecure-requests' => '1',
  'user-agent' => 'Mozilla/5.0 (Windows NT 10.0; WOW64) AppleWebKit/537.36 (KHTML, like Gecko) Chrome/66.0.3359.139 Safari/537.36',
  'accept' => 'text/html,application/xhtml+xml,application/xml;q=0.9,image/webp,image/apng,*/*;q=0.8',
  'referer' => 'http://localhost/gmis/public/admin/index/index',
  'accept-encoding' => 'gzip, deflate, br',
  'accept-language' => 'zh-CN,zh;q=0.9',
  'cookie' => 'PHPSESSID=7ktb9tuc4dgim0raoch3t672b7',
)
[ info ] [ PARAM ] array (
  'addtabs' => '1',
)
[ info ] [ LANG ] C:\wamp64\www\gmis\public/../application/admin\lang\zh-cn.php
[ info ] [ BEHAVIOR ] Run app\common\behavior\Common @module_init [ RunTime:0.009790s ]
[ info ] [ SESSION ] INIT array (
  'id' => '',
  'var_session_id' => '',
  'prefix' => 'think',
  'type' => '',
  'auto_start' => true,
)
[ info ] [ DB ] INIT mysql
[ info ] [ LANG ] C:\wamp64\www\gmis\public/../application/admin/lang/zh-cn/dashboard.php
[ info ] [ RUN ] app\admin\controller\Dashboard->index[ C:\wamp64\www\gmis\application\admin\controller\Dashboard.php ]
[ info ] [ VIEW ] C:\wamp64\www\gmis\public/../application/admin\view\dashboard\index.html [ array (
  0 => 'breadcrumb',
  1 => 'site',
  2 => 'config',
  3 => 'auth',
  4 => 'admin',
  5 => 'totaluser',
  6 => 'totalviews',
  7 => 'totalorder',
  8 => 'totalorderamount',
  9 => 'todayuserlogin',
  10 => 'todayusersignup',
  11 => 'todayorder',
  12 => 'unsettleorder',
  13 => 'sevendnu',
  14 => 'sevendau',
  15 => 'paylist',
  16 => 'createlist',
  17 => 'addonversion',
  18 => 'uploadmode',
) ]
[ info ] [ BEHAVIOR ] Run app\admin\behavior\AdminLog @app_end [ RunTime:0.005643s ]
[ info ] [ LOG ] INIT File
[ sql ] [ DB ] CONNECT:[ UseTime:0.003258s ] mysql:host=127.0.0.1;dbname=gmisManage;charset=utf8
[ sql ] [ SQL ] SHOW COLUMNS FROM `gmis_auth_group_access` [ RunTime:0.014836s ]
[ sql ] [ SQL ] SELECT `aga`.`uid`,`aga`.`group_id`,`ag`.`id`,`ag`.`pid`,`ag`.`name`,`ag`.`rules` FROM `gmis_auth_group_access` `aga` LEFT JOIN `gmis_auth_group` `ag` ON `aga`.`group_id`=`ag`.`id` WHERE  (  aga.uid='1' and ag.status='normal' ) [ RunTime:0.015939s ]
[ sql ] [ SQL ] SHOW COLUMNS FROM `gmis_auth_rule` [ RunTime:0.017154s ]
[ sql ] [ SQL ] SELECT `id`,`pid`,`condition`,`icon`,`name`,`title`,`ismenu` FROM `gmis_auth_rule` WHERE  `status` = 'normal' [ RunTime:0.002827s ]
[ sql ] [ SQL ] SELECT `title`,`remark` FROM `gmis_auth_rule` WHERE  `name` = 'dashboard' LIMIT 1 [ RunTime:0.001355s ]
---------------------------------------------------------------
[ 2018-11-23T11:00:34+08:00 ] 0.0.0.0 GET localhost/gmis/public/assets/css/skins/skin-green.css.map
[运行时间：0.352502s] [吞吐率：2.84req/s] [内存消耗：3,088.19kb] [文件加载：48]
[ info ] [ BEHAVIOR ] Run Closure @app_init [ RunTime:0.000211s ]
[ info ] [ CACHE ] INIT File
[ info ] [ BEHAVIOR ] Run Closure @app_init [ RunTime:0.047339s ]
[ info ] [ LANG ] C:\wamp64\www\gmis\thinkphp\lang\zh-cn.php
[ info ] [ ROUTE ] array (
  'type' => 'module',
  'module' => 
  array (
    0 => 'assets',
    1 => 'css',
    2 => 'skins',
  ),
)
[ info ] [ HEADER ] array (
  'host' => 'localhost',
  'connection' => 'keep-alive',
  'user-agent' => 'Mozilla/5.0 (Windows NT 10.0; WOW64) AppleWebKit/537.36 (KHTML, like Gecko) Chrome/66.0.3359.139 Safari/537.36',
  'accept-encoding' => 'gzip, deflate, br',
  'accept-language' => 'zh-CN,zh;q=0.9',
  'cookie' => 'PHPSESSID=7ktb9tuc4dgim0raoch3t672b7',
)
[ info ] [ PARAM ] array (
)
[ info ] [ LOG ] INIT File
---------------------------------------------------------------
[ 2018-11-23T11:00:34+08:00 ] 0.0.0.0 GET localhost/gmis/public/assets/css/fastadmin.css.map
[运行时间：0.400547s] [吞吐率：2.50req/s] [内存消耗：3,088.55kb] [文件加载：48]
[ info ] [ BEHAVIOR ] Run Closure @app_init [ RunTime:0.000231s ]
[ info ] [ CACHE ] INIT File
[ info ] [ BEHAVIOR ] Run Closure @app_init [ RunTime:0.019809s ]
[ info ] [ LANG ] C:\wamp64\www\gmis\thinkphp\lang\zh-cn.php
[ info ] [ ROUTE ] array (
  'type' => 'module',
  'module' => 
  array (
    0 => 'assets',
    1 => 'css',
    2 => 'fastadmin.css.map',
  ),
)
[ info ] [ HEADER ] array (
  'host' => 'localhost',
  'connection' => 'keep-alive',
  'user-agent' => 'Mozilla/5.0 (Windows NT 10.0; WOW64) AppleWebKit/537.36 (KHTML, like Gecko) Chrome/66.0.3359.139 Safari/537.36',
  'accept-encoding' => 'gzip, deflate, br',
  'accept-language' => 'zh-CN,zh;q=0.9',
  'cookie' => 'PHPSESSID=7ktb9tuc4dgim0raoch3t672b7',
)
[ info ] [ PARAM ] array (
)
[ info ] [ LOG ] INIT File
---------------------------------------------------------------
[ 2018-11-23T11:00:34+08:00 ] 0.0.0.0 GET localhost/gmis/public/assets/css/bootstrap.css.map
[运行时间：0.387404s] [吞吐率：2.58req/s] [内存消耗：3,088.62kb] [文件加载：48]
[ info ] [ BEHAVIOR ] Run Closure @app_init [ RunTime:0.000214s ]
[ info ] [ CACHE ] INIT File
[ info ] [ BEHAVIOR ] Run Closure @app_init [ RunTime:0.024776s ]
[ info ] [ LANG ] C:\wamp64\www\gmis\thinkphp\lang\zh-cn.php
[ info ] [ ROUTE ] array (
  'type' => 'module',
  'module' => 
  array (
    0 => 'assets',
    1 => 'css',
    2 => 'bootstrap.css.map',
  ),
)
[ info ] [ HEADER ] array (
  'host' => 'localhost',
  'connection' => 'keep-alive',
  'user-agent' => 'Mozilla/5.0 (Windows NT 10.0; WOW64) AppleWebKit/537.36 (KHTML, like Gecko) Chrome/66.0.3359.139 Safari/537.36',
  'accept-encoding' => 'gzip, deflate, br',
  'accept-language' => 'zh-CN,zh;q=0.9',
  'cookie' => 'PHPSESSID=7ktb9tuc4dgim0raoch3t672b7',
)
[ info ] [ PARAM ] array (
)
[ info ] [ LOG ] INIT File
---------------------------------------------------------------
[ 2018-11-23T11:00:34+08:00 ] 0.0.0.0 GET localhost/gmis/public/assets/css/backend.css.map
[运行时间：0.404466s] [吞吐率：2.47req/s] [内存消耗：3,088.44kb] [文件加载：48]
[ info ] [ BEHAVIOR ] Run Closure @app_init [ RunTime:0.000179s ]
[ info ] [ CACHE ] INIT File
[ info ] [ BEHAVIOR ] Run Closure @app_init [ RunTime:0.035437s ]
[ info ] [ LANG ] C:\wamp64\www\gmis\thinkphp\lang\zh-cn.php
[ info ] [ ROUTE ] array (
  'type' => 'module',
  'module' => 
  array (
    0 => 'assets',
    1 => 'css',
    2 => 'backend.css.map',
  ),
)
[ info ] [ HEADER ] array (
  'host' => 'localhost',
  'connection' => 'keep-alive',
  'user-agent' => 'Mozilla/5.0 (Windows NT 10.0; WOW64) AppleWebKit/537.36 (KHTML, like Gecko) Chrome/66.0.3359.139 Safari/537.36',
  'accept-encoding' => 'gzip, deflate, br',
  'accept-language' => 'zh-CN,zh;q=0.9',
  'cookie' => 'PHPSESSID=7ktb9tuc4dgim0raoch3t672b7',
)
[ info ] [ PARAM ] array (
)
[ info ] [ LOG ] INIT File
---------------------------------------------------------------
[ 2018-11-23T11:00:35+08:00 ] 0.0.0.0 GET localhost/gmis/public/admin/teacher?addtabs=1
[运行时间：1.130138s] [吞吐率：0.88req/s] [内存消耗：7,331.20kb] [文件加载：80]
[ info ] [ BEHAVIOR ] Run Closure @app_init [ RunTime:0.000260s ]
[ info ] [ CACHE ] INIT File
[ info ] [ BEHAVIOR ] Run Closure @app_init [ RunTime:0.029446s ]
[ info ] [ LANG ] C:\wamp64\www\gmis\thinkphp\lang\zh-cn.php
[ info ] [ ROUTE ] array (
  'type' => 'module',
  'module' => 
  array (
    0 => 'admin',
    1 => 'teacher',
    2 => NULL,
  ),
)
[ info ] [ HEADER ] array (
  'host' => 'localhost',
  'connection' => 'keep-alive',
  'upgrade-insecure-requests' => '1',
  'user-agent' => 'Mozilla/5.0 (Windows NT 10.0; WOW64) AppleWebKit/537.36 (KHTML, like Gecko) Chrome/66.0.3359.139 Safari/537.36',
  'accept' => 'text/html,application/xhtml+xml,application/xml;q=0.9,image/webp,image/apng,*/*;q=0.8',
  'referer' => 'http://localhost/gmis/public/admin/index/index',
  'accept-encoding' => 'gzip, deflate, br',
  'accept-language' => 'zh-CN,zh;q=0.9',
  'cookie' => 'PHPSESSID=7ktb9tuc4dgim0raoch3t672b7',
)
[ info ] [ PARAM ] array (
  'addtabs' => '1',
)
[ info ] [ LANG ] C:\wamp64\www\gmis\public/../application/admin\lang\zh-cn.php
[ info ] [ BEHAVIOR ] Run app\common\behavior\Common @module_init [ RunTime:0.016878s ]
[ info ] [ SESSION ] INIT array (
  'id' => '',
  'var_session_id' => '',
  'prefix' => 'think',
  'type' => '',
  'auto_start' => true,
)
[ info ] [ DB ] INIT mysql
[ info ] [ LANG ] C:\wamp64\www\gmis\public/../application/admin/lang/zh-cn/teacher.php
[ info ] [ RUN ] app\common\controller\Backend->index[ C:\wamp64\www\gmis\application\admin\library\traits\Backend.php ]
[ info ] [ VIEW ] C:\wamp64\www\gmis\public/../application/admin\view\teacher\index.html [ array (
  0 => 'breadcrumb',
  1 => 'site',
  2 => 'config',
  3 => 'auth',
  4 => 'admin',
  5 => 'teahonorList',
  6 => 'statusList',
) ]
[ info ] [ BEHAVIOR ] Run app\admin\behavior\AdminLog @app_end [ RunTime:0.006993s ]
[ info ] [ LOG ] INIT File
[ sql ] [ DB ] CONNECT:[ UseTime:0.002782s ] mysql:host=127.0.0.1;dbname=gmisManage;charset=utf8
[ sql ] [ SQL ] SHOW COLUMNS FROM `gmis_auth_group_access` [ RunTime:0.013581s ]
[ sql ] [ SQL ] SELECT `aga`.`uid`,`aga`.`group_id`,`ag`.`id`,`ag`.`pid`,`ag`.`name`,`ag`.`rules` FROM `gmis_auth_group_access` `aga` LEFT JOIN `gmis_auth_group` `ag` ON `aga`.`group_id`=`ag`.`id` WHERE  (  aga.uid='1' and ag.status='normal' ) [ RunTime:0.014481s ]
[ sql ] [ SQL ] SHOW COLUMNS FROM `gmis_auth_rule` [ RunTime:0.014655s ]
[ sql ] [ SQL ] SELECT `id`,`pid`,`condition`,`icon`,`name`,`title`,`ismenu` FROM `gmis_auth_rule` WHERE  `status` = 'normal' [ RunTime:0.002766s ]
[ sql ] [ SQL ] SELECT `title`,`remark` FROM `gmis_auth_rule` WHERE  `name` = 'teacher' LIMIT 1 [ RunTime:0.001206s ]
---------------------------------------------------------------
[ 2018-11-23T11:00:35+08:00 ] 0.0.0.0 GET localhost/gmis/public/assets/css/bootstrap.css.map
[运行时间：0.154660s] [吞吐率：6.47req/s] [内存消耗：3,088.55kb] [文件加载：48]
[ info ] [ BEHAVIOR ] Run Closure @app_init [ RunTime:0.000183s ]
[ info ] [ CACHE ] INIT File
[ info ] [ BEHAVIOR ] Run Closure @app_init [ RunTime:0.013557s ]
[ info ] [ LANG ] C:\wamp64\www\gmis\thinkphp\lang\zh-cn.php
[ info ] [ ROUTE ] array (
  'type' => 'module',
  'module' => 
  array (
    0 => 'assets',
    1 => 'css',
    2 => 'bootstrap.css.map',
  ),
)
[ info ] [ HEADER ] array (
  'host' => 'localhost',
  'connection' => 'keep-alive',
  'user-agent' => 'Mozilla/5.0 (Windows NT 10.0; WOW64) AppleWebKit/537.36 (KHTML, like Gecko) Chrome/66.0.3359.139 Safari/537.36',
  'accept-encoding' => 'gzip, deflate, br',
  'accept-language' => 'zh-CN,zh;q=0.9',
  'cookie' => 'PHPSESSID=7ktb9tuc4dgim0raoch3t672b7',
)
[ info ] [ PARAM ] array (
)
[ info ] [ LOG ] INIT File
---------------------------------------------------------------
[ 2018-11-23T11:00:35+08:00 ] 0.0.0.0 GET localhost/gmis/public/assets/css/fastadmin.css.map
[运行时间：0.198434s] [吞吐率：5.04req/s] [内存消耗：3,088.55kb] [文件加载：48]
[ info ] [ BEHAVIOR ] Run Closure @app_init [ RunTime:0.000156s ]
[ info ] [ CACHE ] INIT File
[ info ] [ BEHAVIOR ] Run Closure @app_init [ RunTime:0.017236s ]
[ info ] [ LANG ] C:\wamp64\www\gmis\thinkphp\lang\zh-cn.php
[ info ] [ ROUTE ] array (
  'type' => 'module',
  'module' => 
  array (
    0 => 'assets',
    1 => 'css',
    2 => 'fastadmin.css.map',
  ),
)
[ info ] [ HEADER ] array (
  'host' => 'localhost',
  'connection' => 'keep-alive',
  'user-agent' => 'Mozilla/5.0 (Windows NT 10.0; WOW64) AppleWebKit/537.36 (KHTML, like Gecko) Chrome/66.0.3359.139 Safari/537.36',
  'accept-encoding' => 'gzip, deflate, br',
  'accept-language' => 'zh-CN,zh;q=0.9',
  'cookie' => 'PHPSESSID=7ktb9tuc4dgim0raoch3t672b7',
)
[ info ] [ PARAM ] array (
)
[ info ] [ LOG ] INIT File
---------------------------------------------------------------
[ 2018-11-23T11:00:35+08:00 ] 0.0.0.0 GET localhost/gmis/public/assets/css/skins/skin-green.css.map
[运行时间：0.202068s] [吞吐率：4.95req/s] [内存消耗：3,088.42kb] [文件加载：48]
[ info ] [ BEHAVIOR ] Run Closure @app_init [ RunTime:0.000214s ]
[ info ] [ CACHE ] INIT File
[ info ] [ BEHAVIOR ] Run Closure @app_init [ RunTime:0.026588s ]
[ info ] [ LANG ] C:\wamp64\www\gmis\thinkphp\lang\zh-cn.php
[ info ] [ ROUTE ] array (
  'type' => 'module',
  'module' => 
  array (
    0 => 'assets',
    1 => 'css',
    2 => 'skins',
  ),
)
[ info ] [ HEADER ] array (
  'host' => 'localhost',
  'connection' => 'keep-alive',
  'user-agent' => 'Mozilla/5.0 (Windows NT 10.0; WOW64) AppleWebKit/537.36 (KHTML, like Gecko) Chrome/66.0.3359.139 Safari/537.36',
  'accept-encoding' => 'gzip, deflate, br',
  'accept-language' => 'zh-CN,zh;q=0.9',
  'cookie' => 'PHPSESSID=7ktb9tuc4dgim0raoch3t672b7',
)
[ info ] [ PARAM ] array (
)
[ info ] [ LOG ] INIT File
---------------------------------------------------------------
[ 2018-11-23T11:00:35+08:00 ] 0.0.0.0 GET localhost/gmis/public/assets/css/backend.css.map
[运行时间：0.199875s] [吞吐率：5.00req/s] [内存消耗：3,088.44kb] [文件加载：48]
[ info ] [ BEHAVIOR ] Run Closure @app_init [ RunTime:0.000160s ]
[ info ] [ CACHE ] INIT File
[ info ] [ BEHAVIOR ] Run Closure @app_init [ RunTime:0.016474s ]
[ info ] [ LANG ] C:\wamp64\www\gmis\thinkphp\lang\zh-cn.php
[ info ] [ ROUTE ] array (
  'type' => 'module',
  'module' => 
  array (
    0 => 'assets',
    1 => 'css',
    2 => 'backend.css.map',
  ),
)
[ info ] [ HEADER ] array (
  'host' => 'localhost',
  'connection' => 'keep-alive',
  'user-agent' => 'Mozilla/5.0 (Windows NT 10.0; WOW64) AppleWebKit/537.36 (KHTML, like Gecko) Chrome/66.0.3359.139 Safari/537.36',
  'accept-encoding' => 'gzip, deflate, br',
  'accept-language' => 'zh-CN,zh;q=0.9',
  'cookie' => 'PHPSESSID=7ktb9tuc4dgim0raoch3t672b7',
)
[ info ] [ PARAM ] array (
)
[ info ] [ LOG ] INIT File
---------------------------------------------------------------
[ 2018-11-23T11:00:36+08:00 ] 0.0.0.0 GET localhost/gmis/public/admin/ajax/lang?callback=define&controllername=index&v=1542942030
[运行时间：0.286415s] [吞吐率：3.49req/s] [内存消耗：5,339.43kb] [文件加载：69]
[ info ] [ BEHAVIOR ] Run Closure @app_init [ RunTime:0.000192s ]
[ info ] [ CACHE ] INIT File
[ info ] [ BEHAVIOR ] Run Closure @app_init [ RunTime:0.010979s ]
[ info ] [ LANG ] C:\wamp64\www\gmis\thinkphp\lang\zh-cn.php
[ info ] [ ROUTE ] array (
  'type' => 'module',
  'module' => 
  array (
    0 => 'admin',
    1 => 'ajax',
    2 => 'lang',
  ),
)
[ info ] [ HEADER ] array (
  'host' => 'localhost',
  'connection' => 'keep-alive',
  'user-agent' => 'Mozilla/5.0 (Windows NT 10.0; WOW64) AppleWebKit/537.36 (KHTML, like Gecko) Chrome/66.0.3359.139 Safari/537.36',
  'accept' => '*/*',
  'referer' => 'http://localhost/gmis/public/admin/index/index',
  'accept-encoding' => 'gzip, deflate, br',
  'accept-language' => 'zh-CN,zh;q=0.9',
  'cookie' => 'PHPSESSID=7ktb9tuc4dgim0raoch3t672b7',
)
[ info ] [ PARAM ] array (
  'callback' => 'define',
  'controllername' => 'index',
  'v' => '1542942030',
)
[ info ] [ LANG ] C:\wamp64\www\gmis\public/../application/admin\lang\zh-cn.php
[ info ] [ BEHAVIOR ] Run app\common\behavior\Common @module_init [ RunTime:0.023750s ]
[ info ] [ SESSION ] INIT array (
  'id' => '',
  'var_session_id' => '',
  'prefix' => 'think',
  'type' => '',
  'auto_start' => true,
)
[ info ] [ LANG ] C:\wamp64\www\gmis\public/../application/admin/lang/zh-cn/ajax.php
[ info ] [ RUN ] app\admin\controller\Ajax->lang[ C:\wamp64\www\gmis\application\admin\controller\Ajax.php ]
[ info ] [ LANG ] C:\wamp64\www\gmis\public/../application/admin/lang/zh-cn/index.php
[ info ] [ BEHAVIOR ] Run app\admin\behavior\AdminLog @app_end [ RunTime:0.007487s ]
[ info ] [ LOG ] INIT File
---------------------------------------------------------------
[ 2018-11-23T11:00:36+08:00 ] 0.0.0.0 GET localhost/gmis/public/admin/ajax/lang?callback=define&controllername=teacher&v=1542942034
[运行时间：0.295335s] [吞吐率：3.39req/s] [内存消耗：5,332.48kb] [文件加载：69]
[ info ] [ BEHAVIOR ] Run Closure @app_init [ RunTime:0.000173s ]
[ info ] [ CACHE ] INIT File
[ info ] [ BEHAVIOR ] Run Closure @app_init [ RunTime:0.011663s ]
[ info ] [ LANG ] C:\wamp64\www\gmis\thinkphp\lang\zh-cn.php
[ info ] [ ROUTE ] array (
  'type' => 'module',
  'module' => 
  array (
    0 => 'admin',
    1 => 'ajax',
    2 => 'lang',
  ),
)
[ info ] [ HEADER ] array (
  'host' => 'localhost',
  'connection' => 'keep-alive',
  'user-agent' => 'Mozilla/5.0 (Windows NT 10.0; WOW64) AppleWebKit/537.36 (KHTML, like Gecko) Chrome/66.0.3359.139 Safari/537.36',
  'accept' => '*/*',
  'referer' => 'http://localhost/gmis/public/admin/teacher?addtabs=1',
  'accept-encoding' => 'gzip, deflate, br',
  'accept-language' => 'zh-CN,zh;q=0.9',
  'cookie' => 'PHPSESSID=7ktb9tuc4dgim0raoch3t672b7',
)
[ info ] [ PARAM ] array (
  'callback' => 'define',
  'controllername' => 'teacher',
  'v' => '1542942034',
)
[ info ] [ LANG ] C:\wamp64\www\gmis\public/../application/admin\lang\zh-cn.php
[ info ] [ BEHAVIOR ] Run app\common\behavior\Common @module_init [ RunTime:0.012277s ]
[ info ] [ SESSION ] INIT array (
  'id' => '',
  'var_session_id' => '',
  'prefix' => 'think',
  'type' => '',
  'auto_start' => true,
)
[ info ] [ LANG ] C:\wamp64\www\gmis\public/../application/admin/lang/zh-cn/ajax.php
[ info ] [ RUN ] app\admin\controller\Ajax->lang[ C:\wamp64\www\gmis\application\admin\controller\Ajax.php ]
[ info ] [ LANG ] C:\wamp64\www\gmis\public/../application/admin/lang/zh-cn/teacher.php
[ info ] [ BEHAVIOR ] Run app\admin\behavior\AdminLog @app_end [ RunTime:0.008396s ]
[ info ] [ LOG ] INIT File
---------------------------------------------------------------
[ 2018-11-23T11:00:36+08:00 ] 0.0.0.0 GET localhost/gmis/public/admin/ajax/lang?callback=define&controllername=dashboard&v=1542942034
[运行时间：0.349662s] [吞吐率：2.86req/s] [内存消耗：5,336.96kb] [文件加载：69]
[ info ] [ BEHAVIOR ] Run Closure @app_init [ RunTime:0.000164s ]
[ info ] [ CACHE ] INIT File
[ info ] [ BEHAVIOR ] Run Closure @app_init [ RunTime:0.012214s ]
[ info ] [ LANG ] C:\wamp64\www\gmis\thinkphp\lang\zh-cn.php
[ info ] [ ROUTE ] array (
  'type' => 'module',
  'module' => 
  array (
    0 => 'admin',
    1 => 'ajax',
    2 => 'lang',
  ),
)
[ info ] [ HEADER ] array (
  'host' => 'localhost',
  'connection' => 'keep-alive',
  'user-agent' => 'Mozilla/5.0 (Windows NT 10.0; WOW64) AppleWebKit/537.36 (KHTML, like Gecko) Chrome/66.0.3359.139 Safari/537.36',
  'accept' => '*/*',
  'referer' => 'http://localhost/gmis/public/admin/dashboard?addtabs=1',
  'accept-encoding' => 'gzip, deflate, br',
  'accept-language' => 'zh-CN,zh;q=0.9',
  'cookie' => 'PHPSESSID=7ktb9tuc4dgim0raoch3t672b7',
)
[ info ] [ PARAM ] array (
  'callback' => 'define',
  'controllername' => 'dashboard',
  'v' => '1542942034',
)
[ info ] [ LANG ] C:\wamp64\www\gmis\public/../application/admin\lang\zh-cn.php
[ info ] [ BEHAVIOR ] Run app\common\behavior\Common @module_init [ RunTime:0.015878s ]
[ info ] [ SESSION ] INIT array (
  'id' => '',
  'var_session_id' => '',
  'prefix' => 'think',
  'type' => '',
  'auto_start' => true,
)
[ info ] [ LANG ] C:\wamp64\www\gmis\public/../application/admin/lang/zh-cn/ajax.php
[ info ] [ RUN ] app\admin\controller\Ajax->lang[ C:\wamp64\www\gmis\application\admin\controller\Ajax.php ]
[ info ] [ LANG ] C:\wamp64\www\gmis\public/../application/admin/lang/zh-cn/dashboard.php
[ info ] [ BEHAVIOR ] Run app\admin\behavior\AdminLog @app_end [ RunTime:0.006985s ]
[ info ] [ LOG ] INIT File
---------------------------------------------------------------
[ 2018-11-23T11:00:37+08:00 ] 0.0.0.0 GET localhost/gmis/public/admin/teacher/index?sort=weigh&order=desc&offset=0&limit=10&filter=%7B%7D&op=%7B%7D&_=1542942035960
[运行时间：0.439188s] [吞吐率：2.28req/s] [内存消耗：7,198.97kb] [文件加载：79]
[ info ] [ BEHAVIOR ] Run Closure @app_init [ RunTime:0.000217s ]
[ info ] [ CACHE ] INIT File
[ info ] [ BEHAVIOR ] Run Closure @app_init [ RunTime:0.014846s ]
[ info ] [ LANG ] C:\wamp64\www\gmis\thinkphp\lang\zh-cn.php
[ info ] [ ROUTE ] array (
  'type' => 'module',
  'module' => 
  array (
    0 => 'admin',
    1 => 'teacher',
    2 => 'index',
  ),
)
[ info ] [ HEADER ] array (
  'host' => 'localhost',
  'connection' => 'keep-alive',
  'accept' => 'application/json, text/javascript, */*; q=0.01',
  'x-requested-with' => 'XMLHttpRequest',
  'user-agent' => 'Mozilla/5.0 (Windows NT 10.0; WOW64) AppleWebKit/537.36 (KHTML, like Gecko) Chrome/66.0.3359.139 Safari/537.36',
  'content-type' => 'application/json',
  'referer' => 'http://localhost/gmis/public/admin/teacher?addtabs=1',
  'accept-encoding' => 'gzip, deflate, br',
  'accept-language' => 'zh-CN,zh;q=0.9',
  'cookie' => 'PHPSESSID=7ktb9tuc4dgim0raoch3t672b7',
)
[ info ] [ PARAM ] array (
  'sort' => 'weigh',
  'order' => 'desc',
  'offset' => '0',
  'limit' => '10',
  'filter' => '{}',
  'op' => '{}',
  '_' => '1542942035960',
)
[ info ] [ LANG ] C:\wamp64\www\gmis\public/../application/admin\lang\zh-cn.php
[ info ] [ BEHAVIOR ] Run app\common\behavior\Common @module_init [ RunTime:0.010589s ]
[ info ] [ SESSION ] INIT array (
  'id' => '',
  'var_session_id' => '',
  'prefix' => 'think',
  'type' => '',
  'auto_start' => true,
)
[ info ] [ DB ] INIT mysql
[ info ] [ LANG ] C:\wamp64\www\gmis\public/../application/admin/lang/zh-cn/teacher.php
[ info ] [ RUN ] app\common\controller\Backend->index[ C:\wamp64\www\gmis\application\admin\library\traits\Backend.php ]
[ info ] [ BEHAVIOR ] Run app\admin\behavior\AdminLog @app_end [ RunTime:0.005947s ]
[ info ] [ LOG ] INIT File
[ sql ] [ DB ] CONNECT:[ UseTime:0.002024s ] mysql:host=127.0.0.1;dbname=gmisManage;charset=utf8
[ sql ] [ SQL ] SHOW COLUMNS FROM `gmis_auth_group_access` [ RunTime:0.011891s ]
[ sql ] [ SQL ] SELECT `aga`.`uid`,`aga`.`group_id`,`ag`.`id`,`ag`.`pid`,`ag`.`name`,`ag`.`rules` FROM `gmis_auth_group_access` `aga` LEFT JOIN `gmis_auth_group` `ag` ON `aga`.`group_id`=`ag`.`id` WHERE  (  aga.uid='1' and ag.status='normal' ) [ RunTime:0.011415s ]
[ sql ] [ SQL ] SHOW COLUMNS FROM `gmis_auth_rule` [ RunTime:0.012615s ]
[ sql ] [ SQL ] SELECT `id`,`pid`,`condition`,`icon`,`name`,`title`,`ismenu` FROM `gmis_auth_rule` WHERE  `status` = 'normal' [ RunTime:0.002487s ]
[ sql ] [ SQL ] SHOW COLUMNS FROM `gmis_teacher` [ RunTime:0.014313s ]
[ sql ] [ SQL ] SELECT COUNT(*) AS tp_count FROM `gmis_teacher` ORDER BY `weigh` DESC LIMIT 1 [ RunTime:0.001034s ]
[ sql ] [ SQL ] SELECT * FROM `gmis_teacher` ORDER BY `weigh` DESC LIMIT 0,10 [ RunTime:0.001248s ]
---------------------------------------------------------------
[ 2018-11-23T11:07:28+08:00 ] 0.0.0.0 GET localhost/gmis/public/admin/teacher?ref=addtabs
[运行时间：0.711351s] [吞吐率：1.41req/s] [内存消耗：6,325.45kb] [文件加载：73]
[ info ] [ BEHAVIOR ] Run Closure @app_init [ RunTime:0.000271s ]
[ info ] [ CACHE ] INIT File
[ info ] [ BEHAVIOR ] Run Closure @app_init [ RunTime:0.026764s ]
[ info ] [ LANG ] C:\wamp64\www\gmis\thinkphp\lang\zh-cn.php
[ info ] [ ROUTE ] array (
  'type' => 'module',
  'module' => 
  array (
    0 => 'admin',
    1 => 'teacher',
    2 => NULL,
  ),
)
[ info ] [ HEADER ] array (
  'host' => 'localhost',
  'connection' => 'keep-alive',
  'cache-control' => 'max-age=0',
  'upgrade-insecure-requests' => '1',
  'user-agent' => 'Mozilla/5.0 (Windows NT 10.0; WOW64) AppleWebKit/537.36 (KHTML, like Gecko) Chrome/66.0.3359.139 Safari/537.36',
  'accept' => 'text/html,application/xhtml+xml,application/xml;q=0.9,image/webp,image/apng,*/*;q=0.8',
  'referer' => 'http://localhost/gmis/public/admin/dashboard?ref=addtabs',
  'accept-encoding' => 'gzip, deflate, br',
  'accept-language' => 'zh-CN,zh;q=0.9',
  'cookie' => 'PHPSESSID=7ktb9tuc4dgim0raoch3t672b7',
)
[ info ] [ PARAM ] array (
  'ref' => 'addtabs',
)
[ info ] [ LANG ] C:\wamp64\www\gmis\public/../application/admin\lang\zh-cn.php
[ info ] [ BEHAVIOR ] Run app\common\behavior\Common @module_init [ RunTime:0.021149s ]
[ info ] [ SESSION ] INIT array (
  'id' => '',
  'var_session_id' => '',
  'prefix' => 'think',
  'type' => '',
  'auto_start' => true,
)
[ info ] [ DB ] INIT mysql
[ info ] [ BEHAVIOR ] Run app\admin\behavior\AdminLog @app_end [ RunTime:0.010607s ]
[ info ] [ LOG ] INIT File
[ sql ] [ DB ] CONNECT:[ UseTime:0.005851s ] mysql:host=127.0.0.1;dbname=gmisManage;charset=utf8
[ sql ] [ SQL ] SHOW COLUMNS FROM `gmis_auth_group_access` [ RunTime:0.021305s ]
[ sql ] [ SQL ] SELECT `aga`.`uid`,`aga`.`group_id`,`ag`.`id`,`ag`.`pid`,`ag`.`name`,`ag`.`rules` FROM `gmis_auth_group_access` `aga` LEFT JOIN `gmis_auth_group` `ag` ON `aga`.`group_id`=`ag`.`id` WHERE  (  aga.uid='1' and ag.status='normal' ) [ RunTime:0.024486s ]
[ sql ] [ SQL ] SHOW COLUMNS FROM `gmis_auth_rule` [ RunTime:0.028839s ]
[ sql ] [ SQL ] SELECT `id`,`pid`,`condition`,`icon`,`name`,`title`,`ismenu` FROM `gmis_auth_rule` WHERE  `status` = 'normal' [ RunTime:0.004659s ]
---------------------------------------------------------------
[ 2018-11-23T11:07:32+08:00 ] 0.0.0.0 GET localhost/gmis/public/admin/index/index
[运行时间：3.619153s] [吞吐率：0.28req/s] [内存消耗：7,461.21kb] [文件加载：88]
[ info ] [ BEHAVIOR ] Run Closure @app_init [ RunTime:0.000252s ]
[ info ] [ CACHE ] INIT File
[ info ] [ BEHAVIOR ] Run Closure @app_init [ RunTime:0.023626s ]
[ info ] [ LANG ] C:\wamp64\www\gmis\thinkphp\lang\zh-cn.php
[ info ] [ ROUTE ] array (
  'type' => 'module',
  'module' => 
  array (
    0 => 'admin',
    1 => 'index',
    2 => 'index',
  ),
)
[ info ] [ HEADER ] array (
  'host' => 'localhost',
  'connection' => 'keep-alive',
  'cache-control' => 'max-age=0',
  'upgrade-insecure-requests' => '1',
  'user-agent' => 'Mozilla/5.0 (Windows NT 10.0; WOW64) AppleWebKit/537.36 (KHTML, like Gecko) Chrome/66.0.3359.139 Safari/537.36',
  'accept' => 'text/html,application/xhtml+xml,application/xml;q=0.9,image/webp,image/apng,*/*;q=0.8',
  'referer' => 'http://localhost/gmis/public/admin/dashboard?ref=addtabs',
  'accept-encoding' => 'gzip, deflate, br',
  'accept-language' => 'zh-CN,zh;q=0.9',
  'cookie' => 'PHPSESSID=7ktb9tuc4dgim0raoch3t672b7',
)
[ info ] [ PARAM ] array (
)
[ info ] [ LANG ] C:\wamp64\www\gmis\public/../application/admin\lang\zh-cn.php
[ info ] [ BEHAVIOR ] Run app\common\behavior\Common @module_init [ RunTime:0.015882s ]
[ info ] [ SESSION ] INIT array (
  'id' => '',
  'var_session_id' => '',
  'prefix' => 'think',
  'type' => '',
  'auto_start' => true,
)
[ info ] [ LANG ] C:\wamp64\www\gmis\public/../application/admin/lang/zh-cn/index.php
[ info ] [ RUN ] app\admin\controller\Index->index[ C:\wamp64\www\gmis\application\admin\controller\Index.php ]
[ info ] [ DB ] INIT mysql
[ info ] [ VIEW ] C:\wamp64\www\gmis\public/../application/admin\view\index\index.html [ array (
  0 => 'breadcrumb',
  1 => 'site',
  2 => 'config',
  3 => 'auth',
  4 => 'admin',
  5 => 'menulist',
  6 => 'navlist',
  7 => 'fixedmenu',
  8 => 'referermenu',
  9 => 'title',
) ]
[ info ] [ BEHAVIOR ] Run app\admin\behavior\AdminLog @app_end [ RunTime:0.018161s ]
[ info ] [ LOG ] INIT File
[ sql ] [ DB ] CONNECT:[ UseTime:0.005005s ] mysql:host=127.0.0.1;dbname=gmisManage;charset=utf8
[ sql ] [ SQL ] SHOW COLUMNS FROM `gmis_auth_group_access` [ RunTime:0.026550s ]
[ sql ] [ SQL ] SELECT `aga`.`uid`,`aga`.`group_id`,`ag`.`id`,`ag`.`pid`,`ag`.`name`,`ag`.`rules` FROM `gmis_auth_group_access` `aga` LEFT JOIN `gmis_auth_group` `ag` ON `aga`.`group_id`=`ag`.`id` WHERE  (  aga.uid='1' and ag.status='normal' ) [ RunTime:0.032734s ]
[ sql ] [ SQL ] SHOW COLUMNS FROM `gmis_auth_rule` [ RunTime:0.024398s ]
[ sql ] [ SQL ] SELECT `id`,`pid`,`condition`,`icon`,`name`,`title`,`ismenu` FROM `gmis_auth_rule` WHERE  `status` = 'normal' [ RunTime:0.003897s ]
---------------------------------------------------------------
[ 2018-11-23T11:07:34+08:00 ] 0.0.0.0 GET localhost/gmis/public/admin/dashboard?addtabs=1
[运行时间：1.583735s] [吞吐率：0.63req/s] [内存消耗：7,105.09kb] [文件加载：78]
[ info ] [ BEHAVIOR ] Run Closure @app_init [ RunTime:0.000946s ]
[ info ] [ CACHE ] INIT File
[ info ] [ BEHAVIOR ] Run Closure @app_init [ RunTime:0.163504s ]
[ info ] [ LANG ] C:\wamp64\www\gmis\thinkphp\lang\zh-cn.php
[ info ] [ ROUTE ] array (
  'type' => 'module',
  'module' => 
  array (
    0 => 'admin',
    1 => 'dashboard',
    2 => NULL,
  ),
)
[ info ] [ HEADER ] array (
  'host' => 'localhost',
  'connection' => 'keep-alive',
  'upgrade-insecure-requests' => '1',
  'user-agent' => 'Mozilla/5.0 (Windows NT 10.0; WOW64) AppleWebKit/537.36 (KHTML, like Gecko) Chrome/66.0.3359.139 Safari/537.36',
  'accept' => 'text/html,application/xhtml+xml,application/xml;q=0.9,image/webp,image/apng,*/*;q=0.8',
  'referer' => 'http://localhost/gmis/public/admin/index/index',
  'accept-encoding' => 'gzip, deflate, br',
  'accept-language' => 'zh-CN,zh;q=0.9',
  'cookie' => 'PHPSESSID=7ktb9tuc4dgim0raoch3t672b7',
)
[ info ] [ PARAM ] array (
  'addtabs' => '1',
)
[ info ] [ LANG ] C:\wamp64\www\gmis\public/../application/admin\lang\zh-cn.php
[ info ] [ BEHAVIOR ] Run app\common\behavior\Common @module_init [ RunTime:0.071277s ]
[ info ] [ SESSION ] INIT array (
  'id' => '',
  'var_session_id' => '',
  'prefix' => 'think',
  'type' => '',
  'auto_start' => true,
)
[ info ] [ DB ] INIT mysql
[ info ] [ LANG ] C:\wamp64\www\gmis\public/../application/admin/lang/zh-cn/dashboard.php
[ info ] [ RUN ] app\admin\controller\Dashboard->index[ C:\wamp64\www\gmis\application\admin\controller\Dashboard.php ]
[ info ] [ VIEW ] C:\wamp64\www\gmis\public/../application/admin\view\dashboard\index.html [ array (
  0 => 'breadcrumb',
  1 => 'site',
  2 => 'config',
  3 => 'auth',
  4 => 'admin',
  5 => 'totaluser',
  6 => 'totalviews',
  7 => 'totalorder',
  8 => 'totalorderamount',
  9 => 'todayuserlogin',
  10 => 'todayusersignup',
  11 => 'todayorder',
  12 => 'unsettleorder',
  13 => 'sevendnu',
  14 => 'sevendau',
  15 => 'paylist',
  16 => 'createlist',
  17 => 'addonversion',
  18 => 'uploadmode',
) ]
[ info ] [ BEHAVIOR ] Run app\admin\behavior\AdminLog @app_end [ RunTime:0.012797s ]
[ info ] [ LOG ] INIT File
[ sql ] [ DB ] CONNECT:[ UseTime:0.005889s ] mysql:host=127.0.0.1;dbname=gmisManage;charset=utf8
[ sql ] [ SQL ] SHOW COLUMNS FROM `gmis_auth_group_access` [ RunTime:0.023443s ]
[ sql ] [ SQL ] SELECT `aga`.`uid`,`aga`.`group_id`,`ag`.`id`,`ag`.`pid`,`ag`.`name`,`ag`.`rules` FROM `gmis_auth_group_access` `aga` LEFT JOIN `gmis_auth_group` `ag` ON `aga`.`group_id`=`ag`.`id` WHERE  (  aga.uid='1' and ag.status='normal' ) [ RunTime:0.022650s ]
[ sql ] [ SQL ] SHOW COLUMNS FROM `gmis_auth_rule` [ RunTime:0.023552s ]
[ sql ] [ SQL ] SELECT `id`,`pid`,`condition`,`icon`,`name`,`title`,`ismenu` FROM `gmis_auth_rule` WHERE  `status` = 'normal' [ RunTime:0.004085s ]
[ sql ] [ SQL ] SELECT `title`,`remark` FROM `gmis_auth_rule` WHERE  `name` = 'dashboard' LIMIT 1 [ RunTime:0.002797s ]
---------------------------------------------------------------
[ 2018-11-23T11:07:35+08:00 ] 0.0.0.0 GET localhost/gmis/public/admin/teacher?addtabs=1
[运行时间：2.334253s] [吞吐率：0.43req/s] [内存消耗：7,315.05kb] [文件加载：79]
[ info ] [ BEHAVIOR ] Run Closure @app_init [ RunTime:0.000476s ]
[ info ] [ CACHE ] INIT File
[ info ] [ BEHAVIOR ] Run Closure @app_init [ RunTime:0.047731s ]
[ info ] [ LANG ] C:\wamp64\www\gmis\thinkphp\lang\zh-cn.php
[ info ] [ ROUTE ] array (
  'type' => 'module',
  'module' => 
  array (
    0 => 'admin',
    1 => 'teacher',
    2 => NULL,
  ),
)
[ info ] [ HEADER ] array (
  'host' => 'localhost',
  'connection' => 'keep-alive',
  'upgrade-insecure-requests' => '1',
  'user-agent' => 'Mozilla/5.0 (Windows NT 10.0; WOW64) AppleWebKit/537.36 (KHTML, like Gecko) Chrome/66.0.3359.139 Safari/537.36',
  'accept' => 'text/html,application/xhtml+xml,application/xml;q=0.9,image/webp,image/apng,*/*;q=0.8',
  'referer' => 'http://localhost/gmis/public/admin/index/index',
  'accept-encoding' => 'gzip, deflate, br',
  'accept-language' => 'zh-CN,zh;q=0.9',
  'cookie' => 'PHPSESSID=7ktb9tuc4dgim0raoch3t672b7',
)
[ info ] [ PARAM ] array (
  'addtabs' => '1',
)
[ info ] [ LANG ] C:\wamp64\www\gmis\public/../application/admin\lang\zh-cn.php
[ info ] [ BEHAVIOR ] Run app\common\behavior\Common @module_init [ RunTime:0.030354s ]
[ info ] [ SESSION ] INIT array (
  'id' => '',
  'var_session_id' => '',
  'prefix' => 'think',
  'type' => '',
  'auto_start' => true,
)
[ info ] [ DB ] INIT mysql
[ info ] [ LANG ] C:\wamp64\www\gmis\public/../application/admin/lang/zh-cn/teacher.php
[ info ] [ RUN ] app\common\controller\Backend->index[ C:\wamp64\www\gmis\application\admin\library\traits\Backend.php ]
[ info ] [ VIEW ] C:\wamp64\www\gmis\public/../application/admin\view\teacher\index.html [ array (
  0 => 'breadcrumb',
  1 => 'site',
  2 => 'config',
  3 => 'auth',
  4 => 'admin',
  5 => 'teahonorList',
  6 => 'statusList',
) ]
[ info ] [ BEHAVIOR ] Run app\admin\behavior\AdminLog @app_end [ RunTime:0.012350s ]
[ info ] [ LOG ] INIT File
[ sql ] [ DB ] CONNECT:[ UseTime:0.004574s ] mysql:host=127.0.0.1;dbname=gmisManage;charset=utf8
[ sql ] [ SQL ] SHOW COLUMNS FROM `gmis_auth_group_access` [ RunTime:0.025969s ]
[ sql ] [ SQL ] SELECT `aga`.`uid`,`aga`.`group_id`,`ag`.`id`,`ag`.`pid`,`ag`.`name`,`ag`.`rules` FROM `gmis_auth_group_access` `aga` LEFT JOIN `gmis_auth_group` `ag` ON `aga`.`group_id`=`ag`.`id` WHERE  (  aga.uid='1' and ag.status='normal' ) [ RunTime:0.038811s ]
[ sql ] [ SQL ] SHOW COLUMNS FROM `gmis_auth_rule` [ RunTime:0.025305s ]
[ sql ] [ SQL ] SELECT `id`,`pid`,`condition`,`icon`,`name`,`title`,`ismenu` FROM `gmis_auth_rule` WHERE  `status` = 'normal' [ RunTime:0.004412s ]
[ sql ] [ SQL ] SELECT `title`,`remark` FROM `gmis_auth_rule` WHERE  `name` = 'teacher' LIMIT 1 [ RunTime:0.003027s ]
---------------------------------------------------------------
[ 2018-11-23T11:07:36+08:00 ] 0.0.0.0 GET localhost/gmis/public/admin/ajax/lang?callback=define&controllername=index&v=1542942449
[运行时间：0.689371s] [吞吐率：1.45req/s] [内存消耗：5,339.43kb] [文件加载：69]
[ info ] [ BEHAVIOR ] Run Closure @app_init [ RunTime:0.000374s ]
[ info ] [ CACHE ] INIT File
[ info ] [ BEHAVIOR ] Run Closure @app_init [ RunTime:0.054164s ]
[ info ] [ LANG ] C:\wamp64\www\gmis\thinkphp\lang\zh-cn.php
[ info ] [ ROUTE ] array (
  'type' => 'module',
  'module' => 
  array (
    0 => 'admin',
    1 => 'ajax',
    2 => 'lang',
  ),
)
[ info ] [ HEADER ] array (
  'host' => 'localhost',
  'connection' => 'keep-alive',
  'user-agent' => 'Mozilla/5.0 (Windows NT 10.0; WOW64) AppleWebKit/537.36 (KHTML, like Gecko) Chrome/66.0.3359.139 Safari/537.36',
  'accept' => '*/*',
  'referer' => 'http://localhost/gmis/public/admin/index/index',
  'accept-encoding' => 'gzip, deflate, br',
  'accept-language' => 'zh-CN,zh;q=0.9',
  'cookie' => 'PHPSESSID=7ktb9tuc4dgim0raoch3t672b7',
)
[ info ] [ PARAM ] array (
  'callback' => 'define',
  'controllername' => 'index',
  'v' => '1542942449',
)
[ info ] [ LANG ] C:\wamp64\www\gmis\public/../application/admin\lang\zh-cn.php
[ info ] [ BEHAVIOR ] Run app\common\behavior\Common @module_init [ RunTime:0.036121s ]
[ info ] [ SESSION ] INIT array (
  'id' => '',
  'var_session_id' => '',
  'prefix' => 'think',
  'type' => '',
  'auto_start' => true,
)
[ info ] [ LANG ] C:\wamp64\www\gmis\public/../application/admin/lang/zh-cn/ajax.php
[ info ] [ RUN ] app\admin\controller\Ajax->lang[ C:\wamp64\www\gmis\application\admin\controller\Ajax.php ]
[ info ] [ LANG ] C:\wamp64\www\gmis\public/../application/admin/lang/zh-cn/index.php
[ info ] [ BEHAVIOR ] Run app\admin\behavior\AdminLog @app_end [ RunTime:0.013703s ]
[ info ] [ LOG ] INIT File
---------------------------------------------------------------
[ 2018-11-23T11:07:36+08:00 ] 0.0.0.0 GET localhost/gmis/public/admin/ajax/lang?callback=define&controllername=teacher&v=1542942453
[运行时间：0.663096s] [吞吐率：1.51req/s] [内存消耗：5,332.48kb] [文件加载：69]
[ info ] [ BEHAVIOR ] Run Closure @app_init [ RunTime:0.000398s ]
[ info ] [ CACHE ] INIT File
[ info ] [ BEHAVIOR ] Run Closure @app_init [ RunTime:0.029938s ]
[ info ] [ LANG ] C:\wamp64\www\gmis\thinkphp\lang\zh-cn.php
[ info ] [ ROUTE ] array (
  'type' => 'module',
  'module' => 
  array (
    0 => 'admin',
    1 => 'ajax',
    2 => 'lang',
  ),
)
[ info ] [ HEADER ] array (
  'host' => 'localhost',
  'connection' => 'keep-alive',
  'user-agent' => 'Mozilla/5.0 (Windows NT 10.0; WOW64) AppleWebKit/537.36 (KHTML, like Gecko) Chrome/66.0.3359.139 Safari/537.36',
  'accept' => '*/*',
  'referer' => 'http://localhost/gmis/public/admin/teacher?addtabs=1',
  'accept-encoding' => 'gzip, deflate, br',
  'accept-language' => 'zh-CN,zh;q=0.9',
  'cookie' => 'PHPSESSID=7ktb9tuc4dgim0raoch3t672b7',
)
[ info ] [ PARAM ] array (
  'callback' => 'define',
  'controllername' => 'teacher',
  'v' => '1542942453',
)
[ info ] [ LANG ] C:\wamp64\www\gmis\public/../application/admin\lang\zh-cn.php
[ info ] [ BEHAVIOR ] Run app\common\behavior\Common @module_init [ RunTime:0.015445s ]
[ info ] [ SESSION ] INIT array (
  'id' => '',
  'var_session_id' => '',
  'prefix' => 'think',
  'type' => '',
  'auto_start' => true,
)
[ info ] [ LANG ] C:\wamp64\www\gmis\public/../application/admin/lang/zh-cn/ajax.php
[ info ] [ RUN ] app\admin\controller\Ajax->lang[ C:\wamp64\www\gmis\application\admin\controller\Ajax.php ]
[ info ] [ LANG ] C:\wamp64\www\gmis\public/../application/admin/lang/zh-cn/teacher.php
[ info ] [ BEHAVIOR ] Run app\admin\behavior\AdminLog @app_end [ RunTime:0.014717s ]
[ info ] [ LOG ] INIT File
---------------------------------------------------------------
[ 2018-11-23T11:07:36+08:00 ] 0.0.0.0 GET localhost/gmis/public/admin/ajax/lang?callback=define&controllername=dashboard&v=1542942453
[运行时间：0.952582s] [吞吐率：1.05req/s] [内存消耗：5,336.96kb] [文件加载：69]
[ info ] [ BEHAVIOR ] Run Closure @app_init [ RunTime:0.000453s ]
[ info ] [ CACHE ] INIT File
[ info ] [ BEHAVIOR ] Run Closure @app_init [ RunTime:0.038102s ]
[ info ] [ LANG ] C:\wamp64\www\gmis\thinkphp\lang\zh-cn.php
[ info ] [ ROUTE ] array (
  'type' => 'module',
  'module' => 
  array (
    0 => 'admin',
    1 => 'ajax',
    2 => 'lang',
  ),
)
[ info ] [ HEADER ] array (
  'host' => 'localhost',
  'connection' => 'keep-alive',
  'user-agent' => 'Mozilla/5.0 (Windows NT 10.0; WOW64) AppleWebKit/537.36 (KHTML, like Gecko) Chrome/66.0.3359.139 Safari/537.36',
  'accept' => '*/*',
  'referer' => 'http://localhost/gmis/public/admin/dashboard?addtabs=1',
  'accept-encoding' => 'gzip, deflate, br',
  'accept-language' => 'zh-CN,zh;q=0.9',
  'cookie' => 'PHPSESSID=7ktb9tuc4dgim0raoch3t672b7',
)
[ info ] [ PARAM ] array (
  'callback' => 'define',
  'controllername' => 'dashboard',
  'v' => '1542942453',
)
[ info ] [ LANG ] C:\wamp64\www\gmis\public/../application/admin\lang\zh-cn.php
[ info ] [ BEHAVIOR ] Run app\common\behavior\Common @module_init [ RunTime:0.038649s ]
[ info ] [ SESSION ] INIT array (
  'id' => '',
  'var_session_id' => '',
  'prefix' => 'think',
  'type' => '',
  'auto_start' => true,
)
[ info ] [ LANG ] C:\wamp64\www\gmis\public/../application/admin/lang/zh-cn/ajax.php
[ info ] [ RUN ] app\admin\controller\Ajax->lang[ C:\wamp64\www\gmis\application\admin\controller\Ajax.php ]
[ info ] [ LANG ] C:\wamp64\www\gmis\public/../application/admin/lang/zh-cn/dashboard.php
[ info ] [ BEHAVIOR ] Run app\admin\behavior\AdminLog @app_end [ RunTime:0.025670s ]
[ info ] [ LOG ] INIT File
---------------------------------------------------------------
[ 2018-11-23T11:07:38+08:00 ] 0.0.0.0 GET localhost/gmis/public/admin/teacher/index?sort=weigh&order=desc&offset=0&limit=10&filter=%7B%7D&op=%7B%7D&_=1542942455658
[运行时间：0.510539s] [吞吐率：1.96req/s] [内存消耗：7,197.84kb] [文件加载：79]
[ info ] [ BEHAVIOR ] Run Closure @app_init [ RunTime:0.000234s ]
[ info ] [ CACHE ] INIT File
[ info ] [ BEHAVIOR ] Run Closure @app_init [ RunTime:0.016460s ]
[ info ] [ LANG ] C:\wamp64\www\gmis\thinkphp\lang\zh-cn.php
[ info ] [ ROUTE ] array (
  'type' => 'module',
  'module' => 
  array (
    0 => 'admin',
    1 => 'teacher',
    2 => 'index',
  ),
)
[ info ] [ HEADER ] array (
  'host' => 'localhost',
  'connection' => 'keep-alive',
  'accept' => 'application/json, text/javascript, */*; q=0.01',
  'x-requested-with' => 'XMLHttpRequest',
  'user-agent' => 'Mozilla/5.0 (Windows NT 10.0; WOW64) AppleWebKit/537.36 (KHTML, like Gecko) Chrome/66.0.3359.139 Safari/537.36',
  'content-type' => 'application/json',
  'referer' => 'http://localhost/gmis/public/admin/teacher?addtabs=1',
  'accept-encoding' => 'gzip, deflate, br',
  'accept-language' => 'zh-CN,zh;q=0.9',
  'cookie' => 'PHPSESSID=7ktb9tuc4dgim0raoch3t672b7',
)
[ info ] [ PARAM ] array (
  'sort' => 'weigh',
  'order' => 'desc',
  'offset' => '0',
  'limit' => '10',
  'filter' => '{}',
  'op' => '{}',
  '_' => '1542942455658',
)
[ info ] [ LANG ] C:\wamp64\www\gmis\public/../application/admin\lang\zh-cn.php
[ info ] [ BEHAVIOR ] Run app\common\behavior\Common @module_init [ RunTime:0.012354s ]
[ info ] [ SESSION ] INIT array (
  'id' => '',
  'var_session_id' => '',
  'prefix' => 'think',
  'type' => '',
  'auto_start' => true,
)
[ info ] [ DB ] INIT mysql
[ info ] [ LANG ] C:\wamp64\www\gmis\public/../application/admin/lang/zh-cn/teacher.php
[ info ] [ RUN ] app\common\controller\Backend->index[ C:\wamp64\www\gmis\application\admin\library\traits\Backend.php ]
[ info ] [ BEHAVIOR ] Run app\admin\behavior\AdminLog @app_end [ RunTime:0.006569s ]
[ info ] [ LOG ] INIT File
[ sql ] [ DB ] CONNECT:[ UseTime:0.004841s ] mysql:host=127.0.0.1;dbname=gmisManage;charset=utf8
[ sql ] [ SQL ] SHOW COLUMNS FROM `gmis_auth_group_access` [ RunTime:0.016548s ]
[ sql ] [ SQL ] SELECT `aga`.`uid`,`aga`.`group_id`,`ag`.`id`,`ag`.`pid`,`ag`.`name`,`ag`.`rules` FROM `gmis_auth_group_access` `aga` LEFT JOIN `gmis_auth_group` `ag` ON `aga`.`group_id`=`ag`.`id` WHERE  (  aga.uid='1' and ag.status='normal' ) [ RunTime:0.014600s ]
[ sql ] [ SQL ] SHOW COLUMNS FROM `gmis_auth_rule` [ RunTime:0.018979s ]
[ sql ] [ SQL ] SELECT `id`,`pid`,`condition`,`icon`,`name`,`title`,`ismenu` FROM `gmis_auth_rule` WHERE  `status` = 'normal' [ RunTime:0.003152s ]
[ sql ] [ SQL ] SHOW COLUMNS FROM `gmis_teacher` [ RunTime:0.014273s ]
[ sql ] [ SQL ] SELECT COUNT(*) AS tp_count FROM `gmis_teacher` ORDER BY `weigh` DESC LIMIT 1 [ RunTime:0.001373s ]
[ sql ] [ SQL ] SELECT * FROM `gmis_teacher` ORDER BY `weigh` DESC LIMIT 0,10 [ RunTime:0.002272s ]
---------------------------------------------------------------
[ 2018-11-23T11:07:56+08:00 ] 0.0.0.0 GET localhost/gmis/public/admin/student?addtabs=1
[运行时间：1.187525s] [吞吐率：0.84req/s] [内存消耗：7,321.79kb] [文件加载：79]
[ info ] [ BEHAVIOR ] Run Closure @app_init [ RunTime:0.000439s ]
[ info ] [ CACHE ] INIT File
[ info ] [ BEHAVIOR ] Run Closure @app_init [ RunTime:0.031798s ]
[ info ] [ LANG ] C:\wamp64\www\gmis\thinkphp\lang\zh-cn.php
[ info ] [ ROUTE ] array (
  'type' => 'module',
  'module' => 
  array (
    0 => 'admin',
    1 => 'student',
    2 => NULL,
  ),
)
[ info ] [ HEADER ] array (
  'host' => 'localhost',
  'connection' => 'keep-alive',
  'upgrade-insecure-requests' => '1',
  'user-agent' => 'Mozilla/5.0 (Windows NT 10.0; WOW64) AppleWebKit/537.36 (KHTML, like Gecko) Chrome/66.0.3359.139 Safari/537.36',
  'accept' => 'text/html,application/xhtml+xml,application/xml;q=0.9,image/webp,image/apng,*/*;q=0.8',
  'referer' => 'http://localhost/gmis/public/admin/student?ref=addtabs',
  'accept-encoding' => 'gzip, deflate, br',
  'accept-language' => 'zh-CN,zh;q=0.9',
  'cookie' => 'PHPSESSID=7ktb9tuc4dgim0raoch3t672b7',
)
[ info ] [ PARAM ] array (
  'addtabs' => '1',
)
[ info ] [ LANG ] C:\wamp64\www\gmis\public/../application/admin\lang\zh-cn.php
[ info ] [ BEHAVIOR ] Run app\common\behavior\Common @module_init [ RunTime:0.022446s ]
[ info ] [ SESSION ] INIT array (
  'id' => '',
  'var_session_id' => '',
  'prefix' => 'think',
  'type' => '',
  'auto_start' => true,
)
[ info ] [ DB ] INIT mysql
[ info ] [ LANG ] C:\wamp64\www\gmis\public/../application/admin/lang/zh-cn/student.php
[ info ] [ RUN ] app\admin\controller\Student->index[ C:\wamp64\www\gmis\application\admin\controller\Student.php ]
[ info ] [ VIEW ] C:\wamp64\www\gmis\public/../application/admin\view\student\index.html [ array (
  0 => 'breadcrumb',
  1 => 'site',
  2 => 'config',
  3 => 'auth',
  4 => 'admin',
  5 => 'statusList',
) ]
[ info ] [ BEHAVIOR ] Run app\admin\behavior\AdminLog @app_end [ RunTime:0.009360s ]
[ info ] [ LOG ] INIT File
[ sql ] [ DB ] CONNECT:[ UseTime:0.004884s ] mysql:host=127.0.0.1;dbname=gmisManage;charset=utf8
[ sql ] [ SQL ] SHOW COLUMNS FROM `gmis_auth_group_access` [ RunTime:0.021094s ]
[ sql ] [ SQL ] SELECT `aga`.`uid`,`aga`.`group_id`,`ag`.`id`,`ag`.`pid`,`ag`.`name`,`ag`.`rules` FROM `gmis_auth_group_access` `aga` LEFT JOIN `gmis_auth_group` `ag` ON `aga`.`group_id`=`ag`.`id` WHERE  (  aga.uid='1' and ag.status='normal' ) [ RunTime:0.019473s ]
[ sql ] [ SQL ] SHOW COLUMNS FROM `gmis_auth_rule` [ RunTime:0.023916s ]
[ sql ] [ SQL ] SELECT `id`,`pid`,`condition`,`icon`,`name`,`title`,`ismenu` FROM `gmis_auth_rule` WHERE  `status` = 'normal' [ RunTime:0.004338s ]
[ sql ] [ SQL ] SELECT `title`,`remark` FROM `gmis_auth_rule` WHERE  `name` = 'student' LIMIT 1 [ RunTime:0.002415s ]
---------------------------------------------------------------
[ 2018-11-23T11:07:57+08:00 ] 0.0.0.0 GET localhost/gmis/public/admin/ajax/lang?callback=define&controllername=student&v=1542942475
[运行时间：0.478984s] [吞吐率：2.09req/s] [内存消耗：5,331.80kb] [文件加载：69]
[ info ] [ BEHAVIOR ] Run Closure @app_init [ RunTime:0.000218s ]
[ info ] [ CACHE ] INIT File
[ info ] [ BEHAVIOR ] Run Closure @app_init [ RunTime:0.027792s ]
[ info ] [ LANG ] C:\wamp64\www\gmis\thinkphp\lang\zh-cn.php
[ info ] [ ROUTE ] array (
  'type' => 'module',
  'module' => 
  array (
    0 => 'admin',
    1 => 'ajax',
    2 => 'lang',
  ),
)
[ info ] [ HEADER ] array (
  'host' => 'localhost',
  'connection' => 'keep-alive',
  'user-agent' => 'Mozilla/5.0 (Windows NT 10.0; WOW64) AppleWebKit/537.36 (KHTML, like Gecko) Chrome/66.0.3359.139 Safari/537.36',
  'accept' => '*/*',
  'referer' => 'http://localhost/gmis/public/admin/student?addtabs=1',
  'accept-encoding' => 'gzip, deflate, br',
  'accept-language' => 'zh-CN,zh;q=0.9',
  'cookie' => 'PHPSESSID=7ktb9tuc4dgim0raoch3t672b7',
)
[ info ] [ PARAM ] array (
  'callback' => 'define',
  'controllername' => 'student',
  'v' => '1542942475',
)
[ info ] [ LANG ] C:\wamp64\www\gmis\public/../application/admin\lang\zh-cn.php
[ info ] [ BEHAVIOR ] Run app\common\behavior\Common @module_init [ RunTime:0.017629s ]
[ info ] [ SESSION ] INIT array (
  'id' => '',
  'var_session_id' => '',
  'prefix' => 'think',
  'type' => '',
  'auto_start' => true,
)
[ info ] [ LANG ] C:\wamp64\www\gmis\public/../application/admin/lang/zh-cn/ajax.php
[ info ] [ RUN ] app\admin\controller\Ajax->lang[ C:\wamp64\www\gmis\application\admin\controller\Ajax.php ]
[ info ] [ LANG ] C:\wamp64\www\gmis\public/../application/admin/lang/zh-cn/student.php
[ info ] [ BEHAVIOR ] Run app\admin\behavior\AdminLog @app_end [ RunTime:0.007243s ]
[ info ] [ LOG ] INIT File
---------------------------------------------------------------
[ 2018-11-23T11:07:59+08:00 ] 0.0.0.0 GET localhost/gmis/public/admin/student/index?sort=weigh&order=desc&offset=0&limit=10&filter=%7B%7D&op=%7B%7D&_=1542942476967
[运行时间：1.549137s] [吞吐率：0.65req/s] [内存消耗：7,447.34kb] [文件加载：83]
[ info ] [ BEHAVIOR ] Run Closure @app_init [ RunTime:0.000360s ]
[ info ] [ CACHE ] INIT File
[ info ] [ BEHAVIOR ] Run Closure @app_init [ RunTime:0.043930s ]
[ info ] [ LANG ] C:\wamp64\www\gmis\thinkphp\lang\zh-cn.php
[ info ] [ ROUTE ] array (
  'type' => 'module',
  'module' => 
  array (
    0 => 'admin',
    1 => 'student',
    2 => 'index',
  ),
)
[ info ] [ HEADER ] array (
  'host' => 'localhost',
  'connection' => 'keep-alive',
  'accept' => 'application/json, text/javascript, */*; q=0.01',
  'x-requested-with' => 'XMLHttpRequest',
  'user-agent' => 'Mozilla/5.0 (Windows NT 10.0; WOW64) AppleWebKit/537.36 (KHTML, like Gecko) Chrome/66.0.3359.139 Safari/537.36',
  'content-type' => 'application/json',
  'referer' => 'http://localhost/gmis/public/admin/student?addtabs=1',
  'accept-encoding' => 'gzip, deflate, br',
  'accept-language' => 'zh-CN,zh;q=0.9',
  'cookie' => 'PHPSESSID=7ktb9tuc4dgim0raoch3t672b7',
)
[ info ] [ PARAM ] array (
  'sort' => 'weigh',
  'order' => 'desc',
  'offset' => '0',
  'limit' => '10',
  'filter' => '{}',
  'op' => '{}',
  '_' => '1542942476967',
)
[ info ] [ LANG ] C:\wamp64\www\gmis\public/../application/admin\lang\zh-cn.php
[ info ] [ BEHAVIOR ] Run app\common\behavior\Common @module_init [ RunTime:0.025479s ]
[ info ] [ SESSION ] INIT array (
  'id' => '',
  'var_session_id' => '',
  'prefix' => 'think',
  'type' => '',
  'auto_start' => true,
)
[ info ] [ DB ] INIT mysql
[ info ] [ LANG ] C:\wamp64\www\gmis\public/../application/admin/lang/zh-cn/student.php
[ info ] [ RUN ] app\admin\controller\Student->index[ C:\wamp64\www\gmis\application\admin\controller\Student.php ]
[ info ] [ BEHAVIOR ] Run app\admin\behavior\AdminLog @app_end [ RunTime:0.013183s ]
[ info ] [ LOG ] INIT File
[ sql ] [ DB ] CONNECT:[ UseTime:0.013567s ] mysql:host=127.0.0.1;dbname=gmisManage;charset=utf8
[ sql ] [ SQL ] SHOW COLUMNS FROM `gmis_auth_group_access` [ RunTime:0.026333s ]
[ sql ] [ SQL ] SELECT `aga`.`uid`,`aga`.`group_id`,`ag`.`id`,`ag`.`pid`,`ag`.`name`,`ag`.`rules` FROM `gmis_auth_group_access` `aga` LEFT JOIN `gmis_auth_group` `ag` ON `aga`.`group_id`=`ag`.`id` WHERE  (  aga.uid='1' and ag.status='normal' ) [ RunTime:0.027090s ]
[ sql ] [ SQL ] SHOW COLUMNS FROM `gmis_auth_rule` [ RunTime:0.018329s ]
[ sql ] [ SQL ] SELECT `id`,`pid`,`condition`,`icon`,`name`,`title`,`ismenu` FROM `gmis_auth_rule` WHERE  `status` = 'normal' [ RunTime:0.004387s ]
[ sql ] [ SQL ] SHOW COLUMNS FROM `gmis_student` [ RunTime:0.025777s ]
[ sql ] [ SQL ] SHOW COLUMNS FROM `gmis_profess` [ RunTime:0.025872s ]
[ sql ] [ SQL ] SELECT COUNT(*) AS tp_count FROM `gmis_student` `student` LEFT JOIN `gmis_profess` `profess` ON `student`.`stuproid`=`profess`.`id` ORDER BY `student`.`weigh` DESC LIMIT 1 [ RunTime:0.003111s ]
[ sql ] [ SQL ] SELECT `student`.`id`,`student`.`stuidcard`,`student`.`stupwd`,`student`.`stuname`,`student`.`stuclass`,`student`.`stuphone`,`student`.`stuproid`,`student`.`weigh`,`student`.`createtime`,`student`.`updatetime`,`student`.`status`,profess.id AS profess__id,profess.proname AS profess__proname,profess.createtime AS profess__createtime,profess.updatetime AS profess__updatetime,profess.status AS profess__status FROM `gmis_student` `student` LEFT JOIN `gmis_profess` `profess` ON `student`.`stuproid`=`profess`.`id` ORDER BY `student`.`weigh` DESC LIMIT 0,10 [ RunTime:0.003191s ]
