---------------------------------------------------------------
[ 2018-11-27T21:32:16+08:00 ] 127.0.0.1 GET 127.0.0.1/gmis/public/admin/index/index
[运行时间：3.827183s] [吞吐率：0.26req/s] [内存消耗：7,459.34kb] [文件加载：88]
[ info ] [ BEHAVIOR ] Run Closure @app_init [ RunTime:0.000544s ]
[ info ] [ CACHE ] INIT File
[ info ] [ BEHAVIOR ] Run Closure @app_init [ RunTime:0.032179s ]
[ info ] [ LANG ] C:\wamp64\www\gmis\thinkphp\lang\zh-cn.php
[ info ] [ ROUTE ] array (
  'type' => 'module',
  'module' => 
  array (
    0 => 'admin',
    1 => 'index',
    2 => 'index',
  ),
)
[ info ] [ HEADER ] array (
  'host' => '127.0.0.1',
  'connection' => 'keep-alive',
  'upgrade-insecure-requests' => '1',
  'user-agent' => 'Mozilla/5.0 (Windows NT 10.0; WOW64) AppleWebKit/537.36 (KHTML, like Gecko) Chrome/66.0.3359.139 Safari/537.36',
  'accept' => 'text/html,application/xhtml+xml,application/xml;q=0.9,image/webp,image/apng,*/*;q=0.8',
  'referer' => 'http://127.0.0.1/gmis/public/admin/index/login',
  'accept-encoding' => 'gzip, deflate, br',
  'accept-language' => 'zh-CN,zh;q=0.9',
  'cookie' => 'PHPSESSID=aar2gm9jbnlvhgjqa6414ck0d4',
)
[ info ] [ PARAM ] array (
)
[ info ] [ LANG ] C:\wamp64\www\gmis\public/../application/admin\lang\zh-cn.php
[ info ] [ BEHAVIOR ] Run app\common\behavior\Common @module_init [ RunTime:0.017866s ]
[ info ] [ SESSION ] INIT array (
  'id' => '',
  'var_session_id' => '',
  'prefix' => 'think',
  'type' => '',
  'auto_start' => true,
)
[ info ] [ LANG ] C:\wamp64\www\gmis\public/../application/admin/lang/zh-cn/index.php
[ info ] [ RUN ] app\admin\controller\Index->index[ C:\wamp64\www\gmis\application\admin\controller\Index.php ]
[ info ] [ DB ] INIT mysql
[ info ] [ VIEW ] C:\wamp64\www\gmis\public/../application/admin\view\index\index.html [ array (
  0 => 'breadcrumb',
  1 => 'site',
  2 => 'config',
  3 => 'auth',
  4 => 'admin',
  5 => 'menulist',
  6 => 'navlist',
  7 => 'fixedmenu',
  8 => 'referermenu',
  9 => 'title',
) ]
[ info ] [ BEHAVIOR ] Run app\admin\behavior\AdminLog @app_end [ RunTime:0.016344s ]
[ info ] [ LOG ] INIT File
[ sql ] [ DB ] CONNECT:[ UseTime:0.005499s ] mysql:host=127.0.0.1;dbname=gmisManage;charset=utf8
[ sql ] [ SQL ] SHOW COLUMNS FROM `gmis_auth_group_access` [ RunTime:0.004363s ]
[ sql ] [ SQL ] SELECT `aga`.`uid`,`aga`.`group_id`,`ag`.`id`,`ag`.`pid`,`ag`.`name`,`ag`.`rules` FROM `gmis_auth_group_access` `aga` LEFT JOIN `gmis_auth_group` `ag` ON `aga`.`group_id`=`ag`.`id` WHERE  (  aga.uid='1' and ag.status='normal' ) [ RunTime:0.002843s ]
[ sql ] [ SQL ] SHOW COLUMNS FROM `gmis_auth_rule` [ RunTime:0.004937s ]
[ sql ] [ SQL ] SELECT `id`,`pid`,`condition`,`icon`,`name`,`title`,`ismenu` FROM `gmis_auth_rule` WHERE  `status` = 'normal' [ RunTime:0.005127s ]
---------------------------------------------------------------
[ 2018-11-27T21:32:16+08:00 ] 127.0.0.1 GET 127.0.0.1/gmis/public/admin/dashboard?addtabs=1
[运行时间：0.564229s] [吞吐率：1.77req/s] [内存消耗：7,105.80kb] [文件加载：78]
[ info ] [ BEHAVIOR ] Run Closure @app_init [ RunTime:0.000199s ]
[ info ] [ CACHE ] INIT File
[ info ] [ BEHAVIOR ] Run Closure @app_init [ RunTime:0.016991s ]
[ info ] [ LANG ] C:\wamp64\www\gmis\thinkphp\lang\zh-cn.php
[ info ] [ ROUTE ] array (
  'type' => 'module',
  'module' => 
  array (
    0 => 'admin',
    1 => 'dashboard',
    2 => NULL,
  ),
)
[ info ] [ HEADER ] array (
  'host' => '127.0.0.1',
  'connection' => 'keep-alive',
  'upgrade-insecure-requests' => '1',
  'user-agent' => 'Mozilla/5.0 (Windows NT 10.0; WOW64) AppleWebKit/537.36 (KHTML, like Gecko) Chrome/66.0.3359.139 Safari/537.36',
  'accept' => 'text/html,application/xhtml+xml,application/xml;q=0.9,image/webp,image/apng,*/*;q=0.8',
  'referer' => 'http://127.0.0.1/gmis/public/admin/index/index',
  'accept-encoding' => 'gzip, deflate, br',
  'accept-language' => 'zh-CN,zh;q=0.9',
  'cookie' => 'PHPSESSID=aar2gm9jbnlvhgjqa6414ck0d4',
)
[ info ] [ PARAM ] array (
  'addtabs' => '1',
)
[ info ] [ LANG ] C:\wamp64\www\gmis\public/../application/admin\lang\zh-cn.php
[ info ] [ BEHAVIOR ] Run app\common\behavior\Common @module_init [ RunTime:0.021408s ]
[ info ] [ SESSION ] INIT array (
  'id' => '',
  'var_session_id' => '',
  'prefix' => 'think',
  'type' => '',
  'auto_start' => true,
)
[ info ] [ DB ] INIT mysql
[ info ] [ LANG ] C:\wamp64\www\gmis\public/../application/admin/lang/zh-cn/dashboard.php
[ info ] [ RUN ] app\admin\controller\Dashboard->index[ C:\wamp64\www\gmis\application\admin\controller\Dashboard.php ]
[ info ] [ VIEW ] C:\wamp64\www\gmis\public/../application/admin\view\dashboard\index.html [ array (
  0 => 'breadcrumb',
  1 => 'site',
  2 => 'config',
  3 => 'auth',
  4 => 'admin',
  5 => 'totaluser',
  6 => 'totalviews',
  7 => 'totalorder',
  8 => 'totalorderamount',
  9 => 'todayuserlogin',
  10 => 'todayusersignup',
  11 => 'todayorder',
  12 => 'unsettleorder',
  13 => 'sevendnu',
  14 => 'sevendau',
  15 => 'paylist',
  16 => 'createlist',
  17 => 'addonversion',
  18 => 'uploadmode',
) ]
[ info ] [ BEHAVIOR ] Run app\admin\behavior\AdminLog @app_end [ RunTime:0.003478s ]
[ info ] [ LOG ] INIT File
[ sql ] [ DB ] CONNECT:[ UseTime:0.013542s ] mysql:host=127.0.0.1;dbname=gmisManage;charset=utf8
[ sql ] [ SQL ] SHOW COLUMNS FROM `gmis_auth_group_access` [ RunTime:0.003163s ]
[ sql ] [ SQL ] SELECT `aga`.`uid`,`aga`.`group_id`,`ag`.`id`,`ag`.`pid`,`ag`.`name`,`ag`.`rules` FROM `gmis_auth_group_access` `aga` LEFT JOIN `gmis_auth_group` `ag` ON `aga`.`group_id`=`ag`.`id` WHERE  (  aga.uid='1' and ag.status='normal' ) [ RunTime:0.002092s ]
[ sql ] [ SQL ] SHOW COLUMNS FROM `gmis_auth_rule` [ RunTime:0.003057s ]
[ sql ] [ SQL ] SELECT `id`,`pid`,`condition`,`icon`,`name`,`title`,`ismenu` FROM `gmis_auth_rule` WHERE  `status` = 'normal' [ RunTime:0.003349s ]
[ sql ] [ SQL ] SELECT `title`,`remark` FROM `gmis_auth_rule` WHERE  `name` = 'dashboard' LIMIT 1 [ RunTime:0.001992s ]
---------------------------------------------------------------
[ 2018-11-27T21:32:21+08:00 ] 127.0.0.1 GET 127.0.0.1/gmis/public/admin/ajax/lang?callback=define&controllername=index&v=1543325532
[运行时间：0.552721s] [吞吐率：1.81req/s] [内存消耗：5,340.16kb] [文件加载：69]
[ info ] [ BEHAVIOR ] Run Closure @app_init [ RunTime:0.000408s ]
[ info ] [ CACHE ] INIT File
[ info ] [ BEHAVIOR ] Run Closure @app_init [ RunTime:0.028131s ]
[ info ] [ LANG ] C:\wamp64\www\gmis\thinkphp\lang\zh-cn.php
[ info ] [ ROUTE ] array (
  'type' => 'module',
  'module' => 
  array (
    0 => 'admin',
    1 => 'ajax',
    2 => 'lang',
  ),
)
[ info ] [ HEADER ] array (
  'host' => '127.0.0.1',
  'connection' => 'keep-alive',
  'user-agent' => 'Mozilla/5.0 (Windows NT 10.0; WOW64) AppleWebKit/537.36 (KHTML, like Gecko) Chrome/66.0.3359.139 Safari/537.36',
  'accept' => '*/*',
  'referer' => 'http://127.0.0.1/gmis/public/admin/index/index',
  'accept-encoding' => 'gzip, deflate, br',
  'accept-language' => 'zh-CN,zh;q=0.9',
  'cookie' => 'PHPSESSID=aar2gm9jbnlvhgjqa6414ck0d4',
)
[ info ] [ PARAM ] array (
  'callback' => 'define',
  'controllername' => 'index',
  'v' => '1543325532',
)
[ info ] [ LANG ] C:\wamp64\www\gmis\public/../application/admin\lang\zh-cn.php
[ info ] [ BEHAVIOR ] Run app\common\behavior\Common @module_init [ RunTime:0.026811s ]
[ info ] [ SESSION ] INIT array (
  'id' => '',
  'var_session_id' => '',
  'prefix' => 'think',
  'type' => '',
  'auto_start' => true,
)
[ info ] [ LANG ] C:\wamp64\www\gmis\public/../application/admin/lang/zh-cn/ajax.php
[ info ] [ RUN ] app\admin\controller\Ajax->lang[ C:\wamp64\www\gmis\application\admin\controller\Ajax.php ]
[ info ] [ LANG ] C:\wamp64\www\gmis\public/../application/admin/lang/zh-cn/index.php
[ info ] [ BEHAVIOR ] Run app\admin\behavior\AdminLog @app_end [ RunTime:0.011322s ]
[ info ] [ LOG ] INIT File
---------------------------------------------------------------
[ 2018-11-27T21:32:22+08:00 ] 127.0.0.1 GET 127.0.0.1/gmis/public/admin/ajax/lang?callback=define&controllername=dashboard&v=1543325536
[运行时间：0.578052s] [吞吐率：1.73req/s] [内存消耗：5,337.72kb] [文件加载：69]
[ info ] [ BEHAVIOR ] Run Closure @app_init [ RunTime:0.000398s ]
[ info ] [ CACHE ] INIT File
[ info ] [ BEHAVIOR ] Run Closure @app_init [ RunTime:0.028821s ]
[ info ] [ LANG ] C:\wamp64\www\gmis\thinkphp\lang\zh-cn.php
[ info ] [ ROUTE ] array (
  'type' => 'module',
  'module' => 
  array (
    0 => 'admin',
    1 => 'ajax',
    2 => 'lang',
  ),
)
[ info ] [ HEADER ] array (
  'host' => '127.0.0.1',
  'connection' => 'keep-alive',
  'user-agent' => 'Mozilla/5.0 (Windows NT 10.0; WOW64) AppleWebKit/537.36 (KHTML, like Gecko) Chrome/66.0.3359.139 Safari/537.36',
  'accept' => '*/*',
  'referer' => 'http://127.0.0.1/gmis/public/admin/dashboard?addtabs=1',
  'accept-encoding' => 'gzip, deflate, br',
  'accept-language' => 'zh-CN,zh;q=0.9',
  'cookie' => 'PHPSESSID=aar2gm9jbnlvhgjqa6414ck0d4',
)
[ info ] [ PARAM ] array (
  'callback' => 'define',
  'controllername' => 'dashboard',
  'v' => '1543325536',
)
[ info ] [ LANG ] C:\wamp64\www\gmis\public/../application/admin\lang\zh-cn.php
[ info ] [ BEHAVIOR ] Run app\common\behavior\Common @module_init [ RunTime:0.022990s ]
[ info ] [ SESSION ] INIT array (
  'id' => '',
  'var_session_id' => '',
  'prefix' => 'think',
  'type' => '',
  'auto_start' => true,
)
[ info ] [ LANG ] C:\wamp64\www\gmis\public/../application/admin/lang/zh-cn/ajax.php
[ info ] [ RUN ] app\admin\controller\Ajax->lang[ C:\wamp64\www\gmis\application\admin\controller\Ajax.php ]
[ info ] [ LANG ] C:\wamp64\www\gmis\public/../application/admin/lang/zh-cn/dashboard.php
[ info ] [ BEHAVIOR ] Run app\admin\behavior\AdminLog @app_end [ RunTime:0.011648s ]
[ info ] [ LOG ] INIT File
---------------------------------------------------------------
[ 2018-11-27T21:34:05+08:00 ] 127.0.0.1 GET 127.0.0.1/gmis/public/admin/addon?addtabs=1
[运行时间：1.210620s] [吞吐率：0.83req/s] [内存消耗：7,277.38kb] [文件加载：84]
[ info ] [ BEHAVIOR ] Run Closure @app_init [ RunTime:0.000209s ]
[ info ] [ CACHE ] INIT File
[ info ] [ BEHAVIOR ] Run Closure @app_init [ RunTime:0.022101s ]
[ info ] [ LANG ] C:\wamp64\www\gmis\thinkphp\lang\zh-cn.php
[ info ] [ ROUTE ] array (
  'type' => 'module',
  'module' => 
  array (
    0 => 'admin',
    1 => 'addon',
    2 => NULL,
  ),
)
[ info ] [ HEADER ] array (
  'host' => '127.0.0.1',
  'connection' => 'keep-alive',
  'upgrade-insecure-requests' => '1',
  'user-agent' => 'Mozilla/5.0 (Windows NT 10.0; WOW64) AppleWebKit/537.36 (KHTML, like Gecko) Chrome/66.0.3359.139 Safari/537.36',
  'accept' => 'text/html,application/xhtml+xml,application/xml;q=0.9,image/webp,image/apng,*/*;q=0.8',
  'referer' => 'http://127.0.0.1/gmis/public/admin/addon?ref=addtabs',
  'accept-encoding' => 'gzip, deflate, br',
  'accept-language' => 'zh-CN,zh;q=0.9',
  'cookie' => 'PHPSESSID=aar2gm9jbnlvhgjqa6414ck0d4',
)
[ info ] [ PARAM ] array (
  'addtabs' => '1',
)
[ info ] [ LANG ] C:\wamp64\www\gmis\public/../application/admin\lang\zh-cn.php
[ info ] [ BEHAVIOR ] Run app\common\behavior\Common @module_init [ RunTime:0.021228s ]
[ info ] [ SESSION ] INIT array (
  'id' => '',
  'var_session_id' => '',
  'prefix' => 'think',
  'type' => '',
  'auto_start' => true,
)
[ info ] [ DB ] INIT mysql
[ info ] [ LANG ] C:\wamp64\www\gmis\public/../application/admin/lang/zh-cn/addon.php
[ info ] [ RUN ] app\admin\controller\Addon->index[ C:\wamp64\www\gmis\application\admin\controller\Addon.php ]
[ info ] [ VIEW ] C:\wamp64\www\gmis\public/../application/admin\view\addon\index.html [ array (
  0 => 'breadcrumb',
  1 => 'site',
  2 => 'config',
  3 => 'auth',
  4 => 'admin',
) ]
[ info ] [ BEHAVIOR ] Run app\admin\behavior\AdminLog @app_end [ RunTime:0.003658s ]
[ info ] [ LOG ] INIT File
[ sql ] [ DB ] CONNECT:[ UseTime:0.011643s ] mysql:host=127.0.0.1;dbname=gmisManage;charset=utf8
[ sql ] [ SQL ] SHOW COLUMNS FROM `gmis_auth_group_access` [ RunTime:0.003543s ]
[ sql ] [ SQL ] SELECT `aga`.`uid`,`aga`.`group_id`,`ag`.`id`,`ag`.`pid`,`ag`.`name`,`ag`.`rules` FROM `gmis_auth_group_access` `aga` LEFT JOIN `gmis_auth_group` `ag` ON `aga`.`group_id`=`ag`.`id` WHERE  (  aga.uid='1' and ag.status='normal' ) [ RunTime:0.002623s ]
[ sql ] [ SQL ] SHOW COLUMNS FROM `gmis_auth_rule` [ RunTime:0.003377s ]
[ sql ] [ SQL ] SELECT `id`,`pid`,`condition`,`icon`,`name`,`title`,`ismenu` FROM `gmis_auth_rule` WHERE  `status` = 'normal' [ RunTime:0.003483s ]
[ sql ] [ SQL ] SELECT `title`,`remark` FROM `gmis_auth_rule` WHERE  `name` = 'addon' LIMIT 1 [ RunTime:0.001913s ]
---------------------------------------------------------------
[ 2018-11-27T21:34:06+08:00 ] 127.0.0.1 GET 127.0.0.1/gmis/public/admin/ajax/lang?callback=define&controllername=addon&v=1543325644
[运行时间：0.432669s] [吞吐率：2.31req/s] [内存消耗：5,344.70kb] [文件加载：69]
[ info ] [ BEHAVIOR ] Run Closure @app_init [ RunTime:0.000243s ]
[ info ] [ CACHE ] INIT File
[ info ] [ BEHAVIOR ] Run Closure @app_init [ RunTime:0.023043s ]
[ info ] [ LANG ] C:\wamp64\www\gmis\thinkphp\lang\zh-cn.php
[ info ] [ ROUTE ] array (
  'type' => 'module',
  'module' => 
  array (
    0 => 'admin',
    1 => 'ajax',
    2 => 'lang',
  ),
)
[ info ] [ HEADER ] array (
  'host' => '127.0.0.1',
  'connection' => 'keep-alive',
  'user-agent' => 'Mozilla/5.0 (Windows NT 10.0; WOW64) AppleWebKit/537.36 (KHTML, like Gecko) Chrome/66.0.3359.139 Safari/537.36',
  'accept' => '*/*',
  'referer' => 'http://127.0.0.1/gmis/public/admin/addon?addtabs=1',
  'accept-encoding' => 'gzip, deflate, br',
  'accept-language' => 'zh-CN,zh;q=0.9',
  'cookie' => 'PHPSESSID=aar2gm9jbnlvhgjqa6414ck0d4',
)
[ info ] [ PARAM ] array (
  'callback' => 'define',
  'controllername' => 'addon',
  'v' => '1543325644',
)
[ info ] [ LANG ] C:\wamp64\www\gmis\public/../application/admin\lang\zh-cn.php
[ info ] [ BEHAVIOR ] Run app\common\behavior\Common @module_init [ RunTime:0.027634s ]
[ info ] [ SESSION ] INIT array (
  'id' => '',
  'var_session_id' => '',
  'prefix' => 'think',
  'type' => '',
  'auto_start' => true,
)
[ info ] [ LANG ] C:\wamp64\www\gmis\public/../application/admin/lang/zh-cn/ajax.php
[ info ] [ RUN ] app\admin\controller\Ajax->lang[ C:\wamp64\www\gmis\application\admin\controller\Ajax.php ]
[ info ] [ LANG ] C:\wamp64\www\gmis\public/../application/admin/lang/zh-cn/addon.php
[ info ] [ BEHAVIOR ] Run app\admin\behavior\AdminLog @app_end [ RunTime:0.006980s ]
[ info ] [ LOG ] INIT File
---------------------------------------------------------------
[ 2018-11-27T22:31:13+08:00 ] 127.0.0.1 GET 127.0.0.1/gmis/public/home/Login.index
[运行时间：0.435346s] [吞吐率：2.30req/s] [内存消耗：3,445.66kb] [文件加载：53]
[ info ] [ BEHAVIOR ] Run Closure @app_init [ RunTime:0.000273s ]
[ info ] [ CACHE ] INIT File
[ info ] [ BEHAVIOR ] Run Closure @app_init [ RunTime:0.022973s ]
[ info ] [ LANG ] C:\wamp64\www\gmis\thinkphp\lang\zh-cn.php
[ info ] [ ROUTE ] array (
  'type' => 'module',
  'module' => 
  array (
    0 => 'home',
    1 => 'Login.index',
    2 => NULL,
  ),
)
[ info ] [ HEADER ] array (
  'host' => '127.0.0.1',
  'connection' => 'keep-alive',
  'upgrade-insecure-requests' => '1',
  'user-agent' => 'Mozilla/5.0 (Windows NT 10.0; WOW64) AppleWebKit/537.36 (KHTML, like Gecko) Chrome/66.0.3359.139 Safari/537.36',
  'accept' => 'text/html,application/xhtml+xml,application/xml;q=0.9,image/webp,image/apng,*/*;q=0.8',
  'accept-encoding' => 'gzip, deflate, br',
  'accept-language' => 'zh-CN,zh;q=0.9',
  'cookie' => 'PHPSESSID=aar2gm9jbnlvhgjqa6414ck0d4',
)
[ info ] [ PARAM ] array (
)
[ info ] [ BEHAVIOR ] Run app\common\behavior\Common @module_init [ RunTime:0.017902s ]
[ info ] [ LOG ] INIT File
---------------------------------------------------------------
[ 2018-11-27T22:31:24+08:00 ] 127.0.0.1 GET 127.0.0.1/gmis/public/home/Login/index
[运行时间：0.452204s] [吞吐率：2.21req/s] [内存消耗：4,116.82kb] [文件加载：59]
[ info ] [ BEHAVIOR ] Run Closure @app_init [ RunTime:0.000269s ]
[ info ] [ CACHE ] INIT File
[ info ] [ BEHAVIOR ] Run Closure @app_init [ RunTime:0.036189s ]
[ info ] [ LANG ] C:\wamp64\www\gmis\thinkphp\lang\zh-cn.php
[ info ] [ ROUTE ] array (
  'type' => 'module',
  'module' => 
  array (
    0 => 'home',
    1 => 'Login',
    2 => 'index',
  ),
)
[ info ] [ HEADER ] array (
  'host' => '127.0.0.1',
  'connection' => 'keep-alive',
  'upgrade-insecure-requests' => '1',
  'user-agent' => 'Mozilla/5.0 (Windows NT 10.0; WOW64) AppleWebKit/537.36 (KHTML, like Gecko) Chrome/66.0.3359.139 Safari/537.36',
  'accept' => 'text/html,application/xhtml+xml,application/xml;q=0.9,image/webp,image/apng,*/*;q=0.8',
  'accept-encoding' => 'gzip, deflate, br',
  'accept-language' => 'zh-CN,zh;q=0.9',
  'cookie' => 'PHPSESSID=aar2gm9jbnlvhgjqa6414ck0d4',
)
[ info ] [ PARAM ] array (
)
[ info ] [ BEHAVIOR ] Run app\common\behavior\Common @module_init [ RunTime:0.024770s ]
[ info ] [ RUN ] app\home\controller\Login->index[ C:\wamp64\www\gmis\application\home\controller\Login.php ]
[ info ] [ VIEW ] C:\wamp64\www\gmis\public/../application/home\view\Login\index.html [ array (
) ]
[ info ] [ LOG ] INIT File
---------------------------------------------------------------
[ 2018-11-27T22:31:37+08:00 ] 127.0.0.1 GET 127.0.0.1/gmis/public/home/Login/index
[运行时间：0.419908s] [吞吐率：2.38req/s] [内存消耗：3,867.94kb] [文件加载：57]
[ info ] [ BEHAVIOR ] Run Closure @app_init [ RunTime:0.000387s ]
[ info ] [ CACHE ] INIT File
[ info ] [ BEHAVIOR ] Run Closure @app_init [ RunTime:0.031690s ]
[ info ] [ LANG ] C:\wamp64\www\gmis\thinkphp\lang\zh-cn.php
[ info ] [ ROUTE ] array (
  'type' => 'module',
  'module' => 
  array (
    0 => 'home',
    1 => 'Login',
    2 => 'index',
  ),
)
[ info ] [ HEADER ] array (
  'host' => '127.0.0.1',
  'connection' => 'keep-alive',
  'cache-control' => 'max-age=0',
  'upgrade-insecure-requests' => '1',
  'user-agent' => 'Mozilla/5.0 (Windows NT 10.0; WOW64) AppleWebKit/537.36 (KHTML, like Gecko) Chrome/66.0.3359.139 Safari/537.36',
  'accept' => 'text/html,application/xhtml+xml,application/xml;q=0.9,image/webp,image/apng,*/*;q=0.8',
  'accept-encoding' => 'gzip, deflate, br',
  'accept-language' => 'zh-CN,zh;q=0.9',
  'cookie' => 'PHPSESSID=aar2gm9jbnlvhgjqa6414ck0d4',
)
[ info ] [ PARAM ] array (
)
[ info ] [ BEHAVIOR ] Run app\common\behavior\Common @module_init [ RunTime:0.028308s ]
[ info ] [ RUN ] app\home\controller\Login->index[ C:\wamp64\www\gmis\application\home\controller\Login.php ]
[ info ] [ VIEW ] C:\wamp64\www\gmis\public/../application/home\view\Login\index.html [ array (
) ]
[ info ] [ LOG ] INIT File
---------------------------------------------------------------
[ 2018-11-27T22:32:00+08:00 ] 127.0.0.1 GET 127.0.0.1/gmis/public/index/Index/nav
[运行时间：0.709254s] [吞吐率：1.41req/s] [内存消耗：3,907.87kb] [文件加载：59]
[ info ] [ BEHAVIOR ] Run Closure @app_init [ RunTime:0.000497s ]
[ info ] [ CACHE ] INIT File
[ info ] [ BEHAVIOR ] Run Closure @app_init [ RunTime:0.043397s ]
[ info ] [ LANG ] C:\wamp64\www\gmis\thinkphp\lang\zh-cn.php
[ info ] [ ROUTE ] array (
  'type' => 'module',
  'module' => 
  array (
    0 => 'index',
    1 => 'Index',
    2 => 'nav',
  ),
)
[ info ] [ HEADER ] array (
  'host' => '127.0.0.1',
  'connection' => 'keep-alive',
  'upgrade-insecure-requests' => '1',
  'user-agent' => 'Mozilla/5.0 (Windows NT 10.0; WOW64) AppleWebKit/537.36 (KHTML, like Gecko) Chrome/66.0.3359.139 Safari/537.36',
  'accept' => 'text/html,application/xhtml+xml,application/xml;q=0.9,image/webp,image/apng,*/*;q=0.8',
  'referer' => 'http://127.0.0.1/gmis/public/index/login/index.html',
  'accept-encoding' => 'gzip, deflate, br',
  'accept-language' => 'zh-CN,zh;q=0.9',
  'cookie' => 'PHPSESSID=aar2gm9jbnlvhgjqa6414ck0d4',
)
[ info ] [ PARAM ] array (
)
[ info ] [ LANG ] C:\wamp64\www\gmis\public/../application/index\lang\zh-cn.php
[ info ] [ BEHAVIOR ] Run app\common\behavior\Common @module_init [ RunTime:0.036447s ]
[ info ] [ SESSION ] INIT array (
  'id' => '',
  'var_session_id' => '',
  'prefix' => 'think',
  'type' => '',
  'auto_start' => true,
)
[ info ] [ RUN ] app\index\controller\Index->nav[ C:\wamp64\www\gmis\application\index\controller\Index.php ]
[ info ] [ VIEW ] C:\wamp64\www\gmis\public/../application/index\view\common\base.html [ array (
) ]
[ info ] [ LOG ] INIT File
---------------------------------------------------------------
[ 2018-11-27T22:32:03+08:00 ] 127.0.0.1 GET 127.0.0.1/gmis/public/index/Teapply/show.html
[运行时间：0.439927s] [吞吐率：2.27req/s] [内存消耗：6,024.44kb] [文件加载：67]
[ info ] [ BEHAVIOR ] Run Closure @app_init [ RunTime:0.000301s ]
[ info ] [ CACHE ] INIT File
[ info ] [ BEHAVIOR ] Run Closure @app_init [ RunTime:0.019160s ]
[ info ] [ LANG ] C:\wamp64\www\gmis\thinkphp\lang\zh-cn.php
[ info ] [ ROUTE ] array (
  'type' => 'module',
  'module' => 
  array (
    0 => 'index',
    1 => 'Teapply',
    2 => 'show',
  ),
)
[ info ] [ HEADER ] array (
  'host' => '127.0.0.1',
  'connection' => 'keep-alive',
  'upgrade-insecure-requests' => '1',
  'user-agent' => 'Mozilla/5.0 (Windows NT 10.0; WOW64) AppleWebKit/537.36 (KHTML, like Gecko) Chrome/66.0.3359.139 Safari/537.36',
  'accept' => 'text/html,application/xhtml+xml,application/xml;q=0.9,image/webp,image/apng,*/*;q=0.8',
  'referer' => 'http://127.0.0.1/gmis/public/index/Index/nav',
  'accept-encoding' => 'gzip, deflate, br',
  'accept-language' => 'zh-CN,zh;q=0.9',
  'cookie' => 'PHPSESSID=aar2gm9jbnlvhgjqa6414ck0d4',
)
[ info ] [ PARAM ] array (
)
[ info ] [ LANG ] C:\wamp64\www\gmis\public/../application/index\lang\zh-cn.php
[ info ] [ BEHAVIOR ] Run app\common\behavior\Common @module_init [ RunTime:0.016475s ]
[ info ] [ SESSION ] INIT array (
  'id' => '',
  'var_session_id' => '',
  'prefix' => 'think',
  'type' => '',
  'auto_start' => true,
)
[ info ] [ RUN ] app\index\controller\Teapply->show[ C:\wamp64\www\gmis\application\index\controller\Teapply.php ]
[ info ] [ DB ] INIT mysql
[ info ] [ VIEW ] C:\wamp64\www\gmis\public/../application/index\view\tapply\teacher.html [ array (
  0 => 'profess',
) ]
[ info ] [ LOG ] INIT File
[ sql ] [ DB ] CONNECT:[ UseTime:0.004575s ] mysql:host=127.0.0.1;dbname=gmisManage;charset=utf8
[ sql ] [ SQL ] SHOW COLUMNS FROM `gmis_profess` [ RunTime:0.003475s ]
[ sql ] [ SQL ] SELECT `id`,`proname` FROM `gmis_profess` WHERE  `status` = '正常' [ RunTime:0.001651s ]
---------------------------------------------------------------
[ 2018-11-27T22:32:04+08:00 ] 127.0.0.1 POST 127.0.0.1/gmis/public/index/Teapply/index
[运行时间：0.432301s] [吞吐率：2.31req/s] [内存消耗：6,053.01kb] [文件加载：67]
[ info ] [ BEHAVIOR ] Run Closure @app_init [ RunTime:0.000451s ]
[ info ] [ CACHE ] INIT File
[ info ] [ BEHAVIOR ] Run Closure @app_init [ RunTime:0.020005s ]
[ info ] [ LANG ] C:\wamp64\www\gmis\thinkphp\lang\zh-cn.php
[ info ] [ ROUTE ] array (
  'type' => 'module',
  'module' => 
  array (
    0 => 'index',
    1 => 'Teapply',
    2 => 'index',
  ),
)
[ info ] [ HEADER ] array (
  'host' => '127.0.0.1',
  'connection' => 'keep-alive',
  'content-length' => '0',
  'accept' => 'application/json, text/javascript, */*; q=0.01',
  'origin' => 'http://127.0.0.1',
  'x-requested-with' => 'XMLHttpRequest',
  'user-agent' => 'Mozilla/5.0 (Windows NT 10.0; WOW64) AppleWebKit/537.36 (KHTML, like Gecko) Chrome/66.0.3359.139 Safari/537.36',
  'referer' => 'http://127.0.0.1/gmis/public/index/Teapply/show.html',
  'accept-encoding' => 'gzip, deflate, br',
  'accept-language' => 'zh-CN,zh;q=0.9',
  'cookie' => 'PHPSESSID=aar2gm9jbnlvhgjqa6414ck0d4',
)
[ info ] [ PARAM ] array (
)
[ info ] [ LANG ] C:\wamp64\www\gmis\public/../application/index\lang\zh-cn.php
[ info ] [ BEHAVIOR ] Run app\common\behavior\Common @module_init [ RunTime:0.017909s ]
[ info ] [ SESSION ] INIT array (
  'id' => '',
  'var_session_id' => '',
  'prefix' => 'think',
  'type' => '',
  'auto_start' => true,
)
[ info ] [ RUN ] app\index\controller\Teapply->index[ C:\wamp64\www\gmis\application\index\controller\Teapply.php ]
[ info ] [ DB ] INIT mysql
[ info ] [ LOG ] INIT File
[ sql ] [ DB ] CONNECT:[ UseTime:0.003786s ] mysql:host=127.0.0.1;dbname=gmisManage;charset=utf8
[ sql ] [ SQL ] SHOW COLUMNS FROM `gmis_teacher` [ RunTime:0.003332s ]
[ sql ] [ SQL ] SELECT `teatitlenum` FROM `gmis_teacher` WHERE  `id` = 7 LIMIT 1 [ RunTime:0.001200s ]
[ sql ] [ SQL ] SHOW COLUMNS FROM `gmis_tapply` [ RunTime:0.003657s ]
[ sql ] [ SQL ] SELECT COUNT(*) AS tp_count FROM `gmis_tapply` WHERE  `teaid` = 7 LIMIT 1 [ RunTime:0.001602s ]
[ sql ] [ SQL ] SELECT `ta`.`id`,`title`,`nature`,`source`,`isnew`,`isprac`,`ta`.`proid`,`proname`,`note`,`ta`.`status`,`stuidcard`,`stuname`,`stuclass`,`stuphone` FROM `gmis_tapply` `ta` LEFT JOIN `gmis_student` `gs` ON `gs`.`id`=`ta`.`stuid` LEFT JOIN `gmis_profess` `gp` ON `gp`.`id`=`ta`.`proid` WHERE  `teaid` = 7  AND `belongsenior` = '2018-2019' [ RunTime:0.002116s ]
---------------------------------------------------------------
[ 2018-11-27T22:32:04+08:00 ] 127.0.0.1 POST 127.0.0.1/gmis/public/index/Reprocess/show
[运行时间：0.352836s] [吞吐率：2.83req/s] [内存消耗：5,921.82kb] [文件加载：66]
[ info ] [ BEHAVIOR ] Run Closure @app_init [ RunTime:0.000344s ]
[ info ] [ CACHE ] INIT File
[ info ] [ BEHAVIOR ] Run Closure @app_init [ RunTime:0.019131s ]
[ info ] [ LANG ] C:\wamp64\www\gmis\thinkphp\lang\zh-cn.php
[ info ] [ ROUTE ] array (
  'type' => 'module',
  'module' => 
  array (
    0 => 'index',
    1 => 'Reprocess',
    2 => 'show',
  ),
)
[ info ] [ HEADER ] array (
  'host' => '127.0.0.1',
  'connection' => 'keep-alive',
  'content-length' => '0',
  'accept' => 'application/json, text/javascript, */*; q=0.01',
  'origin' => 'http://127.0.0.1',
  'x-requested-with' => 'XMLHttpRequest',
  'user-agent' => 'Mozilla/5.0 (Windows NT 10.0; WOW64) AppleWebKit/537.36 (KHTML, like Gecko) Chrome/66.0.3359.139 Safari/537.36',
  'referer' => 'http://127.0.0.1/gmis/public/index/Teapply/show.html',
  'accept-encoding' => 'gzip, deflate, br',
  'accept-language' => 'zh-CN,zh;q=0.9',
  'cookie' => 'PHPSESSID=aar2gm9jbnlvhgjqa6414ck0d4',
)
[ info ] [ PARAM ] array (
)
[ info ] [ LANG ] C:\wamp64\www\gmis\public/../application/index\lang\zh-cn.php
[ info ] [ BEHAVIOR ] Run app\common\behavior\Common @module_init [ RunTime:0.015365s ]
[ info ] [ SESSION ] INIT array (
  'id' => '',
  'var_session_id' => '',
  'prefix' => 'think',
  'type' => '',
  'auto_start' => true,
)
[ info ] [ RUN ] app\index\controller\Reprocess->show[ C:\wamp64\www\gmis\application\index\controller\Reprocess.php ]
[ info ] [ DB ] INIT mysql
[ info ] [ LOG ] INIT File
[ sql ] [ DB ] CONNECT:[ UseTime:0.003094s ] mysql:host=127.0.0.1;dbname=gmisManage;charset=utf8
[ sql ] [ SQL ] SHOW COLUMNS FROM `gmis_process` [ RunTime:0.001965s ]
[ sql ] [ SQL ] SELECT `p`.`id`,`gta`.`title`,`gs`.`stuidcard`,`gs`.`stuname`,`gs`.`stuclass`,`gt`.`starttimer`,`gt`.`middletimer`,`gt`.`replytimer`,`gt`.`replyplace`,`gt`.`note`,`p`.`replyscore` FROM `gmis_process` `p` INNER JOIN `gmis_student` `gs` ON `gs`.`id`=`p`.`stuid` INNER JOIN `gmis_teacher` `gt` ON `gt`.`id`=`p`.`teaid` INNER JOIN `gmis_tapply` `gta` ON `gta`.`id`=`p`.`titleid` WHERE  `p`.`teaid` = 7  AND `p`.`belongsenior` = '2018-2019' [ RunTime:0.001449s ]
---------------------------------------------------------------
[ 2018-11-27T22:32:04+08:00 ] 127.0.0.1 GET 127.0.0.1/gmis/public/admin/addon?ref=addtabs
[运行时间：0.543614s] [吞吐率：1.84req/s] [内存消耗：6,455.52kb] [文件加载：73]
[ info ] [ BEHAVIOR ] Run Closure @app_init [ RunTime:0.000213s ]
[ info ] [ CACHE ] INIT File
[ info ] [ BEHAVIOR ] Run Closure @app_init [ RunTime:0.030388s ]
[ info ] [ LANG ] C:\wamp64\www\gmis\thinkphp\lang\zh-cn.php
[ info ] [ ROUTE ] array (
  'type' => 'module',
  'module' => 
  array (
    0 => 'admin',
    1 => 'addon',
    2 => NULL,
  ),
)
[ info ] [ HEADER ] array (
  'host' => '127.0.0.1',
  'connection' => 'keep-alive',
  'upgrade-insecure-requests' => '1',
  'user-agent' => 'Mozilla/5.0 (Windows NT 10.0; WOW64) AppleWebKit/537.36 (KHTML, like Gecko) Chrome/66.0.3359.139 Safari/537.36',
  'accept' => 'text/html,application/xhtml+xml,application/xml;q=0.9,image/webp,image/apng,*/*;q=0.8',
  'referer' => 'http://127.0.0.1/gmis/public/admin/index/login',
  'accept-encoding' => 'gzip, deflate, br',
  'accept-language' => 'zh-CN,zh;q=0.9',
  'cookie' => 'PHPSESSID=aar2gm9jbnlvhgjqa6414ck0d4',
)
[ info ] [ PARAM ] array (
  'ref' => 'addtabs',
)
[ info ] [ LANG ] C:\wamp64\www\gmis\public/../application/admin\lang\zh-cn.php
[ info ] [ BEHAVIOR ] Run app\common\behavior\Common @module_init [ RunTime:0.018038s ]
[ info ] [ SESSION ] INIT array (
  'id' => '',
  'var_session_id' => '',
  'prefix' => 'think',
  'type' => '',
  'auto_start' => true,
)
[ info ] [ DB ] INIT mysql
[ info ] [ BEHAVIOR ] Run app\admin\behavior\AdminLog @app_end [ RunTime:0.002886s ]
[ info ] [ LOG ] INIT File
[ sql ] [ DB ] CONNECT:[ UseTime:0.002725s ] mysql:host=127.0.0.1;dbname=gmisManage;charset=utf8
[ sql ] [ SQL ] SHOW COLUMNS FROM `gmis_auth_group_access` [ RunTime:0.002393s ]
[ sql ] [ SQL ] SELECT `aga`.`uid`,`aga`.`group_id`,`ag`.`id`,`ag`.`pid`,`ag`.`name`,`ag`.`rules` FROM `gmis_auth_group_access` `aga` LEFT JOIN `gmis_auth_group` `ag` ON `aga`.`group_id`=`ag`.`id` WHERE  (  aga.uid='1' and ag.status='normal' ) [ RunTime:0.001513s ]
[ sql ] [ SQL ] SHOW COLUMNS FROM `gmis_auth_rule` [ RunTime:0.002588s ]
[ sql ] [ SQL ] SELECT `id`,`pid`,`condition`,`icon`,`name`,`title`,`ismenu` FROM `gmis_auth_rule` WHERE  `status` = 'normal' [ RunTime:0.002495s ]
---------------------------------------------------------------
[ 2018-11-27T22:32:07+08:00 ] 127.0.0.1 GET 127.0.0.1/gmis/public/admin/index/index
[运行时间：2.373166s] [吞吐率：0.42req/s] [内存消耗：7,461.88kb] [文件加载：88]
[ info ] [ BEHAVIOR ] Run Closure @app_init [ RunTime:0.000191s ]
[ info ] [ CACHE ] INIT File
[ info ] [ BEHAVIOR ] Run Closure @app_init [ RunTime:0.021164s ]
[ info ] [ LANG ] C:\wamp64\www\gmis\thinkphp\lang\zh-cn.php
[ info ] [ ROUTE ] array (
  'type' => 'module',
  'module' => 
  array (
    0 => 'admin',
    1 => 'index',
    2 => 'index',
  ),
)
[ info ] [ HEADER ] array (
  'host' => '127.0.0.1',
  'connection' => 'keep-alive',
  'upgrade-insecure-requests' => '1',
  'user-agent' => 'Mozilla/5.0 (Windows NT 10.0; WOW64) AppleWebKit/537.36 (KHTML, like Gecko) Chrome/66.0.3359.139 Safari/537.36',
  'accept' => 'text/html,application/xhtml+xml,application/xml;q=0.9,image/webp,image/apng,*/*;q=0.8',
  'referer' => 'http://127.0.0.1/gmis/public/admin/index/login',
  'accept-encoding' => 'gzip, deflate, br',
  'accept-language' => 'zh-CN,zh;q=0.9',
  'cookie' => 'PHPSESSID=aar2gm9jbnlvhgjqa6414ck0d4',
)
[ info ] [ PARAM ] array (
)
[ info ] [ LANG ] C:\wamp64\www\gmis\public/../application/admin\lang\zh-cn.php
[ info ] [ BEHAVIOR ] Run app\common\behavior\Common @module_init [ RunTime:0.014888s ]
[ info ] [ SESSION ] INIT array (
  'id' => '',
  'var_session_id' => '',
  'prefix' => 'think',
  'type' => '',
  'auto_start' => true,
)
[ info ] [ LANG ] C:\wamp64\www\gmis\public/../application/admin/lang/zh-cn/index.php
[ info ] [ RUN ] app\admin\controller\Index->index[ C:\wamp64\www\gmis\application\admin\controller\Index.php ]
[ info ] [ DB ] INIT mysql
[ info ] [ VIEW ] C:\wamp64\www\gmis\public/../application/admin\view\index\index.html [ array (
  0 => 'breadcrumb',
  1 => 'site',
  2 => 'config',
  3 => 'auth',
  4 => 'admin',
  5 => 'menulist',
  6 => 'navlist',
  7 => 'fixedmenu',
  8 => 'referermenu',
  9 => 'title',
) ]
[ info ] [ BEHAVIOR ] Run app\admin\behavior\AdminLog @app_end [ RunTime:0.001728s ]
[ info ] [ LOG ] INIT File
[ sql ] [ DB ] CONNECT:[ UseTime:0.003472s ] mysql:host=127.0.0.1;dbname=gmisManage;charset=utf8
[ sql ] [ SQL ] SHOW COLUMNS FROM `gmis_auth_group_access` [ RunTime:0.002203s ]
[ sql ] [ SQL ] SELECT `aga`.`uid`,`aga`.`group_id`,`ag`.`id`,`ag`.`pid`,`ag`.`name`,`ag`.`rules` FROM `gmis_auth_group_access` `aga` LEFT JOIN `gmis_auth_group` `ag` ON `aga`.`group_id`=`ag`.`id` WHERE  (  aga.uid='1' and ag.status='normal' ) [ RunTime:0.001368s ]
[ sql ] [ SQL ] SHOW COLUMNS FROM `gmis_auth_rule` [ RunTime:0.002307s ]
[ sql ] [ SQL ] SELECT `id`,`pid`,`condition`,`icon`,`name`,`title`,`ismenu` FROM `gmis_auth_rule` WHERE  `status` = 'normal' [ RunTime:0.002252s ]
---------------------------------------------------------------
[ 2018-11-27T22:32:07+08:00 ] 127.0.0.1 POST 127.0.0.1/gmis/public/index/Teapply/showSelectStu
[运行时间：2.406252s] [吞吐率：0.42req/s] [内存消耗：6,022.80kb] [文件加载：66]
[ info ] [ BEHAVIOR ] Run Closure @app_init [ RunTime:0.000215s ]
[ info ] [ CACHE ] INIT File
[ info ] [ BEHAVIOR ] Run Closure @app_init [ RunTime:0.013892s ]
[ info ] [ LANG ] C:\wamp64\www\gmis\thinkphp\lang\zh-cn.php
[ info ] [ ROUTE ] array (
  'type' => 'module',
  'module' => 
  array (
    0 => 'index',
    1 => 'Teapply',
    2 => 'showSelectStu',
  ),
)
[ info ] [ HEADER ] array (
  'host' => '127.0.0.1',
  'connection' => 'keep-alive',
  'content-length' => '0',
  'accept' => 'application/json, text/javascript, */*; q=0.01',
  'origin' => 'http://127.0.0.1',
  'x-requested-with' => 'XMLHttpRequest',
  'user-agent' => 'Mozilla/5.0 (Windows NT 10.0; WOW64) AppleWebKit/537.36 (KHTML, like Gecko) Chrome/66.0.3359.139 Safari/537.36',
  'referer' => 'http://127.0.0.1/gmis/public/index/Teapply/show.html',
  'accept-encoding' => 'gzip, deflate, br',
  'accept-language' => 'zh-CN,zh;q=0.9',
  'cookie' => 'PHPSESSID=aar2gm9jbnlvhgjqa6414ck0d4',
)
[ info ] [ PARAM ] array (
)
[ info ] [ LANG ] C:\wamp64\www\gmis\public/../application/index\lang\zh-cn.php
[ info ] [ BEHAVIOR ] Run app\common\behavior\Common @module_init [ RunTime:0.020875s ]
[ info ] [ SESSION ] INIT array (
  'id' => '',
  'var_session_id' => '',
  'prefix' => 'think',
  'type' => '',
  'auto_start' => true,
)
[ info ] [ RUN ] app\index\controller\Teapply->showSelectStu[ C:\wamp64\www\gmis\application\index\controller\Teapply.php ]
[ info ] [ DB ] INIT mysql
[ info ] [ LOG ] INIT File
[ sql ] [ DB ] CONNECT:[ UseTime:0.012407s ] mysql:host=127.0.0.1;dbname=gmisManage;charset=utf8
[ sql ] [ SQL ] SHOW COLUMNS FROM `gmis_sselect` [ RunTime:0.002270s ]
[ sql ] [ SQL ] SELECT `ss`.`id`,`gt`.`title`,`ss`.`issubmit`,`gs`.`stuidcard`,`stuname`,`stuclass`,`gs`.`stuphone` FROM `gmis_sselect` `ss` LEFT JOIN `gmis_tapply` `gt` ON `gt`.`id`=`ss`.`titleid` LEFT JOIN `gmis_student` `gs` ON `gs`.`id`=`ss`.`stuid` WHERE  `ss`.`teaid` = 7  AND `ss`.`belongSenior` = '2018-2019'  AND `ss`.`issubmit` = 1  AND `ss`.`isallow` = 0  AND `ss`.`status` = '正常' [ RunTime:0.001335s ]
---------------------------------------------------------------
[ 2018-11-27T22:32:07+08:00 ] 127.0.0.1 GET 127.0.0.1/gmis/public/admin/addon?addtabs=1
[运行时间：0.488254s] [吞吐率：2.05req/s] [内存消耗：7,277.34kb] [文件加载：84]
[ info ] [ BEHAVIOR ] Run Closure @app_init [ RunTime:0.000198s ]
[ info ] [ CACHE ] INIT File
[ info ] [ BEHAVIOR ] Run Closure @app_init [ RunTime:0.014123s ]
[ info ] [ LANG ] C:\wamp64\www\gmis\thinkphp\lang\zh-cn.php
[ info ] [ ROUTE ] array (
  'type' => 'module',
  'module' => 
  array (
    0 => 'admin',
    1 => 'addon',
    2 => NULL,
  ),
)
[ info ] [ HEADER ] array (
  'host' => '127.0.0.1',
  'connection' => 'keep-alive',
  'upgrade-insecure-requests' => '1',
  'user-agent' => 'Mozilla/5.0 (Windows NT 10.0; WOW64) AppleWebKit/537.36 (KHTML, like Gecko) Chrome/66.0.3359.139 Safari/537.36',
  'accept' => 'text/html,application/xhtml+xml,application/xml;q=0.9,image/webp,image/apng,*/*;q=0.8',
  'referer' => 'http://127.0.0.1/gmis/public/admin/index/index',
  'accept-encoding' => 'gzip, deflate, br',
  'accept-language' => 'zh-CN,zh;q=0.9',
  'cookie' => 'PHPSESSID=aar2gm9jbnlvhgjqa6414ck0d4',
)
[ info ] [ PARAM ] array (
  'addtabs' => '1',
)
[ info ] [ LANG ] C:\wamp64\www\gmis\public/../application/admin\lang\zh-cn.php
[ info ] [ BEHAVIOR ] Run app\common\behavior\Common @module_init [ RunTime:0.021207s ]
[ info ] [ SESSION ] INIT array (
  'id' => '',
  'var_session_id' => '',
  'prefix' => 'think',
  'type' => '',
  'auto_start' => true,
)
[ info ] [ DB ] INIT mysql
[ info ] [ LANG ] C:\wamp64\www\gmis\public/../application/admin/lang/zh-cn/addon.php
[ info ] [ RUN ] app\admin\controller\Addon->index[ C:\wamp64\www\gmis\application\admin\controller\Addon.php ]
[ info ] [ VIEW ] C:\wamp64\www\gmis\public/../application/admin\view\addon\index.html [ array (
  0 => 'breadcrumb',
  1 => 'site',
  2 => 'config',
  3 => 'auth',
  4 => 'admin',
) ]
[ info ] [ BEHAVIOR ] Run app\admin\behavior\AdminLog @app_end [ RunTime:0.006738s ]
[ info ] [ LOG ] INIT File
[ sql ] [ DB ] CONNECT:[ UseTime:0.003007s ] mysql:host=127.0.0.1;dbname=gmisManage;charset=utf8
[ sql ] [ SQL ] SHOW COLUMNS FROM `gmis_auth_group_access` [ RunTime:0.001944s ]
[ sql ] [ SQL ] SELECT `aga`.`uid`,`aga`.`group_id`,`ag`.`id`,`ag`.`pid`,`ag`.`name`,`ag`.`rules` FROM `gmis_auth_group_access` `aga` LEFT JOIN `gmis_auth_group` `ag` ON `aga`.`group_id`=`ag`.`id` WHERE  (  aga.uid='1' and ag.status='normal' ) [ RunTime:0.001414s ]
[ sql ] [ SQL ] SHOW COLUMNS FROM `gmis_auth_rule` [ RunTime:0.002326s ]
[ sql ] [ SQL ] SELECT `id`,`pid`,`condition`,`icon`,`name`,`title`,`ismenu` FROM `gmis_auth_rule` WHERE  `status` = 'normal' [ RunTime:0.002837s ]
[ sql ] [ SQL ] SELECT `title`,`remark` FROM `gmis_auth_rule` WHERE  `name` = 'addon' LIMIT 1 [ RunTime:0.001171s ]
---------------------------------------------------------------
[ 2018-11-27T22:32:08+08:00 ] 127.0.0.1 GET 127.0.0.1/gmis/public/admin/dashboard?addtabs=1
[运行时间：0.769796s] [吞吐率：1.30req/s] [内存消耗：7,105.67kb] [文件加载：78]
[ info ] [ BEHAVIOR ] Run Closure @app_init [ RunTime:0.000185s ]
[ info ] [ CACHE ] INIT File
[ info ] [ BEHAVIOR ] Run Closure @app_init [ RunTime:0.033091s ]
[ info ] [ LANG ] C:\wamp64\www\gmis\thinkphp\lang\zh-cn.php
[ info ] [ ROUTE ] array (
  'type' => 'module',
  'module' => 
  array (
    0 => 'admin',
    1 => 'dashboard',
    2 => NULL,
  ),
)
[ info ] [ HEADER ] array (
  'host' => '127.0.0.1',
  'connection' => 'keep-alive',
  'upgrade-insecure-requests' => '1',
  'user-agent' => 'Mozilla/5.0 (Windows NT 10.0; WOW64) AppleWebKit/537.36 (KHTML, like Gecko) Chrome/66.0.3359.139 Safari/537.36',
  'accept' => 'text/html,application/xhtml+xml,application/xml;q=0.9,image/webp,image/apng,*/*;q=0.8',
  'referer' => 'http://127.0.0.1/gmis/public/admin/index/index',
  'accept-encoding' => 'gzip, deflate, br',
  'accept-language' => 'zh-CN,zh;q=0.9',
  'cookie' => 'PHPSESSID=aar2gm9jbnlvhgjqa6414ck0d4',
)
[ info ] [ PARAM ] array (
  'addtabs' => '1',
)
[ info ] [ LANG ] C:\wamp64\www\gmis\public/../application/admin\lang\zh-cn.php
[ info ] [ BEHAVIOR ] Run app\common\behavior\Common @module_init [ RunTime:0.013002s ]
[ info ] [ SESSION ] INIT array (
  'id' => '',
  'var_session_id' => '',
  'prefix' => 'think',
  'type' => '',
  'auto_start' => true,
)
[ info ] [ DB ] INIT mysql
[ info ] [ LANG ] C:\wamp64\www\gmis\public/../application/admin/lang/zh-cn/dashboard.php
[ info ] [ RUN ] app\admin\controller\Dashboard->index[ C:\wamp64\www\gmis\application\admin\controller\Dashboard.php ]
[ info ] [ VIEW ] C:\wamp64\www\gmis\public/../application/admin\view\dashboard\index.html [ array (
  0 => 'breadcrumb',
  1 => 'site',
  2 => 'config',
  3 => 'auth',
  4 => 'admin',
  5 => 'totaluser',
  6 => 'totalviews',
  7 => 'totalorder',
  8 => 'totalorderamount',
  9 => 'todayuserlogin',
  10 => 'todayusersignup',
  11 => 'todayorder',
  12 => 'unsettleorder',
  13 => 'sevendnu',
  14 => 'sevendau',
  15 => 'paylist',
  16 => 'createlist',
  17 => 'addonversion',
  18 => 'uploadmode',
) ]
[ info ] [ BEHAVIOR ] Run app\admin\behavior\AdminLog @app_end [ RunTime:0.007238s ]
[ info ] [ LOG ] INIT File
[ sql ] [ DB ] CONNECT:[ UseTime:0.002545s ] mysql:host=127.0.0.1;dbname=gmisManage;charset=utf8
[ sql ] [ SQL ] SHOW COLUMNS FROM `gmis_auth_group_access` [ RunTime:0.002549s ]
[ sql ] [ SQL ] SELECT `aga`.`uid`,`aga`.`group_id`,`ag`.`id`,`ag`.`pid`,`ag`.`name`,`ag`.`rules` FROM `gmis_auth_group_access` `aga` LEFT JOIN `gmis_auth_group` `ag` ON `aga`.`group_id`=`ag`.`id` WHERE  (  aga.uid='1' and ag.status='normal' ) [ RunTime:0.002144s ]
[ sql ] [ SQL ] SHOW COLUMNS FROM `gmis_auth_rule` [ RunTime:0.002434s ]
[ sql ] [ SQL ] SELECT `id`,`pid`,`condition`,`icon`,`name`,`title`,`ismenu` FROM `gmis_auth_rule` WHERE  `status` = 'normal' [ RunTime:0.002317s ]
[ sql ] [ SQL ] SELECT `title`,`remark` FROM `gmis_auth_rule` WHERE  `name` = 'dashboard' LIMIT 1 [ RunTime:0.001704s ]
